Log file open, 05/17/19 08:52:04
LogWindows: Failed to load 'aqProf.dll' (GetLastError=126)
LogWindows: File 'aqProf.dll' does not exist
LogWindows: Failed to load 'VtuneApi.dll' (GetLastError=126)
LogWindows: File 'VtuneApi.dll' does not exist
LogWindows: Failed to load 'VtuneApi32e.dll' (GetLastError=126)
LogWindows: File 'VtuneApi32e.dll' does not exist
LogConsoleResponse: Display: Failed to find resolution value strings in scalability ini. Falling back to default.
LogInit: Display: Running engine for game: InputOutput
LogPakFile: Registered encryption key '00000000000000000000000000000000': 0 pak files mounted, 0 remain pending
LogPlatformFile: Not using cached read wrapper
LogTaskGraph: Started task graph with 5 named threads and 23 total threads with 3 sets of task threads.
LogStats: Stats thread started at 0.403799
LogD3D11RHI: Loaded GFSDK_Aftermath_Lib.x64.dll
LogICUInternationalization: ICU TimeZone Detection - Raw Offset: +1:00, Platform Override: ''
LogPluginManager: Mounting plugin Paper2D
LogPluginManager: Mounting plugin AISupport
LogPluginManager: Mounting plugin LightPropagationVolume
LogPluginManager: Mounting plugin ActorLayerUtilities
LogPluginManager: Mounting plugin AnimationSharing
LogPluginManager: Mounting plugin CLionSourceCodeAccess
LogPluginManager: Mounting plugin CodeLiteSourceCodeAccess
LogPluginManager: Mounting plugin GitSourceControl
LogPluginManager: Mounting plugin KDevelopSourceCodeAccess
LogPluginManager: Mounting plugin NullSourceCodeAccess
LogPluginManager: Mounting plugin PerforceSourceControl
LogPluginManager: Mounting plugin SubversionSourceControl
LogPluginManager: Mounting plugin UObjectPlugin
LogPluginManager: Mounting plugin VisualStudioCodeSourceCodeAccess
LogPluginManager: Mounting plugin VisualStudioSourceCodeAccess
LogPluginManager: Mounting plugin XCodeSourceCodeAccess
LogPluginManager: Mounting plugin AssetManagerEditor
LogPluginManager: Mounting plugin CryptoKeys
LogPluginManager: Mounting plugin DataValidation
LogPluginManager: Mounting plugin FacialAnimation
LogPluginManager: Mounting plugin GameplayTagsEditor
LogPluginManager: Mounting plugin MacGraphicsSwitching
LogPluginManager: Mounting plugin MaterialAnalyzer
LogPluginManager: Mounting plugin MobileLauncherProfileWizard
LogPluginManager: Mounting plugin PluginBrowser
LogPluginManager: Mounting plugin SpeedTreeImporter
LogPluginManager: Mounting plugin DatasmithContent
LogPluginManager: Mounting plugin VariantManagerContent
LogPluginManager: Mounting plugin AlembicImporter
LogPluginManager: Mounting plugin AppleImageUtils
LogPluginManager: Mounting plugin AppleVision
LogPluginManager: Mounting plugin BackChannel
LogPluginManager: Mounting plugin CharacterAI
LogPluginManager: Mounting plugin GeometryCache
LogPluginManager: Mounting plugin HTML5Networking
LogPluginManager: Mounting plugin ProxyLODPlugin
LogPluginManager: Mounting plugin SkeletalReduction
LogPluginManager: Mounting plugin MagicLeap
LogPluginManager: Mounting plugin MagicLeapMedia
LogPluginManager: Mounting plugin AndroidMedia
LogPluginManager: Mounting plugin AvfMedia
LogPluginManager: Mounting plugin ImgMedia
LogPluginManager: Mounting plugin LinearTimecode
LogPluginManager: Mounting plugin MediaCompositing
LogPluginManager: Mounting plugin MediaPlayerEditor
LogPluginManager: Mounting plugin WebMMedia
LogPluginManager: Mounting plugin WmfMedia
LogPluginManager: Mounting plugin TcpMessaging
LogPluginManager: Mounting plugin UdpMessaging
LogPluginManager: Mounting plugin ActorSequence
LogPluginManager: Mounting plugin LevelSequenceEditor
LogPluginManager: Mounting plugin MatineeToLevelSequence
LogPluginManager: Mounting plugin NetcodeUnitTest
LogPluginManager: Mounting plugin NUTUnrealEngine4
LogPluginManager: Mounting plugin OnlineSubsystemGooglePlay
LogPluginManager: Mounting plugin OnlineSubsystemIOS
LogPluginManager: Mounting plugin OnlineSubsystem
LogPluginManager: Mounting plugin OnlineSubsystemNull
LogPluginManager: Mounting plugin OnlineSubsystemUtils
LogPluginManager: Mounting plugin LauncherChunkInstaller
LogPluginManager: Mounting plugin AndroidDeviceProfileSelector
LogPluginManager: Mounting plugin AndroidMoviePlayer
LogPluginManager: Mounting plugin AndroidPermission
LogPluginManager: Mounting plugin AppleMoviePlayer
LogPluginManager: Mounting plugin ArchVisCharacter
LogPluginManager: Mounting plugin AudioCapture
LogPluginManager: Mounting plugin CableComponent
LogPluginManager: Mounting plugin CustomMeshComponent
LogPluginManager: Mounting plugin EditableMesh
LogPluginManager: Mounting plugin ExampleDeviceProfileSelector
LogPluginManager: Mounting plugin Firebase
LogPluginManager: Mounting plugin GoogleCloudMessaging
LogPluginManager: Mounting plugin IOSDeviceProfileSelector
LogPluginManager: Mounting plugin LinuxDeviceProfileSelector
LogPluginManager: Mounting plugin LocationServicesBPLibrary
LogPluginManager: Mounting plugin MobilePatchingUtils
LogPluginManager: Mounting plugin OculusVR
LogPluginManager: Mounting plugin PhysXVehicles
LogPluginManager: Mounting plugin ProceduralMeshComponent
LogPluginManager: Mounting plugin RuntimePhysXCooking
LogPluginManager: Mounting plugin SignificanceManager
LogPluginManager: Mounting plugin SteamVR
LogPluginManager: Mounting plugin WebMMoviePlayer
LogPluginManager: Mounting plugin WindowsMoviePlayer
LogInit: Using libcurl 7.55.1-DEV
LogInit:  - built for x86_64-pc-win32
LogInit:  - supports SSL with OpenSSL/1.1.1
LogInit:  - supports HTTP deflate (compression) using libz 1.2.8
LogInit:  - other features:
LogInit:      CURL_VERSION_SSL
LogInit:      CURL_VERSION_LIBZ
LogInit:      CURL_VERSION_IPV6
LogInit:      CURL_VERSION_ASYNCHDNS
LogInit:      CURL_VERSION_LARGEFILE
LogInit:      CURL_VERSION_IDN
LogInit:  CurlRequestOptions (configurable via config and command line):
LogInit:  - bVerifyPeer = true  - Libcurl will verify peer certificate
LogInit:  - bUseHttpProxy = false  - Libcurl will NOT use HTTP proxy
LogInit:  - bDontReuseConnections = false  - Libcurl will reuse connections
LogInit:  - MaxHostConnections = 16  - Libcurl will limit the number of connections to a host
LogInit:  - LocalHostAddr = Default
LogInit:  - BufferSize = 65536
LogInit: WinSock: version 1.1 (2.2), MaxSocks=32767, MaxUdp=65467
LogInit: Build: ++UE4+Release-4.22-CL-6063286
LogInit: Engine Version: 4.22.1-6063286+++UE4+Release-4.22
LogInit: Compatible Engine Version: 4.22.0-5660361+++UE4+Release-4.22
LogInit: Net CL: 5660361
LogInit: OS: Windows 10 (Release 1803) (), CPU: Intel(R) Core(TM) i7-7700HQ CPU @ 2.80GHz, GPU: Intel(R) HD Graphics 630
LogInit: Compiled (64-bit): Apr 24 2019 04:36:48
LogInit: Compiled with Visual C++: 19.16.27025.01
LogInit: Build Configuration: Development
LogInit: Branch Name: ++UE4+Release-4.22
LogInit: Command Line: 
LogInit: Base Directory: E:/Unreal/UE_4.22/Engine/Binaries/Win64/
LogInit: Installed Engine Build: 1
LogDevObjectVersion: Number of dev versions registered: 23
LogDevObjectVersion:   Dev-Blueprints (B0D832E4-1F89-4F0D-ACCF-7EB736FD4AA2): 10
LogDevObjectVersion:   Dev-Build (E1C64328-A22C-4D53-A36C-8E866417BD8C): 0
LogDevObjectVersion:   Dev-Core (375EC13C-06E4-48FB-B500-84F0262A717E): 3
LogDevObjectVersion:   Dev-Editor (E4B068ED-F494-42E9-A231-DA0B2E46BB41): 30
LogDevObjectVersion:   Dev-Framework (CFFC743F-43B0-4480-9391-14DF171D2073): 35
LogDevObjectVersion:   Dev-Mobile (B02B49B5-BB20-44E9-A304-32B752E40360): 2
LogDevObjectVersion:   Dev-Networking (A4E4105C-59A1-49B5-A7C5-40C4547EDFEE): 0
LogDevObjectVersion:   Dev-Online (39C831C9-5AE6-47DC-9A44-9C173E1C8E7C): 0
LogDevObjectVersion:   Dev-Physics (78F01B33-EBEA-4F98-B9B4-84EACCB95AA2): 0
LogDevObjectVersion:   Dev-Platform (6631380F-2D4D-43E0-8009-CF276956A95A): 0
LogDevObjectVersion:   Dev-Rendering (12F88B9F-8875-4AFC-A67C-D90C383ABD29): 28
LogDevObjectVersion:   Dev-Sequencer (7B5AE74C-D270-4C10-A958-57980B212A5A): 11
LogDevObjectVersion:   Dev-VR (D7296918-1DD6-4BDD-9DE2-64A83CC13884): 2
LogDevObjectVersion:   Dev-LoadTimes (C2A15278-BFE7-4AFE-6C17-90FF531DF755): 1
LogDevObjectVersion:   Private-Geometry (6EACA3D4-40EC-4CC1-B786-8BED09428FC5): 3
LogDevObjectVersion:   Dev-AnimPhys (29E575DD-E0A3-4627-9D10-D276232CDCEA): 17
LogDevObjectVersion:   Dev-Anim (AF43A65D-7FD3-4947-9873-3E8ED9C1BB05): 2
LogDevObjectVersion:   Dev-ReflectionCapture (6B266CEC-1EC7-4B8F-A30B-E4D90942FC07): 1
LogDevObjectVersion:   Dev-Automation (0DF73D61-A23F-47EA-B727-89E90C41499A): 1
LogDevObjectVersion:   FortniteMain (601D1886-AC64-4F84-AA16-D3DE0DEAC7D6): 25
LogDevObjectVersion:   Dev-Enterprise (9DFFBCD6-494F-0158-E221-12823C92A888): 6
LogDevObjectVersion:   Dev-Niagara (F2AED0AC-9AFE-416F-8664-AA7FFA26D6FC): 1
LogDevObjectVersion:   Dev-Destruction (174F1F0B-B4C6-45A5-B13F-2EE8D0FB917D): 2
LogInit: Presizing for max 16777216 objects, including 0 objects not considered by GC, pre-allocating 0 bytes for permanent pool.
LogInit: Object subsystem initialized
LogConfig: Setting CVar [[con.DebugEarlyDefault:1]]
LogConfig: Setting CVar [[r.setres:1280x720]]
[2019.05.17-06.52.05:114][  0]LogConfig: Setting CVar [[r.VSync:0]]
[2019.05.17-06.52.05:114][  0]LogConfig: Setting CVar [[r.RHICmdBypass:0]]
[2019.05.17-06.52.05:114][  0]LogConfig: Applying CVar settings from Section [/Script/Engine.RendererSettings] File [C:/Users/Gebruiker/Documents/GitHub/InOutput/Keuzedeel-Special-Input-Output-2019/Project/InputOutput/Saved/Config/Windows/Engine.ini]
[2019.05.17-06.52.05:114][  0]LogConfig: Setting CVar [[r.GPUCrashDebugging:0]]
[2019.05.17-06.52.05:114][  0]LogConfig: Applying CVar settings from Section [/Script/Engine.RendererOverrideSettings] File [C:/Users/Gebruiker/Documents/GitHub/InOutput/Keuzedeel-Special-Input-Output-2019/Project/InputOutput/Saved/Config/Windows/Engine.ini]
[2019.05.17-06.52.05:114][  0]LogConfig: Applying CVar settings from Section [/Script/Engine.StreamingSettings] File [C:/Users/Gebruiker/Documents/GitHub/InOutput/Keuzedeel-Special-Input-Output-2019/Project/InputOutput/Saved/Config/Windows/Engine.ini]
[2019.05.17-06.52.05:114][  0]LogConfig: Setting CVar [[s.MinBulkDataSizeForAsyncLoading:131072]]
[2019.05.17-06.52.05:114][  0]LogConfig: Setting CVar [[s.AsyncLoadingThreadEnabled:0]]
[2019.05.17-06.52.05:114][  0]LogConfig: Setting CVar [[s.EventDrivenLoaderEnabled:1]]
[2019.05.17-06.52.05:114][  0]LogConfig: Setting CVar [[s.WarnIfTimeLimitExceeded:0]]
[2019.05.17-06.52.05:114][  0]LogConfig: Setting CVar [[s.TimeLimitExceededMultiplier:1.5]]
[2019.05.17-06.52.05:114][  0]LogConfig: Setting CVar [[s.TimeLimitExceededMinTime:0.005]]
[2019.05.17-06.52.05:114][  0]LogConfig: Setting CVar [[s.UseBackgroundLevelStreaming:1]]
[2019.05.17-06.52.05:114][  0]LogConfig: Setting CVar [[s.PriorityAsyncLoadingExtraTime:15.0]]
[2019.05.17-06.52.05:114][  0]LogConfig: Setting CVar [[s.LevelStreamingActorsUpdateTimeLimit:5.0]]
[2019.05.17-06.52.05:114][  0]LogConfig: Setting CVar [[s.PriorityLevelStreamingActorsUpdateExtraTime:5.0]]
[2019.05.17-06.52.05:114][  0]LogConfig: Setting CVar [[s.LevelStreamingComponentsRegistrationGranularity:10]]
[2019.05.17-06.52.05:114][  0]LogConfig: Setting CVar [[s.UnregisterComponentsTimeLimit:1.0]]
[2019.05.17-06.52.05:115][  0]LogConfig: Setting CVar [[s.LevelStreamingComponentsUnregistrationGranularity:5]]
[2019.05.17-06.52.05:115][  0]LogConfig: Applying CVar settings from Section [/Script/Engine.GarbageCollectionSettings] File [C:/Users/Gebruiker/Documents/GitHub/InOutput/Keuzedeel-Special-Input-Output-2019/Project/InputOutput/Saved/Config/Windows/Engine.ini]
[2019.05.17-06.52.05:115][  0]LogConfig: Setting CVar [[gc.MaxObjectsNotConsideredByGC:1]]
[2019.05.17-06.52.05:115][  0]LogConfig: Setting CVar [[gc.SizeOfPermanentObjectPool:0]]
[2019.05.17-06.52.05:115][  0]LogConfig: Setting CVar [[gc.FlushStreamingOnGC:0]]
[2019.05.17-06.52.05:115][  0]LogConfig: Setting CVar [[gc.NumRetriesBeforeForcingGC:10]]
[2019.05.17-06.52.05:115][  0]LogConfig: Setting CVar [[gc.AllowParallelGC:1]]
[2019.05.17-06.52.05:115][  0]LogConfig: Setting CVar [[gc.TimeBetweenPurgingPendingKillObjects:61.1]]
[2019.05.17-06.52.05:115][  0]LogConfig: Setting CVar [[gc.MaxObjectsInEditor:16777216]]
[2019.05.17-06.52.05:115][  0]LogConfig: Setting CVar [[gc.IncrementalBeginDestroyEnabled:1]]
[2019.05.17-06.52.05:115][  0]LogConfig: Setting CVar [[gc.CreateGCClusters:1]]
[2019.05.17-06.52.05:115][  0]LogConfig: Setting CVar [[gc.MinGCClusterSize:5]]
[2019.05.17-06.52.05:115][  0]LogConfig: Setting CVar [[gc.ActorClusteringEnabled:0]]
[2019.05.17-06.52.05:115][  0]LogConfig: Setting CVar [[gc.BlueprintClusteringEnabled:0]]
[2019.05.17-06.52.05:115][  0]LogConfig: Setting CVar [[gc.UseDisregardForGCOnDedicatedServers:0]]
[2019.05.17-06.52.05:115][  0]LogConfig: Applying CVar settings from Section [/Script/Engine.NetworkSettings] File [C:/Users/Gebruiker/Documents/GitHub/InOutput/Keuzedeel-Special-Input-Output-2019/Project/InputOutput/Saved/Config/Windows/Engine.ini]
[2019.05.17-06.52.05:115][  0]LogConfig: Applying CVar settings from Section [/Script/UnrealEd.CookerSettings] File [C:/Users/Gebruiker/Documents/GitHub/InOutput/Keuzedeel-Special-Input-Output-2019/Project/InputOutput/Saved/Config/Windows/Engine.ini]
[2019.05.17-06.52.05:120][  0]LogConfig: Applying CVar settings from Section [ViewDistanceQuality@3] File [C:/Users/Gebruiker/Documents/GitHub/InOutput/Keuzedeel-Special-Input-Output-2019/Project/InputOutput/Saved/Config/Windows/Scalability.ini]
[2019.05.17-06.52.05:120][  0]LogConfig: Setting CVar [[r.SkeletalMeshLODBias:0]]
[2019.05.17-06.52.05:120][  0]LogConfig: Setting CVar [[r.ViewDistanceScale:1.0]]
[2019.05.17-06.52.05:120][  0]LogConfig: Applying CVar settings from Section [AntiAliasingQuality@3] File [C:/Users/Gebruiker/Documents/GitHub/InOutput/Keuzedeel-Special-Input-Output-2019/Project/InputOutput/Saved/Config/Windows/Scalability.ini]
[2019.05.17-06.52.05:120][  0]LogConfig: Setting CVar [[r.PostProcessAAQuality:4]]
[2019.05.17-06.52.05:120][  0]LogConfig: Applying CVar settings from Section [ShadowQuality@3] File [C:/Users/Gebruiker/Documents/GitHub/InOutput/Keuzedeel-Special-Input-Output-2019/Project/InputOutput/Saved/Config/Windows/Scalability.ini]
[2019.05.17-06.52.05:120][  0]LogConfig: Setting CVar [[r.LightFunctionQuality:1]]
[2019.05.17-06.52.05:120][  0]LogConfig: Setting CVar [[r.ShadowQuality:5]]
[2019.05.17-06.52.05:120][  0]LogConfig: Setting CVar [[r.Shadow.CSM.MaxCascades:10]]
[2019.05.17-06.52.05:120][  0]LogConfig: Setting CVar [[r.Shadow.MaxResolution:2048]]
[2019.05.17-06.52.05:120][  0]LogConfig: Setting CVar [[r.Shadow.MaxCSMResolution:2048]]
[2019.05.17-06.52.05:120][  0]LogConfig: Setting CVar [[r.Shadow.RadiusThreshold:0.01]]
[2019.05.17-06.52.05:120][  0]LogConfig: Setting CVar [[r.Shadow.DistanceScale:1.0]]
[2019.05.17-06.52.05:120][  0]LogConfig: Setting CVar [[r.Shadow.CSM.TransitionScale:1.0]]
[2019.05.17-06.52.05:120][  0]LogConfig: Setting CVar [[r.Shadow.PreShadowResolutionFactor:1.0]]
[2019.05.17-06.52.05:120][  0]LogConfig: Setting CVar [[r.DistanceFieldShadowing:1]]
[2019.05.17-06.52.05:120][  0]LogConfig: Setting CVar [[r.DistanceFieldAO:1]]
[2019.05.17-06.52.05:120][  0]LogConfig: Setting CVar [[r.AOQuality:2]]
[2019.05.17-06.52.05:120][  0]LogConfig: Setting CVar [[r.VolumetricFog:1]]
[2019.05.17-06.52.05:120][  0]LogConfig: Setting CVar [[r.VolumetricFog.GridPixelSize:8]]
[2019.05.17-06.52.05:120][  0]LogConfig: Setting CVar [[r.VolumetricFog.GridSizeZ:128]]
[2019.05.17-06.52.05:120][  0]LogConfig: Setting CVar [[r.VolumetricFog.HistoryMissSupersampleCount:4]]
[2019.05.17-06.52.05:120][  0]LogConfig: Setting CVar [[r.LightMaxDrawDistanceScale:1]]
[2019.05.17-06.52.05:120][  0]LogConfig: Setting CVar [[r.CapsuleShadows:1]]
[2019.05.17-06.52.05:120][  0]LogConfig: Applying CVar settings from Section [PostProcessQuality@3] File [C:/Users/Gebruiker/Documents/GitHub/InOutput/Keuzedeel-Special-Input-Output-2019/Project/InputOutput/Saved/Config/Windows/Scalability.ini]
[2019.05.17-06.52.05:120][  0]LogConfig: Setting CVar [[r.MotionBlurQuality:4]]
[2019.05.17-06.52.05:121][  0]LogConfig: Setting CVar [[r.AmbientOcclusionMipLevelFactor:0.4]]
[2019.05.17-06.52.05:121][  0]LogConfig: Setting CVar [[r.AmbientOcclusionMaxQuality:100]]
[2019.05.17-06.52.05:121][  0]LogConfig: Setting CVar [[r.AmbientOcclusionLevels:-1]]
[2019.05.17-06.52.05:121][  0]LogConfig: Setting CVar [[r.AmbientOcclusionRadiusScale:1.0]]
[2019.05.17-06.52.05:121][  0]LogConfig: Setting CVar [[r.DepthOfFieldQuality:2]]
[2019.05.17-06.52.05:121][  0]LogConfig: Setting CVar [[r.RenderTargetPoolMin:400]]
[2019.05.17-06.52.05:121][  0]LogConfig: Setting CVar [[r.LensFlareQuality:2]]
[2019.05.17-06.52.05:121][  0]LogConfig: Setting CVar [[r.SceneColorFringeQuality:1]]
[2019.05.17-06.52.05:121][  0]LogConfig: Setting CVar [[r.EyeAdaptationQuality:2]]
[2019.05.17-06.52.05:121][  0]LogConfig: Setting CVar [[r.BloomQuality:5]]
[2019.05.17-06.52.05:121][  0]LogConfig: Setting CVar [[r.FastBlurThreshold:100]]
[2019.05.17-06.52.05:121][  0]LogConfig: Setting CVar [[r.Upscale.Quality:3]]
[2019.05.17-06.52.05:121][  0]LogConfig: Setting CVar [[r.Tonemapper.GrainQuantization:1]]
[2019.05.17-06.52.05:121][  0]LogConfig: Setting CVar [[r.LightShaftQuality:1]]
[2019.05.17-06.52.05:121][  0]LogConfig: Setting CVar [[r.Filter.SizeScale:1]]
[2019.05.17-06.52.05:121][  0]LogConfig: Setting CVar [[r.Tonemapper.Quality:5]]
[2019.05.17-06.52.05:121][  0]LogConfig: Setting CVar [[r.DOF.Gather.AccumulatorQuality:1        ; higher gathering accumulator quality]]
[2019.05.17-06.52.05:121][  0]LogConfig: Setting CVar [[r.DOF.Gather.PostfilterMethod:1          ; Median3x3 postfilering method]]
[2019.05.17-06.52.05:121][  0]LogConfig: Setting CVar [[r.DOF.Gather.EnableBokehSettings:0       ; no bokeh simulation when gathering]]
[2019.05.17-06.52.05:121][  0]LogConfig: Setting CVar [[r.DOF.Gather.RingCount:4                 ; medium number of samples when gathering]]
[2019.05.17-06.52.05:121][  0]LogConfig: Setting CVar [[r.DOF.Scatter.ForegroundCompositing:1    ; additive foreground scattering]]
[2019.05.17-06.52.05:121][  0]LogConfig: Setting CVar [[r.DOF.Scatter.BackgroundCompositing:2    ; additive background scattering]]
[2019.05.17-06.52.05:121][  0]LogConfig: Setting CVar [[r.DOF.Scatter.EnableBokehSettings:1      ; bokeh simulation when scattering]]
[2019.05.17-06.52.05:121][  0]LogConfig: Setting CVar [[r.DOF.Scatter.MaxSpriteRatio:0.1         ; only a maximum of 10% of scattered bokeh]]
[2019.05.17-06.52.05:121][  0]LogConfig: Setting CVar [[r.DOF.Recombine.Quality:1                ; cheap slight out of focus]]
[2019.05.17-06.52.05:121][  0]LogConfig: Setting CVar [[r.DOF.Recombine.EnableBokehSettings:0    ; no bokeh simulation on slight out of focus]]
[2019.05.17-06.52.05:121][  0]LogConfig: Setting CVar [[r.DOF.TemporalAAQuality:1                ; more stable temporal accumulation]]
[2019.05.17-06.52.05:121][  0]LogConfig: Setting CVar [[r.DOF.Kernel.MaxForegroundRadius:0.025]]
[2019.05.17-06.52.05:121][  0]LogConfig: Setting CVar [[r.DOF.Kernel.MaxBackgroundRadius:0.025]]
[2019.05.17-06.52.05:121][  0]LogConfig: Applying CVar settings from Section [TextureQuality@3] File [C:/Users/Gebruiker/Documents/GitHub/InOutput/Keuzedeel-Special-Input-Output-2019/Project/InputOutput/Saved/Config/Windows/Scalability.ini]
[2019.05.17-06.52.05:121][  0]LogConfig: Setting CVar [[r.Streaming.MipBias:0]]
[2019.05.17-06.52.05:121][  0]LogConfig: Setting CVar [[r.Streaming.AmortizeCPUToGPUCopy:0]]
[2019.05.17-06.52.05:121][  0]LogConfig: Setting CVar [[r.Streaming.MaxNumTexturesToStreamPerFrame:0]]
[2019.05.17-06.52.05:121][  0]LogConfig: Setting CVar [[r.Streaming.Boost:1]]
[2019.05.17-06.52.05:121][  0]LogConfig: Setting CVar [[r.MaxAnisotropy:8]]
[2019.05.17-06.52.05:121][  0]LogConfig: Setting CVar [[r.Streaming.LimitPoolSizeToVRAM:0]]
[2019.05.17-06.52.05:121][  0]LogConfig: Setting CVar [[r.Streaming.PoolSize:1000]]
[2019.05.17-06.52.05:121][  0]LogConfig: Setting CVar [[r.Streaming.MaxEffectiveScreenSize:0]]
[2019.05.17-06.52.05:121][  0]LogConfig: Applying CVar settings from Section [EffectsQuality@3] File [C:/Users/Gebruiker/Documents/GitHub/InOutput/Keuzedeel-Special-Input-Output-2019/Project/InputOutput/Saved/Config/Windows/Scalability.ini]
[2019.05.17-06.52.05:121][  0]LogConfig: Setting CVar [[r.TranslucencyLightingVolumeDim:64]]
[2019.05.17-06.52.05:121][  0]LogConfig: Setting CVar [[r.RefractionQuality:2]]
[2019.05.17-06.52.05:122][  0]LogConfig: Setting CVar [[r.SSR.Quality:3]]
[2019.05.17-06.52.05:122][  0]LogConfig: Setting CVar [[r.SceneColorFormat:4]]
[2019.05.17-06.52.05:122][  0]LogConfig: Setting CVar [[r.DetailMode:2]]
[2019.05.17-06.52.05:122][  0]LogConfig: Setting CVar [[r.TranslucencyVolumeBlur:1]]
[2019.05.17-06.52.05:122][  0]LogConfig: Setting CVar [[r.MaterialQualityLevel:1 ; High quality]]
[2019.05.17-06.52.05:122][  0]LogConfig: Setting CVar [[r.SSS.Scale:1]]
[2019.05.17-06.52.05:122][  0]LogConfig: Setting CVar [[r.SSS.SampleSet:2]]
[2019.05.17-06.52.05:122][  0]LogConfig: Setting CVar [[r.SSS.Quality:1]]
[2019.05.17-06.52.05:122][  0]LogConfig: Setting CVar [[r.SSS.HalfRes:1]]
[2019.05.17-06.52.05:122][  0]LogConfig: Setting CVar [[r.EmitterSpawnRateScale:1.0]]
[2019.05.17-06.52.05:122][  0]LogConfig: Setting CVar [[r.ParticleLightQuality:2]]
[2019.05.17-06.52.05:122][  0]LogConfig: Applying CVar settings from Section [FoliageQuality@3] File [C:/Users/Gebruiker/Documents/GitHub/InOutput/Keuzedeel-Special-Input-Output-2019/Project/InputOutput/Saved/Config/Windows/Scalability.ini]
[2019.05.17-06.52.05:122][  0]LogConfig: Setting CVar [[foliage.DensityScale:1.0]]
[2019.05.17-06.52.05:122][  0]LogConfig: Setting CVar [[grass.DensityScale:1.0]]
[2019.05.17-06.52.05:122][  0]LogInit: Selected Device Profile: [Windows]
[2019.05.17-06.52.05:122][  0]LogInit: Applying CVar settings loaded from the selected device profile: [Windows]
[2019.05.17-06.52.05:155][  0]LogHAL: Display: Platform has ~ 16 GB [17063071744 / 17179869184 / 16], which maps to Larger [LargestMinGB=32, LargerMinGB=12, DefaultMinGB=8, SmallerMinGB=6, SmallestMinGB=0)
[2019.05.17-06.52.05:155][  0]LogConfig: Setting CVar [[r.Vulkan.UseRealUBs:0		; Required until we fix HLR fall-out]]
[2019.05.17-06.52.05:155][  0]LogInit: Going up to parent DeviceProfile []
[2019.05.17-06.52.05:155][  0]LogConfig: Applying CVar settings from Section [ViewDistanceQuality@3] File [C:/Users/Gebruiker/Documents/GitHub/InOutput/Keuzedeel-Special-Input-Output-2019/Project/InputOutput/Saved/Config/Windows/Scalability.ini]
[2019.05.17-06.52.05:155][  0]LogConfig: Setting CVar [[r.SkeletalMeshLODBias:0]]
[2019.05.17-06.52.05:156][  0]LogConfig: Setting CVar [[r.ViewDistanceScale:1.0]]
[2019.05.17-06.52.05:156][  0]LogConfig: Applying CVar settings from Section [AntiAliasingQuality@3] File [C:/Users/Gebruiker/Documents/GitHub/InOutput/Keuzedeel-Special-Input-Output-2019/Project/InputOutput/Saved/Config/Windows/Scalability.ini]
[2019.05.17-06.52.05:156][  0]LogConfig: Setting CVar [[r.PostProcessAAQuality:4]]
[2019.05.17-06.52.05:156][  0]LogConfig: Applying CVar settings from Section [ShadowQuality@3] File [C:/Users/Gebruiker/Documents/GitHub/InOutput/Keuzedeel-Special-Input-Output-2019/Project/InputOutput/Saved/Config/Windows/Scalability.ini]
[2019.05.17-06.52.05:156][  0]LogConfig: Setting CVar [[r.LightFunctionQuality:1]]
[2019.05.17-06.52.05:156][  0]LogConfig: Setting CVar [[r.ShadowQuality:5]]
[2019.05.17-06.52.05:156][  0]LogConfig: Setting CVar [[r.Shadow.CSM.MaxCascades:10]]
[2019.05.17-06.52.05:156][  0]LogConfig: Setting CVar [[r.Shadow.MaxResolution:2048]]
[2019.05.17-06.52.05:156][  0]LogConfig: Setting CVar [[r.Shadow.MaxCSMResolution:2048]]
[2019.05.17-06.52.05:156][  0]LogConfig: Setting CVar [[r.Shadow.RadiusThreshold:0.01]]
[2019.05.17-06.52.05:156][  0]LogConfig: Setting CVar [[r.Shadow.DistanceScale:1.0]]
[2019.05.17-06.52.05:156][  0]LogConfig: Setting CVar [[r.Shadow.CSM.TransitionScale:1.0]]
[2019.05.17-06.52.05:156][  0]LogConfig: Setting CVar [[r.Shadow.PreShadowResolutionFactor:1.0]]
[2019.05.17-06.52.05:156][  0]LogConfig: Setting CVar [[r.DistanceFieldShadowing:1]]
[2019.05.17-06.52.05:156][  0]LogConfig: Setting CVar [[r.DistanceFieldAO:1]]
[2019.05.17-06.52.05:156][  0]LogConfig: Setting CVar [[r.AOQuality:2]]
[2019.05.17-06.52.05:156][  0]LogConfig: Setting CVar [[r.VolumetricFog:1]]
[2019.05.17-06.52.05:156][  0]LogConfig: Setting CVar [[r.VolumetricFog.GridPixelSize:8]]
[2019.05.17-06.52.05:156][  0]LogConfig: Setting CVar [[r.VolumetricFog.GridSizeZ:128]]
[2019.05.17-06.52.05:156][  0]LogConfig: Setting CVar [[r.VolumetricFog.HistoryMissSupersampleCount:4]]
[2019.05.17-06.52.05:156][  0]LogConfig: Setting CVar [[r.LightMaxDrawDistanceScale:1]]
[2019.05.17-06.52.05:157][  0]LogConfig: Setting CVar [[r.CapsuleShadows:1]]
[2019.05.17-06.52.05:157][  0]LogConfig: Applying CVar settings from Section [PostProcessQuality@3] File [C:/Users/Gebruiker/Documents/GitHub/InOutput/Keuzedeel-Special-Input-Output-2019/Project/InputOutput/Saved/Config/Windows/Scalability.ini]
[2019.05.17-06.52.05:157][  0]LogConfig: Setting CVar [[r.MotionBlurQuality:4]]
[2019.05.17-06.52.05:157][  0]LogConfig: Setting CVar [[r.AmbientOcclusionMipLevelFactor:0.4]]
[2019.05.17-06.52.05:157][  0]LogConfig: Setting CVar [[r.AmbientOcclusionMaxQuality:100]]
[2019.05.17-06.52.05:157][  0]LogConfig: Setting CVar [[r.AmbientOcclusionLevels:-1]]
[2019.05.17-06.52.05:157][  0]LogConfig: Setting CVar [[r.AmbientOcclusionRadiusScale:1.0]]
[2019.05.17-06.52.05:157][  0]LogConfig: Setting CVar [[r.DepthOfFieldQuality:2]]
[2019.05.17-06.52.05:157][  0]LogConfig: Setting CVar [[r.RenderTargetPoolMin:400]]
[2019.05.17-06.52.05:157][  0]LogConfig: Setting CVar [[r.LensFlareQuality:2]]
[2019.05.17-06.52.05:157][  0]LogConfig: Setting CVar [[r.SceneColorFringeQuality:1]]
[2019.05.17-06.52.05:157][  0]LogConfig: Setting CVar [[r.EyeAdaptationQuality:2]]
[2019.05.17-06.52.05:157][  0]LogConfig: Setting CVar [[r.BloomQuality:5]]
[2019.05.17-06.52.05:157][  0]LogConfig: Setting CVar [[r.FastBlurThreshold:100]]
[2019.05.17-06.52.05:157][  0]LogConfig: Setting CVar [[r.Upscale.Quality:3]]
[2019.05.17-06.52.05:157][  0]LogConfig: Setting CVar [[r.Tonemapper.GrainQuantization:1]]
[2019.05.17-06.52.05:157][  0]LogConfig: Setting CVar [[r.LightShaftQuality:1]]
[2019.05.17-06.52.05:157][  0]LogConfig: Setting CVar [[r.Filter.SizeScale:1]]
[2019.05.17-06.52.05:157][  0]LogConfig: Setting CVar [[r.Tonemapper.Quality:5]]
[2019.05.17-06.52.05:157][  0]LogConfig: Setting CVar [[r.DOF.Gather.AccumulatorQuality:1        ; higher gathering accumulator quality]]
[2019.05.17-06.52.05:157][  0]LogConfig: Setting CVar [[r.DOF.Gather.PostfilterMethod:1          ; Median3x3 postfilering method]]
[2019.05.17-06.52.05:157][  0]LogConfig: Setting CVar [[r.DOF.Gather.EnableBokehSettings:0       ; no bokeh simulation when gathering]]
[2019.05.17-06.52.05:157][  0]LogConfig: Setting CVar [[r.DOF.Gather.RingCount:4                 ; medium number of samples when gathering]]
[2019.05.17-06.52.05:157][  0]LogConfig: Setting CVar [[r.DOF.Scatter.ForegroundCompositing:1    ; additive foreground scattering]]
[2019.05.17-06.52.05:157][  0]LogConfig: Setting CVar [[r.DOF.Scatter.BackgroundCompositing:2    ; additive background scattering]]
[2019.05.17-06.52.05:158][  0]LogConfig: Setting CVar [[r.DOF.Scatter.EnableBokehSettings:1      ; bokeh simulation when scattering]]
[2019.05.17-06.52.05:158][  0]LogConfig: Setting CVar [[r.DOF.Scatter.MaxSpriteRatio:0.1         ; only a maximum of 10% of scattered bokeh]]
[2019.05.17-06.52.05:158][  0]LogConfig: Setting CVar [[r.DOF.Recombine.Quality:1                ; cheap slight out of focus]]
[2019.05.17-06.52.05:158][  0]LogConfig: Setting CVar [[r.DOF.Recombine.EnableBokehSettings:0    ; no bokeh simulation on slight out of focus]]
[2019.05.17-06.52.05:158][  0]LogConfig: Setting CVar [[r.DOF.TemporalAAQuality:1                ; more stable temporal accumulation]]
[2019.05.17-06.52.05:158][  0]LogConfig: Setting CVar [[r.DOF.Kernel.MaxForegroundRadius:0.025]]
[2019.05.17-06.52.05:158][  0]LogConfig: Setting CVar [[r.DOF.Kernel.MaxBackgroundRadius:0.025]]
[2019.05.17-06.52.05:158][  0]LogConfig: Applying CVar settings from Section [TextureQuality@3] File [C:/Users/Gebruiker/Documents/GitHub/InOutput/Keuzedeel-Special-Input-Output-2019/Project/InputOutput/Saved/Config/Windows/Scalability.ini]
[2019.05.17-06.52.05:158][  0]LogConfig: Setting CVar [[r.Streaming.MipBias:0]]
[2019.05.17-06.52.05:158][  0]LogConfig: Setting CVar [[r.Streaming.AmortizeCPUToGPUCopy:0]]
[2019.05.17-06.52.05:158][  0]LogConfig: Setting CVar [[r.Streaming.MaxNumTexturesToStreamPerFrame:0]]
[2019.05.17-06.52.05:158][  0]LogConfig: Setting CVar [[r.Streaming.Boost:1]]
[2019.05.17-06.52.05:158][  0]LogConfig: Setting CVar [[r.MaxAnisotropy:8]]
[2019.05.17-06.52.05:158][  0]LogConfig: Setting CVar [[r.Streaming.LimitPoolSizeToVRAM:0]]
[2019.05.17-06.52.05:158][  0]LogConfig: Setting CVar [[r.Streaming.PoolSize:1000]]
[2019.05.17-06.52.05:158][  0]LogConfig: Setting CVar [[r.Streaming.MaxEffectiveScreenSize:0]]
[2019.05.17-06.52.05:158][  0]LogConfig: Applying CVar settings from Section [EffectsQuality@3] File [C:/Users/Gebruiker/Documents/GitHub/InOutput/Keuzedeel-Special-Input-Output-2019/Project/InputOutput/Saved/Config/Windows/Scalability.ini]
[2019.05.17-06.52.05:158][  0]LogConfig: Setting CVar [[r.TranslucencyLightingVolumeDim:64]]
[2019.05.17-06.52.05:158][  0]LogConfig: Setting CVar [[r.RefractionQuality:2]]
[2019.05.17-06.52.05:158][  0]LogConfig: Setting CVar [[r.SSR.Quality:3]]
[2019.05.17-06.52.05:158][  0]LogConfig: Setting CVar [[r.SceneColorFormat:4]]
[2019.05.17-06.52.05:158][  0]LogConfig: Setting CVar [[r.DetailMode:2]]
[2019.05.17-06.52.05:158][  0]LogConfig: Setting CVar [[r.TranslucencyVolumeBlur:1]]
[2019.05.17-06.52.05:158][  0]LogConfig: Setting CVar [[r.MaterialQualityLevel:1 ; High quality]]
[2019.05.17-06.52.05:158][  0]LogConfig: Setting CVar [[r.SSS.Scale:1]]
[2019.05.17-06.52.05:158][  0]LogConfig: Setting CVar [[r.SSS.SampleSet:2]]
[2019.05.17-06.52.05:158][  0]LogConfig: Setting CVar [[r.SSS.Quality:1]]
[2019.05.17-06.52.05:158][  0]LogConfig: Setting CVar [[r.SSS.HalfRes:1]]
[2019.05.17-06.52.05:158][  0]LogConfig: Setting CVar [[r.EmitterSpawnRateScale:1.0]]
[2019.05.17-06.52.05:158][  0]LogConfig: Setting CVar [[r.ParticleLightQuality:2]]
[2019.05.17-06.52.05:158][  0]LogConfig: Applying CVar settings from Section [FoliageQuality@3] File [C:/Users/Gebruiker/Documents/GitHub/InOutput/Keuzedeel-Special-Input-Output-2019/Project/InputOutput/Saved/Config/Windows/Scalability.ini]
[2019.05.17-06.52.05:158][  0]LogConfig: Setting CVar [[foliage.DensityScale:1.0]]
[2019.05.17-06.52.05:158][  0]LogConfig: Setting CVar [[grass.DensityScale:1.0]]
[2019.05.17-06.52.05:158][  0]LogConfig: Applying CVar settings from Section [Startup] File [../../../Engine/Config/ConsoleVariables.ini]
[2019.05.17-06.52.05:165][  0]LogConfig: Setting CVar [[net.UseAdaptiveNetUpdateFrequency:0]]
[2019.05.17-06.52.05:165][  0]LogConfig: Setting CVar [[p.chaos.AllowCreatePhysxBodies:1]]
[2019.05.17-06.52.05:165][  0]LogConfig: Applying CVar settings from Section [ConsoleVariables] File [C:/Users/Gebruiker/Documents/GitHub/InOutput/Keuzedeel-Special-Input-Output-2019/Project/InputOutput/Saved/Config/Windows/Engine.ini]
[2019.05.17-06.52.05:166][  0]LogInit: Computer: DESKTOP-0BTH82I
[2019.05.17-06.52.05:166][  0]LogInit: User: Gebruiker
[2019.05.17-06.52.05:166][  0]LogInit: CPU Page size=4096, Cores=4
[2019.05.17-06.52.05:166][  0]LogInit: High frequency timer resolution =2.742194 MHz
[2019.05.17-06.52.05:166][  0]LogMemory: Memory total: Physical=15.9GB (16GB approx)
[2019.05.17-06.52.05:166][  0]LogMemory: Platform Memory Stats for Windows
[2019.05.17-06.52.05:166][  0]LogMemory: Process Physical Memory: 96.36 MB used, 96.36 MB peak
[2019.05.17-06.52.05:166][  0]LogMemory: Process Virtual Memory: 90.62 MB used, 90.62 MB peak
[2019.05.17-06.52.05:166][  0]LogMemory: Physical Memory: 5477.03 MB used,  10795.58 MB free, 16272.61 MB total
[2019.05.17-06.52.05:166][  0]LogMemory: Virtual Memory: 4661.68 MB used,  134213064.00 MB free, 134217728.00 MB total
[2019.05.17-06.52.05:208][  0]LogInit: Using OS detected language (nl-NL).
[2019.05.17-06.52.05:208][  0]LogInit: Using OS detected locale (nl-NL).
[2019.05.17-06.52.05:208][  0]LogTextLocalizationManager: No localization for 'nl-NL' exists, so 'en' will be used for the language.
[2019.05.17-06.52.05:614][  0]LogInit: Setting process to per monitor DPI aware
[2019.05.17-06.52.05:700][  0]LogSlate: New Slate User Created.  User Index 0, Is Virtual User: 0
[2019.05.17-06.52.05:700][  0]LogSlate: Slate User Registered.  User Index 0, Is Virtual User: 0
[2019.05.17-06.52.09:489][  0]LogHMD: Failed to initialize OpenVR with code 110
[2019.05.17-06.52.09:489][  0]LogD3D11RHI: D3D11 adapters:
[2019.05.17-06.52.09:623][  0]LogD3D11RHI:    0. 'NVIDIA GeForce GTX 1050 Ti' (Feature Level 11_0)
[2019.05.17-06.52.09:623][  0]LogD3D11RHI:       4018/0/8136 MB DedicatedVideo/DedicatedSystem/SharedSystem, Outputs:1, VendorId:0x10de
[2019.05.17-06.52.09:644][  0]LogD3D11RHI:    1. 'Intel(R) HD Graphics 630' (Feature Level 11_0)
[2019.05.17-06.52.09:644][  0]LogD3D11RHI:       128/0/8136 MB DedicatedVideo/DedicatedSystem/SharedSystem, Outputs:0, VendorId:0x8086
[2019.05.17-06.52.09:649][  0]LogD3D11RHI:    2. 'Microsoft Basic Render Driver' (Feature Level 11_0)
[2019.05.17-06.52.09:649][  0]LogD3D11RHI:       0/0/8136 MB DedicatedVideo/DedicatedSystem/SharedSystem, Outputs:0, VendorId:0x1414
[2019.05.17-06.52.09:649][  0]LogD3D11RHI: Chosen D3D11 Adapter: 0
[2019.05.17-06.52.09:712][  0]LogD3D11RHI: Creating new Direct3DDevice
[2019.05.17-06.52.09:712][  0]LogD3D11RHI:     GPU DeviceId: 0x1c8c (for the marketing name, search the web for "GPU Device Id")
[2019.05.17-06.52.09:712][  0]LogWindows: EnumDisplayDevices:
[2019.05.17-06.52.09:712][  0]LogWindows:    0. 'Intel(R) HD Graphics 630' (P:1 D:1)
[2019.05.17-06.52.09:713][  0]LogWindows:    1. 'Intel(R) HD Graphics 630' (P:0 D:0)
[2019.05.17-06.52.09:714][  0]LogWindows:    2. 'Intel(R) HD Graphics 630' (P:0 D:0)
[2019.05.17-06.52.09:714][  0]LogWindows:    3. 'NVIDIA GeForce GTX 1050 Ti' (P:0 D:0)
[2019.05.17-06.52.09:715][  0]LogWindows:    4. 'NVIDIA GeForce GTX 1050 Ti' (P:0 D:0)
[2019.05.17-06.52.09:716][  0]LogWindows:    5. 'NVIDIA GeForce GTX 1050 Ti' (P:0 D:0)
[2019.05.17-06.52.09:717][  0]LogWindows:    6. 'NVIDIA GeForce GTX 1050 Ti' (P:0 D:0)
[2019.05.17-06.52.09:717][  0]LogWindows: DebugString: PrimaryIsNotTheChoosenAdapter PrimaryIsNotTheChoosenAdapter PrimaryIsNotTheChoosenAdapter FoundDriverCount:4 
[2019.05.17-06.52.09:717][  0]LogD3D11RHI:     Adapter Name: NVIDIA GeForce GTX 1050 Ti
[2019.05.17-06.52.09:717][  0]LogD3D11RHI:   Driver Version: 419.67 (internal:25.21.14.1967, unified:419.67)
[2019.05.17-06.52.09:717][  0]LogD3D11RHI:      Driver Date: 3-17-2019
[2019.05.17-06.52.09:717][  0]LogRHI: Texture pool is 2812 MB (70% of 4018 MB)
[2019.05.17-06.52.09:814][  0]LogD3D11RHI: Async texture creation enabled
[2019.05.17-06.52.09:821][  0]LogRendererCore: FGlobalReadBuffer::InitRHI
[2019.05.17-06.52.09:822][  0]LogRendererCore: FGlobalReadBuffer::InitRHI
[2019.05.17-06.52.09:822][  0]LogRendererCore: FGlobalReadBuffer::InitRHI
[2019.05.17-06.52.09:834][  0]LogD3D11RHI: GPU Timing Frequency: 1000.000000 (Debug: 2 1)
[2019.05.17-06.52.10:885][  0]LogTemp: Display: Module 'AllDesktopTargetPlatform' loaded TargetPlatform 'AllDesktop'
[2019.05.17-06.52.10:919][  0]LogTemp: Display: Module 'MacClientTargetPlatform' loaded TargetPlatform 'MacClient'
[2019.05.17-06.52.10:950][  0]LogTemp: Display: Module 'MacNoEditorTargetPlatform' loaded TargetPlatform 'MacNoEditor'
[2019.05.17-06.52.10:990][  0]LogTemp: Display: Module 'MacServerTargetPlatform' loaded TargetPlatform 'MacServer'
[2019.05.17-06.52.11:034][  0]LogTemp: Display: Module 'MacTargetPlatform' loaded TargetPlatform 'Mac'
[2019.05.17-06.52.11:070][  0]LogTemp: Display: Module 'WindowsClientTargetPlatform' loaded TargetPlatform 'WindowsClient'
[2019.05.17-06.52.11:100][  0]LogTemp: Display: Module 'WindowsNoEditorTargetPlatform' loaded TargetPlatform 'WindowsNoEditor'
[2019.05.17-06.52.11:136][  0]LogTemp: Display: Module 'WindowsServerTargetPlatform' loaded TargetPlatform 'WindowsServer'
[2019.05.17-06.52.11:155][  0]LogTemp: Display: Module 'WindowsTargetPlatform' loaded TargetPlatform 'Windows'
[2019.05.17-06.52.11:358][  0]LogTemp: Display: Module 'AndroidTargetPlatform' loaded TargetPlatform 'Android'
[2019.05.17-06.52.11:358][  0]LogTemp: Display: Module 'AndroidTargetPlatform' loaded TargetPlatform 'Android_ASTC'
[2019.05.17-06.52.11:358][  0]LogTemp: Display: Module 'AndroidTargetPlatform' loaded TargetPlatform 'Android_ATC'
[2019.05.17-06.52.11:358][  0]LogTemp: Display: Module 'AndroidTargetPlatform' loaded TargetPlatform 'Android_DXT'
[2019.05.17-06.52.11:358][  0]LogTemp: Display: Module 'AndroidTargetPlatform' loaded TargetPlatform 'Android_ETC1'
[2019.05.17-06.52.11:358][  0]LogTemp: Display: Module 'AndroidTargetPlatform' loaded TargetPlatform 'Android_ETC1a'
[2019.05.17-06.52.11:358][  0]LogTemp: Display: Module 'AndroidTargetPlatform' loaded TargetPlatform 'Android_ETC2'
[2019.05.17-06.52.11:358][  0]LogTemp: Display: Module 'AndroidTargetPlatform' loaded TargetPlatform 'Android_PVRTC'
[2019.05.17-06.52.11:359][  0]LogTemp: Display: Module 'AndroidTargetPlatform' loaded TargetPlatform 'AndroidClient'
[2019.05.17-06.52.11:359][  0]LogTemp: Display: Module 'AndroidTargetPlatform' loaded TargetPlatform 'Android_ASTCClient'
[2019.05.17-06.52.11:359][  0]LogTemp: Display: Module 'AndroidTargetPlatform' loaded TargetPlatform 'Android_ATCClient'
[2019.05.17-06.52.11:359][  0]LogTemp: Display: Module 'AndroidTargetPlatform' loaded TargetPlatform 'Android_DXTClient'
[2019.05.17-06.52.11:359][  0]LogTemp: Display: Module 'AndroidTargetPlatform' loaded TargetPlatform 'Android_ETC1Client'
[2019.05.17-06.52.11:359][  0]LogTemp: Display: Module 'AndroidTargetPlatform' loaded TargetPlatform 'Android_ETC1aClient'
[2019.05.17-06.52.11:359][  0]LogTemp: Display: Module 'AndroidTargetPlatform' loaded TargetPlatform 'Android_ETC2Client'
[2019.05.17-06.52.11:359][  0]LogTemp: Display: Module 'AndroidTargetPlatform' loaded TargetPlatform 'Android_PVRTCClient'
[2019.05.17-06.52.11:359][  0]LogTemp: Display: Module 'AndroidTargetPlatform' loaded TargetPlatform 'Android_Multi'
[2019.05.17-06.52.11:359][  0]LogTemp: Display: Module 'AndroidTargetPlatform' loaded TargetPlatform 'Android_MultiClient'
[2019.05.17-06.52.11:362][  0]LogTemp: Display: Module 'HTML5TargetPlatform' loaded TargetPlatform 'HTML5'
[2019.05.17-06.52.11:475][  0]LogTemp: Display: Module 'IOSTargetPlatform' loaded TargetPlatform 'IOSClient'
[2019.05.17-06.52.11:476][  0]LogTemp: Display: Module 'IOSTargetPlatform' loaded TargetPlatform 'IOS'
[2019.05.17-06.52.11:541][  0]LogTemp: Display: Module 'TVOSTargetPlatform' loaded TargetPlatform 'TVOSClient'
[2019.05.17-06.52.11:541][  0]LogTemp: Display: Module 'TVOSTargetPlatform' loaded TargetPlatform 'TVOS'
[2019.05.17-06.52.11:576][  0]LogTemp: Display: Module 'LinuxClientTargetPlatform' loaded TargetPlatform 'LinuxClient'
[2019.05.17-06.52.11:606][  0]LogTemp: Display: Module 'LinuxNoEditorTargetPlatform' loaded TargetPlatform 'LinuxNoEditor'
[2019.05.17-06.52.11:641][  0]LogTemp: Display: Module 'LinuxServerTargetPlatform' loaded TargetPlatform 'LinuxServer'
[2019.05.17-06.52.11:677][  0]LogTemp: Display: Module 'LinuxTargetPlatform' loaded TargetPlatform 'Linux'
[2019.05.17-06.52.11:782][  0]LogTemp: Display: Module 'LuminTargetPlatform' loaded TargetPlatform 'Lumin'
[2019.05.17-06.52.11:782][  0]LogTemp: Display: Module 'LuminTargetPlatform' loaded TargetPlatform 'LuminClient'
[2019.05.17-06.52.11:782][  0]LogTargetPlatformManager: Display: Building Assets For Windows
[2019.05.17-06.52.11:795][  0]LogAudioDebug: Display: Lib vorbis DLL was dynamically loaded.
[2019.05.17-06.52.11:876][  0]LogShaderCompilers: Guid format shader working directory is -51 characters bigger than the processId version (C:/Users/Gebruiker/Documents/GitHub/InOutput/Keuzedeel-Special-Input-Output-2019/Project/InputOutput/Intermediate/Shaders/WorkingDirectory/15492/).
[2019.05.17-06.52.11:877][  0]LogShaderCompilers: Cleaned the shader compiler working directory 'C:/Users/Gebruiker/AppData/Local/Temp/UnrealShaderWorkingDir/9C21F78F4DABF6DDC6DF58B0DBCBEAC3/'.
[2019.05.17-06.52.11:880][  0]LogXGEController: Cleaning working directory: C:/Users/Gebruiker/AppData/Local/Temp/UnrealXGEWorkingDir/
[2019.05.17-06.52.11:880][  0]LogXGEController: Cannot use XGE Controller as Incredibuild is not installed on this machine.
[2019.05.17-06.52.11:880][  0]LogShaderCompilers: Cannot use XGE Shader Compiler as Incredibuild is not installed on this machine.
[2019.05.17-06.52.11:880][  0]LogShaderCompilers: Display: Using Local Shader Compiler.
[2019.05.17-06.52.16:171][  0]LogDerivedDataCache: Display: Max Cache Size: 512 MB
[2019.05.17-06.52.16:306][  0]LogDerivedDataCache: Loaded boot cache 0.13s 71MB C:/Users/Gebruiker/AppData/Local/UnrealEngine/4.22/DerivedDataCache/Boot.ddc.
[2019.05.17-06.52.16:306][  0]LogDerivedDataCache: Display: Loaded Boot cache: C:/Users/Gebruiker/AppData/Local/UnrealEngine/4.22/DerivedDataCache/Boot.ddc
[2019.05.17-06.52.16:306][  0]LogDerivedDataCache: FDerivedDataBackendGraph:  Pak pak cache file C:/Users/Gebruiker/Documents/GitHub/InOutput/Keuzedeel-Special-Input-Output-2019/Project/InputOutput/DerivedDataCache/DDC.ddp not found, will not use a pak cache.
[2019.05.17-06.52.16:306][  0]LogDerivedDataCache: Unable to find inner node Pak for hierarchical cache Hierarchy.
[2019.05.17-06.52.16:307][  0]LogDerivedDataCache: FDerivedDataBackendGraph:  CompressedPak pak cache file C:/Users/Gebruiker/Documents/GitHub/InOutput/Keuzedeel-Special-Input-Output-2019/Project/InputOutput/DerivedDataCache/Compressed.ddp not found, will not use a pak cache.
[2019.05.17-06.52.16:307][  0]LogDerivedDataCache: Unable to find inner node CompressedPak for hierarchical cache Hierarchy.
[2019.05.17-06.52.16:343][  0]LogDerivedDataCache: Display: Pak cache opened for reading ../../../Engine/DerivedDataCache/Compressed.ddp.
[2019.05.17-06.52.16:344][  0]LogDerivedDataCache: FDerivedDataBackendGraph:  EnterprisePak pak cache file ../../../Enterprise/DerivedDataCache/Compressed.ddp not found, will not use a pak cache.
[2019.05.17-06.52.16:344][  0]LogDerivedDataCache: Unable to find inner node EnterprisePak for hierarchical cache Hierarchy.
[2019.05.17-06.52.16:357][  0]LogDerivedDataCache: Using Local data cache path C:/Users/Gebruiker/AppData/Local/UnrealEngine/Common/DerivedDataCache: Writable
[2019.05.17-06.52.16:357][  0]LogDerivedDataCache: Shared data cache path not found in *engine.ini, will not use an Shared cache.
[2019.05.17-06.52.16:357][  0]LogDerivedDataCache: Unable to find inner node Shared for hierarchical cache Hierarchy.
[2019.05.17-06.52.16:415][  0]LogMaterial: Verifying Global Shaders for PCD3D_SM5
[2019.05.17-06.52.16:418][  0]LogSlate: Using FreeType 2.6.0
[2019.05.17-06.52.16:419][  0]LogSlate: SlateFontServices - WITH_FREETYPE: 1, WITH_HARFBUZZ: 1
[2019.05.17-06.52.16:636][  0]LogAssetRegistry: FAssetRegistry took 0.0564 seconds to start up
[2019.05.17-06.52.17:603][  0]LogInit: Selected Device Profile: [Windows]
[2019.05.17-06.52.18:134][  0]LogMeshReduction: Using QuadricMeshReduction for automatic static mesh reduction
[2019.05.17-06.52.18:134][  0]LogMeshReduction: Using SimplygonMeshReduction for automatic skeletal mesh reduction
[2019.05.17-06.52.18:134][  0]LogMeshReduction: Using ProxyLODMeshReduction for automatic mesh merging
[2019.05.17-06.52.18:134][  0]LogMeshReduction: No distributed automatic mesh merging module available
[2019.05.17-06.52.18:134][  0]LogMeshMerging: No distributed automatic mesh merging module available
[2019.05.17-06.52.18:195][  0]LogNetVersion: InputOutput 1.0.0, NetCL: 5660361, EngineNetVer: 10, GameNetVer: 0 (Checksum: 98893009)
[2019.05.17-06.52.20:100][  0]LogPackageLocalizationCache: Processed 10 localized package path(s) for 1 prioritized culture(s) in 0.098241 seconds
[2019.05.17-06.52.20:113][  0]LogUObjectArray: 42205 objects as part of root set at end of initial load.
[2019.05.17-06.52.20:113][  0]LogUObjectAllocator: 7325032 out of 0 bytes used by permanent object pool.
[2019.05.17-06.52.20:113][  0]LogUObjectArray: CloseDisregardForGC: 0/0 objects in disregard for GC pool
[2019.05.17-06.52.25:266][  0]LogTcpMessaging: Initializing TcpMessaging bridge
[2019.05.17-06.52.25:282][  0]LogUdpMessaging: Initializing bridge on interface 0.0.0.0:0 to multicast group 230.0.0.1:6666.
[2019.05.17-06.52.25:443][  0]SourceControl: Source control is disabled
[2019.05.17-06.52.25:443][  0]SourceControl: Source control is disabled
[2019.05.17-06.52.25:447][  0]SourceControl: Source control is disabled
[2019.05.17-06.52.25:449][  0]SourceControl: Source control is disabled
[2019.05.17-06.52.25:587][  0]LogAndroidPermission: UAndroidPermissionCallbackProxy::GetInstance
[2019.05.17-06.52.25:707][  0]LogOcInput: OculusInput pre-init called
[2019.05.17-06.52.27:164][  0]LogEngine: Initializing Engine...
[2019.05.17-06.52.27:166][  0]LogHMD: Failed to initialize OpenVR with code 110
[2019.05.17-06.52.27:168][  0]LogStats: UGameplayTagsManager::InitializeManager -  0.000 s
[2019.05.17-06.52.27:814][  0]LogInit: Initializing FReadOnlyCVARCache
[2019.05.17-06.52.27:836][  0]LogAIModule: Creating AISystem for world Untitled
[2019.05.17-06.52.27:855][  0]LogInit: XAudio2 using 'Luidsprekers (Realtek High Definition Audio)' : 2 channels at 48 kHz using 32 bits per sample (channel mask 0x3)
[2019.05.17-06.52.27:965][  0]LogInit: FAudioDevice initialized.
[2019.05.17-06.52.27:966][  0]LogNetVersion: Set ProjectVersion to 1.0.0.0. Version Checksum will be recalculated on next use.
[2019.05.17-06.52.28:064][  0]LogDerivedDataCache: Saved boot cache 0.10s 71MB C:/Users/Gebruiker/AppData/Local/UnrealEngine/4.22/DerivedDataCache/Boot.ddc.
[2019.05.17-06.52.28:073][  0]LogInit: Texture streaming: Enabled
[2019.05.17-06.52.28:098][  0]LogEngineSessionManager: EngineSessionManager initialized
[2019.05.17-06.52.28:098][  0]LogEngineSessionManager: EngineSessionManager sent abnormal shutdown report. Type=Crashed, SessionId={1BD53DC6-4ED6-1117-46D3-9CBCA46B1AC1}
[2019.05.17-06.52.28:134][  0]LogInit: Transaction tracking system initialized
[2019.05.17-06.52.28:176][  0]BlueprintLog: New page: Editor Load
[2019.05.17-06.52.28:290][  0]LocalizationService: Localization service is disabled
[2019.05.17-06.52.29:231][  0]LogCook: Display: Max memory allowance for cook 16384mb min free memory 0mb
[2019.05.17-06.52.29:231][  0]LogCook: Display: Mobile HDR setting 1
[2019.05.17-06.52.29:323][  0]LogFileCache: Scanning file cache for directory 'C:/Users/Gebruiker/Documents/GitHub/InOutput/Keuzedeel-Special-Input-Output-2019/Project/InputOutput/Content/' took 0.04s
[2019.05.17-06.52.29:718][  0]SourceControl: Source control is disabled
[2019.05.17-06.52.29:724][  0]LightingResults: New page: Lighting Build
[2019.05.17-06.52.29:727][  0]MapCheck: New page: Map Check
[2019.05.17-06.52.29:727][  0]LightingResults: New page: Lighting Build
[2019.05.17-06.52.29:779][  0]LogUObjectHash: Compacting FUObjectHashTables data took   4.23ms
[2019.05.17-06.52.30:796][  0]LogAIModule: Creating AISystem for world ThirdPersonExampleMap
[2019.05.17-06.52.30:840][  0]LogEditorServer: Finished looking for orphan Actors (0.000 secs)
[2019.05.17-06.52.30:897][  0]LogUObjectHash: Compacting FUObjectHashTables data took   3.62ms
[2019.05.17-06.52.30:897][  0]Cmd: MAP CHECKDEP NOCLEARLOG
[2019.05.17-06.52.30:897][  0]MapCheck: Map check complete: 0 Error(s), 0 Warning(s), took 0,253ms to complete.
[2019.05.17-06.52.30:897][  0]LogFileHelpers: Loading map 'ThirdPersonExampleMap' took 1.179
[2019.05.17-06.52.31:096][  0]LogSlate: Updating window title bar state: overlay mode, drag disabled, window buttons hidden, title bar hidden
[2019.05.17-06.52.31:115][  0]LogSlate: Updating window title bar state: overlay mode, drag disabled, window buttons hidden, title bar hidden
[2019.05.17-06.52.31:131][  0]LogSlate: Updating window title bar state: overlay mode, drag disabled, window buttons hidden, title bar hidden
[2019.05.17-06.52.31:146][  0]LogSlate: Updating window title bar state: overlay mode, drag disabled, window buttons hidden, title bar hidden
[2019.05.17-06.52.31:158][  0]LogCollectionManager: Loaded 0 collections in 0.002046 seconds
[2019.05.17-06.52.31:177][  0]LogFileCache: Scanning file cache for directory 'C:/Users/Gebruiker/Documents/GitHub/InOutput/Keuzedeel-Special-Input-Output-2019/Project/InputOutput/Saved/Collections/' took 0.01s
[2019.05.17-06.52.31:177][  0]LogFileCache: Scanning file cache for directory 'C:/Users/Gebruiker/Documents/GitHub/InOutput/Keuzedeel-Special-Input-Output-2019/Project/InputOutput/Content/Developers/Gebruiker/Collections/' took 0.00s
[2019.05.17-06.52.31:177][  0]LogFileCache: Scanning file cache for directory 'C:/Users/Gebruiker/Documents/GitHub/InOutput/Keuzedeel-Special-Input-Output-2019/Project/InputOutput/Content/Collections/' took 0.00s
[2019.05.17-06.52.31:177][  0]LogCollectionManager: Rebuilt the GUID cache for 0 collections in 0.000001 seconds
[2019.05.17-06.52.31:192][  0]LogContentBrowser: Native class hierarchy populated in 0.0150 seconds. Added 2733 classes and 661 folders.
[2019.05.17-06.52.31:200][  0]LogContentBrowser: Native class hierarchy updated for 'WidgetCarousel' in 0.0004 seconds. Added 0 classes and 0 folders.
[2019.05.17-06.52.31:211][  0]LogPakFile: Registered encryption key '00000000000000000000000000000000': 0 pak files mounted, 0 remain pending
[2019.05.17-06.52.31:219][  0]LogPakFile: Registered encryption key '00000000000000000000000000000000': 0 pak files mounted, 0 remain pending
[2019.05.17-06.52.31:258][  0]LogPakFile: Registered encryption key '00000000000000000000000000000000': 0 pak files mounted, 0 remain pending
[2019.05.17-06.52.31:265][  0]LogPakFile: Registered encryption key '00000000000000000000000000000000': 0 pak files mounted, 0 remain pending
[2019.05.17-06.52.31:273][  0]LogPakFile: Registered encryption key '00000000000000000000000000000000': 0 pak files mounted, 0 remain pending
[2019.05.17-06.52.31:281][  0]LogPakFile: Registered encryption key '00000000000000000000000000000000': 0 pak files mounted, 0 remain pending
[2019.05.17-06.52.31:293][  0]LogPakFile: Registered encryption key '00000000000000000000000000000000': 0 pak files mounted, 0 remain pending
[2019.05.17-06.52.31:303][  0]LogPakFile: Registered encryption key '00000000000000000000000000000000': 0 pak files mounted, 0 remain pending
[2019.05.17-06.52.31:315][  0]LogPakFile: Registered encryption key '00000000000000000000000000000000': 0 pak files mounted, 0 remain pending
[2019.05.17-06.52.31:327][  0]LogPakFile: Registered encryption key '00000000000000000000000000000000': 0 pak files mounted, 0 remain pending
[2019.05.17-06.52.31:337][  0]LogPakFile: Registered encryption key '00000000000000000000000000000000': 0 pak files mounted, 0 remain pending
[2019.05.17-06.52.31:348][  0]LogPakFile: Registered encryption key '00000000000000000000000000000000': 0 pak files mounted, 0 remain pending
[2019.05.17-06.52.31:359][  0]LogPakFile: Registered encryption key '00000000000000000000000000000000': 0 pak files mounted, 0 remain pending
[2019.05.17-06.52.31:370][  0]LogPakFile: Registered encryption key '00000000000000000000000000000000': 0 pak files mounted, 0 remain pending
[2019.05.17-06.52.31:379][  0]LogPakFile: Registered encryption key '00000000000000000000000000000000': 0 pak files mounted, 0 remain pending
[2019.05.17-06.52.31:388][  0]LogPakFile: Registered encryption key '00000000000000000000000000000000': 0 pak files mounted, 0 remain pending
[2019.05.17-06.52.31:451][  0]LogPakFile: Registered encryption key '00000000000000000000000000000000': 0 pak files mounted, 0 remain pending
[2019.05.17-06.52.31:459][  0]LogPakFile: Registered encryption key '00000000000000000000000000000000': 0 pak files mounted, 0 remain pending
[2019.05.17-06.52.31:466][  0]LogPakFile: Registered encryption key '00000000000000000000000000000000': 0 pak files mounted, 0 remain pending
[2019.05.17-06.52.31:475][  0]LogPakFile: Registered encryption key '00000000000000000000000000000000': 0 pak files mounted, 0 remain pending
[2019.05.17-06.52.31:482][  0]LogPakFile: Registered encryption key '00000000000000000000000000000000': 0 pak files mounted, 0 remain pending
[2019.05.17-06.52.31:490][  0]LogPakFile: Registered encryption key '00000000000000000000000000000000': 0 pak files mounted, 0 remain pending
[2019.05.17-06.52.31:498][  0]LogPakFile: Registered encryption key '00000000000000000000000000000000': 0 pak files mounted, 0 remain pending
[2019.05.17-06.52.31:506][  0]LogPakFile: Registered encryption key '00000000000000000000000000000000': 0 pak files mounted, 0 remain pending
[2019.05.17-06.52.31:516][  0]LogPakFile: Registered encryption key '00000000000000000000000000000000': 0 pak files mounted, 0 remain pending
[2019.05.17-06.52.31:529][  0]LogPakFile: Registered encryption key '00000000000000000000000000000000': 0 pak files mounted, 0 remain pending
[2019.05.17-06.52.31:777][  0]LogContentBrowser: Native class hierarchy updated for 'AddContentDialog' in 0.0008 seconds. Added 0 classes and 0 folders.
[2019.05.17-06.52.31:933][  0]LogSlate: Took 0.000322 seconds to synchronously load lazily loaded font '../../../Engine/Content/Slate/Fonts/Roboto-Regular.ttf' (155K)
[2019.05.17-06.52.31:943][  0]LogSlate: Took 0.000365 seconds to synchronously load lazily loaded font '../../../Engine/Content/Slate/Fonts/Roboto-Bold.ttf' (160K)
[2019.05.17-06.52.31:959][  0]LogSlate: Took 0.009463 seconds to synchronously load lazily loaded font '../../../Engine/Content/Editor/Slate/Fonts/FontAwesome.ttf' (139K)
[2019.05.17-06.52.32:145][  0]LogRenderer: Reallocating scene render targets to support 904x360 Format 10 NumSamples 1 (Frame:1).
[2019.05.17-06.52.32:396][  0]LogContentBrowser: Native class hierarchy updated for 'HierarchicalLODOutliner' in 0.0006 seconds. Added 0 classes and 0 folders.
[2019.05.17-06.52.32:397][  0]LogLoad: (Engine Initialization) Total time: 32.01 seconds
[2019.05.17-06.52.32:397][  0]LogLoad: (Engine Initialization) Total Blueprint compile time: 0.00 seconds
[2019.05.17-06.52.32:534][  0]LogWindowsTextInputMethodSystem: Display: IME system now deactivated.
[2019.05.17-06.52.32:584][  0]LogContentStreaming: Texture pool size now 1000 MB
[2019.05.17-06.52.32:615][  0]LogSlate: Took 0.000217 seconds to synchronously load lazily loaded font '../../../Engine/Content/Slate/Fonts/Roboto-Light.ttf' (167K)
[2019.05.17-06.52.32:671][  1]LogAssetRegistry: Asset discovery search completed in 16.0587 seconds
[2019.05.17-06.52.32:677][  1]LogCollectionManager: Rebuilt the object cache for 0 collections in 0.000001 seconds (found 0 objects)
[2019.05.17-06.52.32:677][  1]LogCollectionManager: Fixed up redirectors for 0 collections in 0.000124 seconds (updated 0 objects)
[2019.05.17-06.52.33:476][ 25]LogSlate: Took 0.000211 seconds to synchronously load lazily loaded font '../../../Engine/Content/Slate/Fonts/Roboto-Light.ttf' (167K)
[2019.05.17-06.52.44:179][297]LogSlate: FSceneViewport::OnFocusLost() reason 0
[2019.05.17-06.52.50:956][474]LogSlate: FSceneViewport::OnFocusLost() reason 0
[2019.05.17-06.53.04:411][843]LogSlate: FSceneViewport::OnFocusLost() reason 0
[2019.05.17-06.53.35:364][445]LogContentBrowser: Verbose: The majority of assets in the view are of type: Skeleton
[2019.05.17-06.53.58:113][445]LogSlate: Window 'Create Animation Blueprint' being destroyed
[2019.05.17-06.54.07:216][967]LogAssetEditorManager: Opening Asset editor for AnimBlueprint /Game/ModularRPGHeroesPolyart/CharacterBP/PlayerAnims.PlayerAnims
[2019.05.17-06.54.07:245][967]LogContentBrowser: Native class hierarchy updated for 'SkeletonEditor' in 0.0004 seconds. Added 1 classes and 2 folders.
[2019.05.17-06.54.07:599][967]LogActorComponent: RegisterComponentWithWorld: (/Engine/Transient.World_6:PersistentLevel.AnimationEditorPreviewActor_0.DebugSkelMeshComponent_0) Already registered. Aborting.
[2019.05.17-06.54.07:602][967]LogContentBrowser: Native class hierarchy updated for 'PinnedCommandList' in 0.0004 seconds. Added 1 classes and 0 folders.
[2019.05.17-06.54.08:099][967]LogContentBrowser: Native class hierarchy updated for 'BlueprintGraph' in 0.0010 seconds. Added 121 classes and 0 folders.
[2019.05.17-06.54.09:573][967]LogSkeletalMesh: USkeletalMeshComponent::InitArticulated : Bodies already created (/Engine/Transient.World_6:PersistentLevel.AnimationEditorPreviewActor_0.DebugSkelMeshComponent_0) - call TermArticulated first.
[2019.05.17-06.54.10:029][967]LogSlate: Took 0.000311 seconds to synchronously load lazily loaded font '../../../Engine/Content/Slate/Fonts/Roboto-BoldCondensed.ttf' (158K)
[2019.05.17-06.54.10:311][967]LogContentBrowser: Verbose: The majority of assets in the view are of type: AnimSequence
[2019.05.17-06.54.28:217][440]LogD3D11RHI: Timed out while waiting for GPU to catch up. (0.5 s)
[2019.05.17-06.54.28:220][440]LogD3D11RHI: Error: Result failed 
 at D:\Build\++UE4\Sync\Engine\Source\Runtime\Windows\D3D11RHI\Private\D3D11Query.cpp:296 
 with error DXGI_ERROR_DEVICE_REMOVED DXGI_ERROR_DEVICE_HUNG
[2019.05.17-06.54.28:221][440]LogD3D11RHI: [Aftermath] GDynamicRHI=000001E284FE80C0, GDX11NVAfterMathEnabled=0, Result=0xFFFFFFFF, bDeviceActive=0
[2019.05.17-06.54.28:221][440]LogWindows: Windows GetLastError: De bewerking is voltooid. (0)
[2019.05.17-06.54.30:445][440]LogOutputDevice: Warning: 

Script Stack (0 frames):

[2019.05.17-06.54.30:445][440]LogWindows: Windows GetLastError: De bewerking is voltooid. (0)
[2019.05.17-06.54.30:445][440]LogThreadingWindows: Error: Runnable thread RenderThread 3 crashed.
[2019.05.17-06.54.30:445][440]LogWindows: Error: === Critical error: ===
[2019.05.17-06.54.30:445][440]LogWindows: Error: 
[2019.05.17-06.54.30:445][440]LogWindows: Error: Fatal error: [File:D:\Build\++UE4\Sync\Engine\Source\Runtime\RenderCore\Private\RenderingThread.cpp] [Line: 819] 
[2019.05.17-06.54.30:445][440]LogWindows: Error: Rendering thread exception:
[2019.05.17-06.54.30:446][440]LogWindows: Error: Fatal error: [File:D:\Build\++UE4\Sync\Engine\Source\Runtime\Windows\D3D11RHI\Private\D3D11Util.cpp] [Line: 198] 
[2019.05.17-06.54.30:446][440]LogWindows: Error: Unreal Engine is exiting due to D3D device being lost. (Error: 0x887A0006 - 'HUNG')
[2019.05.17-06.54.30:446][440]LogWindows: Error: 
[2019.05.17-06.54.30:446][440]LogWindows: Error: 
[2019.05.17-06.54.30:446][440]LogWindows: Error: Unhandled Exception: 0x00008000
[2019.05.17-06.54.30:446][440]LogWindows: Error: 
[2019.05.17-06.54.30:446][440]LogWindows: Error: [Callstack] 0x00007ff836bea388 KERNELBASE.dll!UnknownFunction []
[2019.05.17-06.54.30:446][440]LogWindows: Error: [Callstack] 0x00007fffee623637 UE4Editor-Core.dll!UnknownFunction []
[2019.05.17-06.54.30:446][440]LogWindows: Error: [Callstack] 0x00007fffee6246b0 UE4Editor-Core.dll!UnknownFunction []
[2019.05.17-06.54.30:446][440]LogWindows: Error: [Callstack] 0x00007fffee437cea UE4Editor-Core.dll!UnknownFunction []
[2019.05.17-06.54.30:446][440]LogWindows: Error: [Callstack] 0x00007fffee3bfe07 UE4Editor-Core.dll!UnknownFunction []
[2019.05.17-06.54.30:446][440]LogWindows: Error: [Callstack] 0x00007fffdefa2a23 UE4Editor-D3D11RHI.dll!UnknownFunction []
[2019.05.17-06.54.30:446][440]LogWindows: Error: [Callstack] 0x00007fffdefa629e UE4Editor-D3D11RHI.dll!UnknownFunction []
[2019.05.17-06.54.30:446][440]LogWindows: Error: [Callstack] 0x00007fffdef81228 UE4Editor-D3D11RHI.dll!UnknownFunction []
[2019.05.17-06.54.30:446][440]LogWindows: Error: [Callstack] 0x00007fffdef948ad UE4Editor-D3D11RHI.dll!UnknownFunction []
[2019.05.17-06.54.30:446][440]LogWindows: Error: [Callstack] 0x00007ff8169ce8e0 UE4Editor-RHI.dll!UnknownFunction []
[2019.05.17-06.54.30:446][440]LogWindows: Error: [Callstack] 0x00007ff8169ce4c4 UE4Editor-RHI.dll!UnknownFunction []
[2019.05.17-06.54.30:446][440]LogWindows: Error: [Callstack] 0x00007ff8169cf444 UE4Editor-RHI.dll!UnknownFunction []
[2019.05.17-06.54.30:446][440]LogWindows: Error: [Callstack] 0x00007ff8169c6bb4 UE4Editor-RHI.dll!UnknownFunction []
[2019.05.17-06.54.30:446][440]LogWindows: Error: [Callstack] 0x00007fffded275ab UE4Editor-SlateRHIRenderer.dll!UnknownFunction []
[2019.05.17-06.54.30:446][440]LogWindows: Error: [Callstack] 0x00007fffded2e130 UE4Editor-SlateRHIRenderer.dll!UnknownFunction []
[2019.05.17-06.54.30:446][440]LogWindows: Error: [Callstack] 0x00007fffee2422d8 UE4Editor-Core.dll!UnknownFunction []
[2019.05.17-06.54.30:446][440]LogWindows: Error: [Callstack] 0x00007fffee242563 UE4Editor-Core.dll!UnknownFunction []
[2019.05.17-06.54.30:446][440]LogWindows: Error: [Callstack] 0x00007ff816c059e1 UE4Editor-RenderCore.dll!UnknownFunction []
[2019.05.17-06.54.30:446][440]LogWindows: Error: [Callstack] 0x00007ff816c0c174 UE4Editor-RenderCore.dll!UnknownFunction []
[2019.05.17-06.54.30:446][440]LogWindows: Error: [Callstack] 0x00007fffee634b0f UE4Editor-Core.dll!UnknownFunction []
[2019.05.17-06.54.30:446][440]LogWindows: Error: [Callstack] 0x00007fffee630877 UE4Editor-Core.dll!UnknownFunction []
[2019.05.17-06.54.30:446][440]LogWindows: Error: [Callstack] 0x00007ff838cf4034 KERNEL32.DLL!UnknownFunction []
[2019.05.17-06.54.30:446][440]LogWindows: Error: [Callstack] 0x00007ff83a513691 ntdll.dll!UnknownFunction []
[2019.05.17-06.54.30:446][440]LogWindows: Error: 
[2019.05.17-06.54.30:447][440]LogWindows: Error: 
[2019.05.17-06.54.30:447][440]LogWindows: Error: 
[2019.05.17-06.54.30:447][440]LogWindows: Error: 
[2019.05.17-06.54.30:447][440]LogWindows: Error: Crash in runnable thread RenderThread 3
[2019.05.17-06.54.30:456][440]LogWindows: Error: HandleError re-entered.
[2019.05.17-06.54.30:458][440]LogWindows: FPlatformMisc::RequestExit(1)
[2019.05.17-06.54.30:468][440]Log file closed, 05/17/19 08:54:30
