Log file open, 06/17/19 17:16:58
LogWindows: Failed to load 'aqProf.dll' (GetLastError=126)
LogWindows: File 'aqProf.dll' does not exist
LogWindows: Failed to load 'VSPerf140.dll' (GetLastError=126)
LogWindows: File 'VSPerf140.dll' does not exist
LogWindows: Failed to load 'VtuneApi.dll' (GetLastError=126)
LogWindows: File 'VtuneApi.dll' does not exist
LogWindows: Failed to load 'VtuneApi32e.dll' (GetLastError=126)
LogWindows: File 'VtuneApi32e.dll' does not exist
LogInit: Display: Running engine for game: Inputoutput
LogPlatformFile: Not using cached read wrapper
LogTaskGraph: Started task graph with 5 named threads and 23 total threads with 3 sets of task threads.
LogStats: Stats thread started at 0.282590
LogD3D11RHI: Loaded GFSDK_Aftermath_Lib.x64.dll
LogICUInternationalization: Display: ICU TimeZone Detection - Raw Offset: +1:00, Platform Override: ''
LogPluginManager: Mounting plugin Paper2D
LogPluginManager: Mounting plugin AISupport
LogPluginManager: Mounting plugin LightPropagationVolume
LogPluginManager: Mounting plugin CLionSourceCodeAccess
LogPluginManager: Mounting plugin CodeLiteSourceCodeAccess
LogPluginManager: Mounting plugin GitSourceControl
LogPluginManager: Mounting plugin KDevelopSourceCodeAccess
LogPluginManager: Mounting plugin NullSourceCodeAccess
LogPluginManager: Mounting plugin PerforceSourceControl
LogPluginManager: Mounting plugin SubversionSourceControl
LogPluginManager: Mounting plugin UObjectPlugin
LogPluginManager: Mounting plugin VisualStudioCodeSourceCodeAccess
LogPluginManager: Mounting plugin VisualStudioSourceCodeAccess
LogPluginManager: Mounting plugin XCodeSourceCodeAccess
LogPluginManager: Mounting plugin AssetManagerEditor
LogPluginManager: Mounting plugin CryptoKeys
LogPluginManager: Mounting plugin DataValidation
LogPluginManager: Mounting plugin FacialAnimation
LogPluginManager: Mounting plugin GameplayTagsEditor
LogPluginManager: Mounting plugin MacGraphicsSwitching
LogPluginManager: Mounting plugin MeshEditor
LogPluginManager: Mounting plugin MobileLauncherProfileWizard
LogPluginManager: Mounting plugin PluginBrowser
LogPluginManager: Mounting plugin SpeedTreeImporter
LogPluginManager: Mounting plugin DatasmithContent
LogPluginManager: Mounting plugin AlembicImporter
LogPluginManager: Mounting plugin AppleImageUtils
LogPluginManager: Mounting plugin AppleVision
LogPluginManager: Mounting plugin BackChannel
LogPluginManager: Mounting plugin CharacterAI
LogPluginManager: Mounting plugin GeometryCache
LogPluginManager: Mounting plugin HTML5Networking
LogPluginManager: Mounting plugin ProxyLODPlugin
LogPluginManager: Mounting plugin MagicLeap
LogPluginManager: Mounting plugin MagicLeapEmulator
LogPluginManager: Mounting plugin MagicLeapMedia
LogPluginManager: Mounting plugin AndroidMedia
LogPluginManager: Mounting plugin AvfMedia
LogPluginManager: Mounting plugin ImgMedia
LogPluginManager: Mounting plugin LinearTimecode
LogPluginManager: Mounting plugin MediaCompositing
LogPluginManager: Mounting plugin MediaPlayerEditor
LogPluginManager: Mounting plugin WmfMedia
LogPluginManager: Mounting plugin TcpMessaging
LogPluginManager: Mounting plugin UdpMessaging
LogPluginManager: Mounting plugin ActorSequence
LogPluginManager: Mounting plugin LevelSequenceEditor
LogPluginManager: Mounting plugin MatineeToLevelSequence
LogPluginManager: Mounting plugin NetcodeUnitTest
LogPluginManager: Mounting plugin NUTUnrealEngine4
LogPluginManager: Mounting plugin OnlineSubsystemGooglePlay
LogPluginManager: Mounting plugin OnlineSubsystemIOS
LogPluginManager: Mounting plugin OnlineSubsystem
LogPluginManager: Mounting plugin OnlineSubsystemNull
LogPluginManager: Mounting plugin OnlineSubsystemUtils
LogPluginManager: Mounting plugin LauncherChunkInstaller
LogPluginManager: Mounting plugin AndroidDeviceProfileSelector
LogPluginManager: Mounting plugin AndroidMoviePlayer
LogPluginManager: Mounting plugin AndroidPermission
LogPluginManager: Mounting plugin AppleMoviePlayer
LogPluginManager: Mounting plugin ArchVisCharacter
LogPluginManager: Mounting plugin AudioCapture
LogPluginManager: Mounting plugin CableComponent
LogPluginManager: Mounting plugin CustomMeshComponent
LogPluginManager: Mounting plugin EditableMesh
LogPluginManager: Mounting plugin ExampleDeviceProfileSelector
LogPluginManager: Mounting plugin GoogleCloudMessaging
LogPluginManager: Mounting plugin ImmediatePhysics
LogPluginManager: Mounting plugin IOSDeviceProfileSelector
LogPluginManager: Mounting plugin LinuxDeviceProfileSelector
LogPluginManager: Mounting plugin LocationServicesBPLibrary
LogPluginManager: Mounting plugin MobilePatchingUtils
LogPluginManager: Mounting plugin OculusVR
LogPluginManager: Plugin shader directory ../../../Engine/Plugins/Runtime/Oculus/OculusVR/Shaders found
LogPluginManager: Mapping shader source directory ../../../Engine/Plugins/Runtime/Oculus/OculusVR/Shaders to virtual directory /Plugin/OculusVR
LogPluginManager: Mounting plugin PhysXVehicles
LogPluginManager: Mounting plugin ProceduralMeshComponent
LogPluginManager: Mounting plugin RuntimePhysXCooking
LogPluginManager: Mounting plugin SteamVR
LogPluginManager: Mounting plugin WindowsMoviePlayer
LogPluginManager: Mounting plugin UE4Duino
LogStreaming: Display: Took  0.120s to configure plugins.
LogInit: Using libcurl 7.55.1-DEV
LogInit:  - built for x86_64-pc-win32
LogInit:  - supports SSL with OpenSSL/1.0.2h
LogInit:  - supports HTTP deflate (compression) using libz 1.2.8
LogInit:  - other features:
LogInit:      CURL_VERSION_SSL
LogInit:      CURL_VERSION_LIBZ
LogInit:      CURL_VERSION_IPV6
LogInit:      CURL_VERSION_ASYNCHDNS
LogInit:      CURL_VERSION_LARGEFILE
LogInit:      CURL_VERSION_IDN
LogInit:  CurlRequestOptions (configurable via config and command line):
LogInit:  - bVerifyPeer = false  - Libcurl will NOT verify peer certificate
LogInit:  - bUseHttpProxy = false  - Libcurl will NOT use HTTP proxy
LogInit:  - bDontReuseConnections = false  - Libcurl will reuse connections
LogInit:  - CertBundlePath = nullptr  - Libcurl will use whatever was configured at build time.
LogInit:  - MaxHostConnections = 16  - Libcurl will limit the number of connections to a host
LogInit:  - LocalHostAddr = Default
LogInit:  - BufferSize = 65536
LogInit: WinSock: version 1.1 (2.2), MaxSocks=32767, MaxUdp=65467
LogInit: Build: ++UE4+Release-4.20-CL-4369336
LogInit: Engine Version: 4.20.3-4369336+++UE4+Release-4.20
LogInit: Compatible Engine Version: 4.20.0-4212847+++UE4+Release-4.20
LogInit: Net CL: 4212847
LogInit: OS: Windows 10 (), CPU: Intel(R) Core(TM) i7-7700HQ CPU @ 2.80GHz, GPU: Intel(R) HD Graphics 630
LogInit: Compiled (64-bit): Sep 17 2018 12:26:19
LogInit: Compiled with Visual C++: 19.13.26129.00
LogInit: Build Configuration: Development
LogInit: Branch Name: ++UE4+Release-4.20
LogInit: Command Line:  
LogInit: Base Directory: E:/Unreal/UE_4.20/Engine/Binaries/Win64/
LogInit: Installed Engine Build: 1
LogDevObjectVersion: Number of dev versions registered: 20
LogDevObjectVersion:   Dev-Blueprints (B0D832E4-1F89-4F0D-ACCF-7EB736FD4AA2): 10
LogDevObjectVersion:   Dev-Build (E1C64328-A22C-4D53-A36C-8E866417BD8C): 0
LogDevObjectVersion:   Dev-Core (375EC13C-06E4-48FB-B500-84F0262A717E): 2
LogDevObjectVersion:   Dev-Editor (E4B068ED-F494-42E9-A231-DA0B2E46BB41): 24
LogDevObjectVersion:   Dev-Framework (CFFC743F-43B0-4480-9391-14DF171D2073): 34
LogDevObjectVersion:   Dev-Mobile (B02B49B5-BB20-44E9-A304-32B752E40360): 2
LogDevObjectVersion:   Dev-Networking (A4E4105C-59A1-49B5-A7C5-40C4547EDFEE): 0
LogDevObjectVersion:   Dev-Online (39C831C9-5AE6-47DC-9A44-9C173E1C8E7C): 0
LogDevObjectVersion:   Dev-Physics (78F01B33-EBEA-4F98-B9B4-84EACCB95AA2): 0
LogDevObjectVersion:   Dev-Platform (6631380F-2D4D-43E0-8009-CF276956A95A): 0
LogDevObjectVersion:   Dev-Rendering (12F88B9F-8875-4AFC-A67C-D90C383ABD29): 26
LogDevObjectVersion:   Dev-Sequencer (7B5AE74C-D270-4C10-A958-57980B212A5A): 9
LogDevObjectVersion:   Dev-VR (D7296918-1DD6-4BDD-9DE2-64A83CC13884): 2
LogDevObjectVersion:   Dev-LoadTimes (C2A15278-BFE7-4AFE-6C17-90FF531DF755): 1
LogDevObjectVersion:   Private-Geometry (6EACA3D4-40EC-4CC1-B786-8BED09428FC5): 3
LogDevObjectVersion:   Dev-AnimPhys (29E575DD-E0A3-4627-9D10-D276232CDCEA): 17
LogDevObjectVersion:   Dev-ReflectionCapture (6B266CEC-1EC7-4B8F-A30B-E4D90942FC07): 1
LogDevObjectVersion:   Dev-Automation (0DF73D61-A23F-47EA-B727-89E90C41499A): 1
LogDevObjectVersion:   FortniteMain (601D1886-AC64-4F84-AA16-D3DE0DEAC7D6): 12
LogDevObjectVersion:   Dev-Enterprise (9DFFBCD6-494F-0158-E221-12823C92A888): 1
LogStreaming: Display: Took  0.001s to delete old logs.
LogInit: Presizing for max 8388607 objects, including 0 objects not considered by GC, pre-allocating 0 bytes for permanent pool.
LogInit: Object subsystem initialized
[2019.06.17-15.16.58:378][  0]LogInit: Selected Device Profile: [Windows]
[2019.06.17-15.16.58:378][  0]LogInit: Applying CVar settings loaded from the selected device profile: [Windows]
[2019.06.17-15.16.58:394][  0]LogHAL: Display: Platform has ~ 16 GB [17063071744 / 17179869184 / 16], which maps to Larger [LargestMinGB=32, LargerMinGB=12, DefaultMinGB=8, SmallerMinGB=6, SmallestMinGB=0)
[2019.06.17-15.16.58:395][  0]LogInit: Setting Device Profile CVar: [[r.Vulkan.UseRealUBs:1]]
[2019.06.17-15.16.58:395][  0]LogInit: Going up to parent DeviceProfile []
[2019.06.17-15.16.58:395][  0]LogInit: Computer: DESKTOP-0BTH82I
[2019.06.17-15.16.58:395][  0]LogInit: User: Gebruiker
[2019.06.17-15.16.58:395][  0]LogInit: CPU Page size=4096, Cores=4
[2019.06.17-15.16.58:395][  0]LogInit: High frequency timer resolution =2.742190 MHz
[2019.06.17-15.16.58:395][  0]LogMemory: Memory total: Physical=15.9GB (16GB approx)
[2019.06.17-15.16.58:395][  0]LogMemory: Platform Memory Stats for Windows
[2019.06.17-15.16.58:395][  0]LogMemory: Process Physical Memory: 99.88 MB used, 99.88 MB peak
[2019.06.17-15.16.58:395][  0]LogMemory: Process Virtual Memory: 90.99 MB used, 90.99 MB peak
[2019.06.17-15.16.58:395][  0]LogMemory: Physical Memory: 5069.58 MB used,  11203.03 MB free, 16272.61 MB total
[2019.06.17-15.16.58:396][  0]LogMemory: Virtual Memory: 4645.22 MB used,  11203.03 MB free, 134217728.00 MB total
[2019.06.17-15.16.58:420][  0]LogInit: Using OS detected language (nl-NL).
[2019.06.17-15.16.58:420][  0]LogInit: Using OS detected locale (nl-NL).
[2019.06.17-15.16.58:421][  0]LogTextLocalizationManager: No localization for 'nl-NL' exists, so 'en' will be used for the language.
[2019.06.17-15.16.58:821][  0]LogStreaming: Display: Took  0.401s to InitEngineTextLocalization.
[2019.06.17-15.16.58:822][  0]LogInit: Setting process to per monitor DPI aware
[2019.06.17-15.16.58:856][  0]LogSlate: New Slate User Created.  User Index 0, Is Virtual User: 0
[2019.06.17-15.16.58:856][  0]LogSlate: Slate User Registered.  User Index 0, Is Virtual User: 0
[2019.06.17-15.16.59:066][  0]LogHMD: Failed to initialize OpenVR with code 110
[2019.06.17-15.16.59:066][  0]LogD3D11RHI: D3D11 adapters:
[2019.06.17-15.16.59:135][  0]LogD3D11RHI:    0. 'NVIDIA GeForce GTX 1050 Ti' (Feature Level 11_0)
[2019.06.17-15.16.59:135][  0]LogD3D11RHI:       4018/0/8136 MB DedicatedVideo/DedicatedSystem/SharedSystem, Outputs:1, VendorId:0x10de
[2019.06.17-15.16.59:145][  0]LogD3D11RHI:    1. 'Intel(R) HD Graphics 630' (Feature Level 11_0)
[2019.06.17-15.16.59:145][  0]LogD3D11RHI:       128/0/8136 MB DedicatedVideo/DedicatedSystem/SharedSystem, Outputs:0, VendorId:0x8086
[2019.06.17-15.16.59:147][  0]LogD3D11RHI:    2. 'Microsoft Basic Render Driver' (Feature Level 11_0)
[2019.06.17-15.16.59:147][  0]LogD3D11RHI:       0/0/8136 MB DedicatedVideo/DedicatedSystem/SharedSystem, Outputs:0, VendorId:0x1414
[2019.06.17-15.16.59:147][  0]LogD3D11RHI: Chosen D3D11 Adapter: 0
[2019.06.17-15.16.59:173][  0]LogD3D11RHI: Creating new Direct3DDevice
[2019.06.17-15.16.59:173][  0]LogD3D11RHI:     GPU DeviceId: 0x1c8c (for the marketing name, search the web for "GPU Device Id")
[2019.06.17-15.16.59:173][  0]LogWindows: EnumDisplayDevices:
[2019.06.17-15.16.59:174][  0]LogWindows:    0. 'Intel(R) HD Graphics 630' (P:1 D:1)
[2019.06.17-15.16.59:174][  0]LogWindows:    1. 'Intel(R) HD Graphics 630' (P:0 D:0)
[2019.06.17-15.16.59:174][  0]LogWindows:    2. 'Intel(R) HD Graphics 630' (P:0 D:0)
[2019.06.17-15.16.59:174][  0]LogWindows:    3. 'NVIDIA GeForce GTX 1050 Ti' (P:0 D:0)
[2019.06.17-15.16.59:175][  0]LogWindows:    4. 'NVIDIA GeForce GTX 1050 Ti' (P:0 D:0)
[2019.06.17-15.16.59:175][  0]LogWindows:    5. 'NVIDIA GeForce GTX 1050 Ti' (P:0 D:0)
[2019.06.17-15.16.59:175][  0]LogWindows:    6. 'NVIDIA GeForce GTX 1050 Ti' (P:0 D:0)
[2019.06.17-15.16.59:175][  0]LogWindows: DebugString: PrimaryIsNotTheChoosenAdapter PrimaryIsNotTheChoosenAdapter PrimaryIsNotTheChoosenAdapter FoundDriverCount:4 
[2019.06.17-15.16.59:175][  0]LogD3D11RHI:     Adapter Name: NVIDIA GeForce GTX 1050 Ti
[2019.06.17-15.16.59:175][  0]LogD3D11RHI:   Driver Version: 419.67 (internal:25.21.14.1967, unified:419.67)
[2019.06.17-15.16.59:175][  0]LogD3D11RHI:      Driver Date: 3-17-2019
[2019.06.17-15.16.59:175][  0]LogRHI: Texture pool is 2812 MB (70% of 4018 MB)
[2019.06.17-15.16.59:221][  0]LogD3D11RHI: Async texture creation enabled
[2019.06.17-15.16.59:232][  0]LogD3D11RHI: GPU Timing Frequency: 1000.000000 (Debug: 2 1)
[2019.06.17-15.16.59:233][  0]LogShaderCompilers: Guid format shader working directory is -62 characters bigger than the processId version (C:/Users/Gebruiker/Documents/GitHub/InOutput/Keuzedeel-Special-Input-Output-2019/Project/InputOutput/Inputoutput/Intermediate/Shaders/WorkingDirectory/1268/).
[2019.06.17-15.16.59:233][  0]LogShaderCompilers: Cleaned the shader compiler working directory 'C:/Users/Gebruiker/AppData/Local/Temp/UnrealShaderWorkingDir/DC1CAE404CFE73656A5869BC46E8944C/'.
[2019.06.17-15.16.59:541][  0]LogTemp: Display: Loaded TP AllDesktopTargetPlatform
[2019.06.17-15.16.59:557][  0]LogTemp: Display: Loaded TP MacClientTargetPlatform
[2019.06.17-15.16.59:574][  0]LogTemp: Display: Loaded TP MacNoEditorTargetPlatform
[2019.06.17-15.16.59:589][  0]LogTemp: Display: Loaded TP MacServerTargetPlatform
[2019.06.17-15.16.59:603][  0]LogTemp: Display: Loaded TP MacTargetPlatform
[2019.06.17-15.16.59:616][  0]LogTemp: Display: Loaded TP WindowsClientTargetPlatform
[2019.06.17-15.16.59:631][  0]LogTemp: Display: Loaded TP WindowsNoEditorTargetPlatform
[2019.06.17-15.16.59:644][  0]LogTemp: Display: Loaded TP WindowsServerTargetPlatform
[2019.06.17-15.16.59:650][  0]LogTemp: Display: Loaded TP WindowsTargetPlatform
[2019.06.17-15.16.59:741][  0]LogTemp: Display: Loaded TP AndroidTargetPlatform
[2019.06.17-15.16.59:741][  0]LogTemp: Display: Loaded TP AndroidTargetPlatform
[2019.06.17-15.16.59:741][  0]LogTemp: Display: Loaded TP AndroidTargetPlatform
[2019.06.17-15.16.59:741][  0]LogTemp: Display: Loaded TP AndroidTargetPlatform
[2019.06.17-15.16.59:741][  0]LogTemp: Display: Loaded TP AndroidTargetPlatform
[2019.06.17-15.16.59:741][  0]LogTemp: Display: Loaded TP AndroidTargetPlatform
[2019.06.17-15.16.59:741][  0]LogTemp: Display: Loaded TP AndroidTargetPlatform
[2019.06.17-15.16.59:741][  0]LogTemp: Display: Loaded TP AndroidTargetPlatform
[2019.06.17-15.16.59:741][  0]LogTemp: Display: Loaded TP AndroidTargetPlatform
[2019.06.17-15.16.59:741][  0]LogTemp: Display: Loaded TP AndroidTargetPlatform
[2019.06.17-15.16.59:741][  0]LogTemp: Display: Loaded TP AndroidTargetPlatform
[2019.06.17-15.16.59:741][  0]LogTemp: Display: Loaded TP AndroidTargetPlatform
[2019.06.17-15.16.59:741][  0]LogTemp: Display: Loaded TP AndroidTargetPlatform
[2019.06.17-15.16.59:741][  0]LogTemp: Display: Loaded TP AndroidTargetPlatform
[2019.06.17-15.16.59:741][  0]LogTemp: Display: Loaded TP AndroidTargetPlatform
[2019.06.17-15.16.59:741][  0]LogTemp: Display: Loaded TP AndroidTargetPlatform
[2019.06.17-15.16.59:742][  0]LogTemp: Display: Loaded TP AndroidTargetPlatform
[2019.06.17-15.16.59:742][  0]LogTemp: Display: Loaded TP AndroidTargetPlatform
[2019.06.17-15.16.59:743][  0]LogTemp: Display: Loaded TP HTML5TargetPlatform
[2019.06.17-15.16.59:802][  0]LogTemp: Display: Loaded TP IOSTargetPlatform
[2019.06.17-15.16.59:802][  0]LogTemp: Display: Loaded TP IOSTargetPlatform
[2019.06.17-15.16.59:825][  0]LogTemp: Display: Loaded TP TVOSTargetPlatform
[2019.06.17-15.16.59:825][  0]LogTemp: Display: Loaded TP TVOSTargetPlatform
[2019.06.17-15.16.59:837][  0]LogTemp: Display: Loaded TP LinuxClientTargetPlatform
[2019.06.17-15.16.59:849][  0]LogTemp: Display: Loaded TP LinuxNoEditorTargetPlatform
[2019.06.17-15.16.59:861][  0]LogTemp: Display: Loaded TP LinuxServerTargetPlatform
[2019.06.17-15.16.59:875][  0]LogTemp: Display: Loaded TP LinuxTargetPlatform
[2019.06.17-15.16.59:883][  0]LogTemp: Display: Loaded TP LuminTargetPlatform
[2019.06.17-15.16.59:883][  0]LogTargetPlatformManager: Display: Building Assets For Windows
[2019.06.17-15.16.59:929][  0]LogXGEController: Cleaning working directory: C:/Users/Gebruiker/AppData/Local/Temp/UnrealXGEWorkingDir/
[2019.06.17-15.16.59:929][  0]LogXGEController: Cannot use XGE Controller as Incredibuild is not installed on this machine.
[2019.06.17-15.16.59:929][  0]LogShaderCompilers: Cannot use XGE Shader Compiler as Incredibuild is not installed on this machine.
[2019.06.17-15.16.59:929][  0]LogShaderCompilers: Display: Using Local Shader Compiler.
[2019.06.17-15.17.00:789][  0]LogDerivedDataCache: Display: Max Cache Size: 512 MB
[2019.06.17-15.17.00:852][  0]LogDerivedDataCache: Loaded boot cache 0.06s 71MB C:/Users/Gebruiker/AppData/Local/UnrealEngine/4.20/DerivedDataCache/Boot.ddc.
[2019.06.17-15.17.00:859][  0]LogDerivedDataCache: Display: Loaded Boot cache: C:/Users/Gebruiker/AppData/Local/UnrealEngine/4.20/DerivedDataCache/Boot.ddc
[2019.06.17-15.17.00:859][  0]LogDerivedDataCache: FDerivedDataBackendGraph:  Pak pak cache file C:/Users/Gebruiker/Documents/GitHub/InOutput/Keuzedeel-Special-Input-Output-2019/Project/InputOutput/Inputoutput/DerivedDataCache/DDC.ddp not found, will not use a pak cache.
[2019.06.17-15.17.00:859][  0]LogDerivedDataCache: Unable to find inner node Pak for hierarchical cache Hierarchy.
[2019.06.17-15.17.00:859][  0]LogDerivedDataCache: FDerivedDataBackendGraph:  CompressedPak pak cache file C:/Users/Gebruiker/Documents/GitHub/InOutput/Keuzedeel-Special-Input-Output-2019/Project/InputOutput/Inputoutput/DerivedDataCache/Compressed.ddp not found, will not use a pak cache.
[2019.06.17-15.17.00:859][  0]LogDerivedDataCache: Unable to find inner node CompressedPak for hierarchical cache Hierarchy.
[2019.06.17-15.17.00:877][  0]LogDerivedDataCache: Display: Pak cache opened for reading ../../../Engine/DerivedDataCache/Compressed.ddp.
[2019.06.17-15.17.00:890][  0]LogDerivedDataCache: Using Local data cache path C:/Users/Gebruiker/AppData/Local/UnrealEngine/Common/DerivedDataCache: Writable
[2019.06.17-15.17.00:890][  0]LogDerivedDataCache: Shared data cache path not found in *engine.ini, will not use an Shared cache.
[2019.06.17-15.17.00:890][  0]LogDerivedDataCache: Unable to find inner node Shared for hierarchical cache Hierarchy.
[2019.06.17-15.17.00:908][  0]LogMaterial: Verifying Global Shaders for PCD3D_SM5
[2019.06.17-15.17.00:909][  0]LogSlate: Using FreeType 2.6.0
[2019.06.17-15.17.00:910][  0]LogSlate: SlateFontServices - WITH_FREETYPE: 1, WITH_HARFBUZZ: 1
[2019.06.17-15.17.00:985][  0]LogAssetRegistry: FAssetRegistry took 0.0266 seconds to start up
[2019.06.17-15.17.01:346][  0]LogInit: Selected Device Profile: [Windows]
[2019.06.17-15.17.01:480][  0]LogSimplygon: Simplygon DLL not present - disabling.
[2019.06.17-15.17.01:483][  0]LogMeshReduction: Using SimplygonSwarm for distributed automatic mesh merging
[2019.06.17-15.17.01:483][  0]LogMeshReduction: Using ProxyLODMeshReduction for automatic mesh merging
[2019.06.17-15.17.01:483][  0]LogMeshReduction: Using QuadricMeshReduction for automatic static mesh reduction
[2019.06.17-15.17.01:483][  0]LogMeshReduction: No automatic skeletal mesh reduction module available
[2019.06.17-15.17.01:504][  0]LogNetVersion: Inputoutput 1.0.0, NetCL: 4212847, EngineNetVer: 5, GameNetVer: 0 (Checksum: 1927922815)
[2019.06.17-15.17.02:011][  0]LogPackageLocalizationCache: Processed 11 localized package path(s) for 1 prioritized culture(s) in 0.061569 seconds
[2019.06.17-15.17.02:017][  0]LogUObjectArray: 38425 objects as part of root set at end of initial load.
[2019.06.17-15.17.02:017][  0]LogUObjectAllocator: 6690872 out of 0 bytes used by permanent object pool.
[2019.06.17-15.17.02:017][  0]LogUObjectArray: CloseDisregardForGC: 0/0 objects in disregard for GC pool
[2019.06.17-15.17.02:868][  0]LogTcpMessaging: Initializing TcpMessaging bridge
[2019.06.17-15.17.02:880][  0]LogUdpMessaging: Initializing bridge on interface 0.0.0.0:0 to multicast group 230.0.0.1:6666.
[2019.06.17-15.17.02:992][  0]UE4DuinoLog: Warning: UE4Duino: Log Started
[2019.06.17-15.17.03:023][  0]SourceControl: Source control is disabled
[2019.06.17-15.17.03:023][  0]SourceControl: Source control is disabled
[2019.06.17-15.17.03:025][  0]SourceControl: Source control is disabled
[2019.06.17-15.17.03:027][  0]SourceControl: Source control is disabled
[2019.06.17-15.17.03:186][  0]LogAndroidPermission: UAndroidPermissionCallbackProxy::GetInstance
[2019.06.17-15.17.03:243][  0]LogOcInput: OculusInput pre-init called
[2019.06.17-15.17.03:300][  0]LogEngine: Initializing Engine...
[2019.06.17-15.17.03:301][  0]LogHMD: Failed to initialize OpenVR with code 110
[2019.06.17-15.17.03:302][  0]LogStats: UGameplayTagsManager::ConstructGameplayTagTree: ImportINI prefixes -  0.000 s
[2019.06.17-15.17.03:302][  0]LogStats: UGameplayTagsManager::ConstructGameplayTagTree: Construct from data asset -  0.000 s
[2019.06.17-15.17.03:302][  0]LogStats: UGameplayTagsManager::ConstructGameplayTagTree: ImportINI -  0.000 s
[2019.06.17-15.17.03:302][  0]LogStats: UGameplayTagsManager::ConstructGameplayTagTree: GameplayTagTreeChangedEvent.Broadcast -  0.000 s
[2019.06.17-15.17.03:509][  0]LogInit: Initializing FReadOnlyCVARCache
[2019.06.17-15.17.03:523][  0]LogAIModule: Creating AISystem for world Untitled
[2019.06.17-15.17.03:533][  0]LogInit: XAudio2 using 'Luidsprekers (Realtek High Definition Audio)' : 2 channels at 48 kHz using 32 bits per sample (channel mask 0x3)
[2019.06.17-15.17.03:594][  0]LogInit: FAudioDevice initialized.
[2019.06.17-15.17.03:595][  0]LogNetVersion: Set ProjectVersion to 1.0.0.0. Version Checksum will be recalculated on next use.
[2019.06.17-15.17.03:683][  0]LogDerivedDataCache: Saved boot cache 0.09s 71MB C:/Users/Gebruiker/AppData/Local/UnrealEngine/4.20/DerivedDataCache/Boot.ddc.
[2019.06.17-15.17.03:701][  0]LogInit: Texture streaming: Enabled
[2019.06.17-15.17.03:713][  0]LogEngineSessionManager: EngineSessionManager initialized
[2019.06.17-15.17.03:725][  0]LogInit: Transaction tracking system initialized
[2019.06.17-15.17.03:740][  0]BlueprintLog: New page: Editor Load
[2019.06.17-15.17.03:800][  0]LocalizationService: Localization service is disabled
[2019.06.17-15.17.04:049][  0]LogCook: Display: Max memory allowance for cook 16384mb min free memory 0mb
[2019.06.17-15.17.04:049][  0]LogCook: Display: Mobile HDR setting 1
[2019.06.17-15.17.04:049][  0]LogGameplayTags: Display: UGameplayTagsManager::DoneAddingNativeTags. DelegateIsBound: 0
[2019.06.17-15.17.04:049][  0]LogStats: UGameplayTagsManager::ConstructGameplayTagTree: ImportINI prefixes -  0.000 s
[2019.06.17-15.17.04:049][  0]LogStats: UGameplayTagsManager::ConstructGameplayTagTree: Construct from data asset -  0.000 s
[2019.06.17-15.17.04:049][  0]LogStats: UGameplayTagsManager::ConstructGameplayTagTree: ImportINI -  0.000 s
[2019.06.17-15.17.04:049][  0]LogStats: UGameplayTagsManager::ConstructGameplayTagTree: GameplayTagTreeChangedEvent.Broadcast -  0.000 s
[2019.06.17-15.17.04:144][  0]LogFileCache: Scanning file cache for directory 'C:/Users/Gebruiker/Documents/GitHub/InOutput/Keuzedeel-Special-Input-Output-2019/Project/InputOutput/Inputoutput/Content/' took 0.02s
[2019.06.17-15.17.04:145][  0]SourceControl: Source control is disabled
[2019.06.17-15.17.04:145][  0]LightingResults: New page: Lighting Build
[2019.06.17-15.17.04:148][  0]MapCheck: New page: Map Check
[2019.06.17-15.17.04:148][  0]LightingResults: New page: Lighting Build
[2019.06.17-15.17.04:598][  0]LogAIModule: Creating AISystem for world ThirdPersonExampleMap
[2019.06.17-15.17.04:607][  0]LogEditorServer: Finished looking for orphan Actors (0.000 secs)
[2019.06.17-15.17.04:634][  0]Cmd: MAP CHECKDEP NOCLEARLOG
[2019.06.17-15.17.04:691][  0]MapCheck: Map check complete: 0 Error(s), 0 Warning(s), took 57,3ms to complete.
[2019.06.17-15.17.04:691][  0]LogFileHelpers: Loading map 'ThirdPersonExampleMap' took 0.546
[2019.06.17-15.17.04:806][  0]LogSlate: Updating window title bar state: overlay mode, drag disabled, window buttons hidden, title bar hidden
[2019.06.17-15.17.04:815][  0]LogSlate: Updating window title bar state: overlay mode, drag disabled, window buttons hidden, title bar hidden
[2019.06.17-15.17.04:826][  0]LogSlate: Updating window title bar state: overlay mode, drag disabled, window buttons hidden, title bar hidden
[2019.06.17-15.17.04:834][  0]LogSlate: Updating window title bar state: overlay mode, drag disabled, window buttons hidden, title bar hidden
[2019.06.17-15.17.04:839][  0]LogCollectionManager: Loaded 0 collections in 0.001247 seconds
[2019.06.17-15.17.04:880][  0]LogFileCache: Scanning file cache for directory 'C:/Users/Gebruiker/Documents/GitHub/InOutput/Keuzedeel-Special-Input-Output-2019/Project/InputOutput/Inputoutput/Saved/Collections/' took 0.01s
[2019.06.17-15.17.04:880][  0]LogFileCache: Scanning file cache for directory 'C:/Users/Gebruiker/Documents/GitHub/InOutput/Keuzedeel-Special-Input-Output-2019/Project/InputOutput/Inputoutput/Content/Developers/Gebruiker/Collections/' took 0.01s
[2019.06.17-15.17.04:880][  0]LogFileCache: Scanning file cache for directory 'C:/Users/Gebruiker/Documents/GitHub/InOutput/Keuzedeel-Special-Input-Output-2019/Project/InputOutput/Inputoutput/Content/Collections/' took 0.01s
[2019.06.17-15.17.04:880][  0]LogCollectionManager: Rebuilt the GUID cache for 0 collections in 0.000000 seconds
[2019.06.17-15.17.04:890][  0]LogContentBrowser: Native class hierarchy populated in 0.0102 seconds. Added 2573 classes and 606 folders.
[2019.06.17-15.17.04:895][  0]LogContentBrowser: Native class hierarchy updated for 'WidgetCarousel' in 0.0002 seconds. Added 0 classes and 0 folders.
[2019.06.17-15.17.04:938][  0]LogContentBrowser: Native class hierarchy updated for 'AddContentDialog' in 0.0004 seconds. Added 0 classes and 0 folders.
[2019.06.17-15.17.04:942][  0]LogContentBrowser: Native class hierarchy updated for 'SceneOutliner' in 0.0002 seconds. Added 1 classes and 2 folders.
[2019.06.17-15.17.04:958][  0]LogSlate: Took 0.000223 seconds to synchronously load lazily loaded font '../../../Engine/Content/Slate/Fonts/Roboto-Regular.ttf' (155K)
[2019.06.17-15.17.04:961][  0]LogSlate: Took 0.000146 seconds to synchronously load lazily loaded font '../../../Engine/Content/Slate/Fonts/Roboto-Bold.ttf' (160K)
[2019.06.17-15.17.04:967][  0]LogSlate: Took 0.000258 seconds to synchronously load lazily loaded font '../../../Engine/Content/Editor/Slate/Fonts/FontAwesome.ttf' (139K)
[2019.06.17-15.17.05:047][  0]LogRenderer: Reallocating scene render targets to support 964x460 Format 10 NumSamples 1 (Frame:1).
[2019.06.17-15.17.05:171][  0]LogContentBrowser: Native class hierarchy updated for 'HierarchicalLODOutliner' in 0.0003 seconds. Added 0 classes and 0 folders.
[2019.06.17-15.17.05:171][  0]LogLoad: (Engine Initialization) Total time: 8.31 seconds
[2019.06.17-15.17.05:171][  0]LogLoad: (Engine Initialization) Total Blueprint compile time: 0.00 seconds
[2019.06.17-15.17.05:181][  0]LogWindowsTextInputMethodSystem: Display: IME system now deactivated.
[2019.06.17-15.17.05:201][  0]LogContentStreaming: Texture pool size now 1000 MB
[2019.06.17-15.17.05:327][  0]LogSlate: Took 0.000147 seconds to synchronously load lazily loaded font '../../../Engine/Content/Slate/Fonts/Roboto-Light.ttf' (167K)
[2019.06.17-15.17.05:393][  2]LogAssetRegistry: Asset discovery search completed in 4.4301 seconds
[2019.06.17-15.17.05:395][  2]LogCollectionManager: Rebuilt the object cache for 0 collections in 0.000000 seconds (found 0 objects)
[2019.06.17-15.17.05:395][  2]LogCollectionManager: Fixed up redirectors for 0 collections in 0.000118 seconds (updated 0 objects)
[2019.06.17-15.17.14:705][492]LogSlate: FSceneViewport::OnFocusLost() reason 0
[2019.06.17-15.17.19:308][ 41]LogSlate: FSceneViewport::OnFocusLost() reason 0
[2019.06.17-15.17.22:982][479]LogSlate: Took 0.000214 seconds to synchronously load lazily loaded font '../../../Engine/Content/Slate/Fonts/Roboto-Light.ttf' (167K)
[2019.06.17-15.17.23:244][479]LogTexture: Display: Building textures: HQ_Lightmap0_3 (AutoDXT, 64X64)
[2019.06.17-15.17.23:244][479]LogTexture: Display: Building textures: LQ_Lightmap_1_3 (DXT1, 64X64)
[2019.06.17-15.17.23:244][479]LogTexture: Display: Building textures: HQ_Lightmap0_1 (AutoDXT, 256X256)
[2019.06.17-15.17.23:244][479]LogTexture: Display: Building textures: HQ_Lightmap0_2 (AutoDXT, 256X256)
[2019.06.17-15.17.23:244][479]LogTexture: Display: Building textures: LQ_Lightmap_0_2 (DXT1, 256X256)
[2019.06.17-15.17.23:244][479]LogTexture: Display: Building textures: LQ_Lightmap_1_1 (DXT1, 256X256)
[2019.06.17-15.17.23:244][479]LogStaticMesh: Building static mesh SM_Cylinder...
[2019.06.17-15.17.23:249][479]LogStaticMesh: Built static mesh [0.01s] /Game/ReactiveWater/Meshes/SM_Cylinder.SM_Cylinder
[2019.06.17-15.17.23:321][479]LogStaticMesh: Building static mesh SM_Plane...
[2019.06.17-15.17.23:322][479]LogStaticMesh: Built static mesh [0.00s] /Game/ReactiveWater/Meshes/SM_Plane.SM_Plane
[2019.06.17-15.17.23:325][479]LogStaticMesh: Building static mesh SM_Box_Centered...
[2019.06.17-15.17.23:329][479]LogStaticMesh: Built static mesh [0.00s] /Game/ReactiveWater/Meshes/SM_Box_Centered.SM_Box_Centered
[2019.06.17-15.17.23:479][479]LogTexture: Display: Building textures: SkyOcclusion1_1 (AutoDXT, 256X128)
[2019.06.17-15.17.23:479][479]LogTexture: Display: Building textures: SkyOcclusion1_2 (AutoDXT, 256X128)
[2019.06.17-15.17.23:479][479]LogTexture: Display: Building textures: SkyOcclusion1_3 (AutoDXT, 64X32)
[2019.06.17-15.17.23:479][479]LogTexture: Display: Building textures: ShadowMapTexture2D_4 (G8, 256X128)
[2019.06.17-15.17.23:479][479]LogTexture: Display: Building textures: ShadowMapTexture2D_3 (G8, 256X128)
[2019.06.17-15.17.23:479][479]LogTexture: Display: Building textures: ShadowMapTexture2D_5 (G8, 64X32)
[2019.06.17-15.17.26:410][479]LogTexture: Display: Building textures: T_Alphas (AutoDXT, 1024X1024)
[2019.06.17-15.17.26:410][479]LogTexture: Display: Building textures: ThumbnailTexture (DXT1, 512X512)
[2019.06.17-15.17.26:410][479]LogTexture: Display: Building textures: T_Water_HM (AutoDXT, 2048X2048)
[2019.06.17-15.17.26:410][479]LogTexture: Display: Building textures: T_Water_Foam_Sprites (AutoDXT, 1024X1024)
[2019.06.17-15.17.26:410][479]LogTexture: Display: Building textures: T_Noises (AutoDXT, 1024X1024)
[2019.06.17-15.17.26:410][479]LogTexture: Display: Building textures: T_Ring (AutoDXT, 512X512)
[2019.06.17-15.17.26:410][479]LogMaterial: Display: Missing cached shader map for material M_Water, compiling. 
[2019.06.17-15.17.28:655][479]LogShaderCompilers: Display: Shaders left to compile 45
[2019.06.17-15.17.28:655][479]LogShaderCompilers: Display: Shaders left to compile 35
[2019.06.17-15.17.28:655][479]LogShaderCompilers: Display: Shaders left to compile 25
[2019.06.17-15.17.28:655][479]LogShaderCompilers: Display: Shaders left to compile 15
[2019.06.17-15.17.28:655][479]LogMaterial: Display: Missing cached shader map for material M_WaterFoam, compiling. 
[2019.06.17-15.17.28:722][479]LogMaterial: Display: Missing cached shader map for material M_Water_Collision, compiling. 
[2019.06.17-15.17.28:757][479]LogMaterial: Display: Missing cached shader map for material M_Impact_Ripple, compiling. 
[2019.06.17-15.17.28:928][479]LogStaticMesh: Building static mesh SM_Circle...
[2019.06.17-15.17.28:929][479]LogStaticMesh: Built static mesh [0.00s] /Game/ReactiveWater/Meshes/SM_Circle.SM_Circle
[2019.06.17-15.17.28:969][479]LogAIModule: Creating AISystem for world ExampleMap
[2019.06.17-15.17.28:995][479]LogAssetEditorManager: Opening Asset editor for World /Game/ReactiveWater/Maps/ExampleMap.ExampleMap
[2019.06.17-15.17.29:019][479]LightingResults: New page: Lighting Build
[2019.06.17-15.17.29:020][479]LoadErrors: New page: Loading map: ExampleMap.umap
[2019.06.17-15.17.29:021][479]MapCheck: New page: Map Check
[2019.06.17-15.17.29:021][479]LightingResults: New page: Lighting Build
[2019.06.17-15.17.29:050][479]LogEditorServer: Finished looking for orphan Actors (0.000 secs)
[2019.06.17-15.17.29:101][479]Cmd: MAP CHECKDEP NOCLEARLOG
[2019.06.17-15.17.29:170][479]MapCheck: Map check complete: 0 Error(s), 0 Warning(s), took 68,297ms to complete.
[2019.06.17-15.17.29:170][479]LogFileHelpers: Loading map 'ExampleMap' took 0.151
[2019.06.17-15.17.33:523][944]LogShaderCompilers: Display: Shaders left to compile 236
[2019.06.17-15.17.34:960][102]LogSlate: FSceneViewport::OnFocusLost() reason 2
[2019.06.17-15.17.38:502][465]LogShaderCompilers: Display: Shaders left to compile 226
[2019.06.17-15.17.44:617][143]LogShaderCompilers: Display: Shaders left to compile 216
[2019.06.17-15.17.49:087][617]LogShaderCompilers: Display: Shaders left to compile 206
[2019.06.17-15.17.52:158][654]LogShaderCompilers: Display: Shaders left to compile 196
[2019.06.17-15.17.52:631][654]LogAIModule: Creating AISystem for world Advanced_Lighting
[2019.06.17-15.17.52:642][654]LogAssetEditorManager: Opening Asset editor for World /Game/StarterContent/Maps/Advanced_Lighting.Advanced_Lighting
[2019.06.17-15.17.52:696][654]LightingResults: New page: Lighting Build
[2019.06.17-15.17.52:697][654]LoadErrors: New page: Loading map: Advanced_Lighting.umap
[2019.06.17-15.17.52:698][654]MapCheck: New page: Map Check
[2019.06.17-15.17.52:698][654]LightingResults: New page: Lighting Build
[2019.06.17-15.17.52:730][654]LogEditorServer: Finished looking for orphan Actors (0.000 secs)
[2019.06.17-15.17.52:798][654]Cmd: MAP CHECKDEP NOCLEARLOG
[2019.06.17-15.17.52:906][654]MapCheck: Map check complete: 0 Error(s), 0 Warning(s), took 106,86ms to complete.
[2019.06.17-15.17.52:907][654]LogFileHelpers: Loading map 'Advanced_Lighting' took 0.213
[2019.06.17-15.17.54:369][802]LogShaderCompilers: Display: Shaders left to compile 186
[2019.06.17-15.17.56:996][ 94]LogSlate: FSceneViewport::OnFocusLost() reason 0
[2019.06.17-15.17.58:015][208]LogShaderCompilers: Display: Shaders left to compile 176
[2019.06.17-15.17.58:612][266]LogShaderCompilers: Display: Shaders left to compile 166
[2019.06.17-15.18.00:338][449]LogShaderCompilers: Display: Shaders left to compile 156
[2019.06.17-15.18.02:914][732]LogShaderCompilers: Display: Shaders left to compile 146
[2019.06.17-15.18.04:046][817]LogShaderCompilers: Display: Shaders left to compile 136
[2019.06.17-15.18.05:721][956]LogShaderCompilers: Display: Shaders left to compile 126
[2019.06.17-15.18.06:105][986]LogShaderCompilers: Display: Shaders left to compile 116
[2019.06.17-15.18.08:545][249]LogShaderCompilers: Display: Shaders left to compile 106
[2019.06.17-15.18.10:206][429]LogShaderCompilers: Display: Shaders left to compile 96
[2019.06.17-15.18.11:463][567]LogShaderCompilers: Display: Shaders left to compile 86
[2019.06.17-15.18.12:441][678]LogShaderCompilers: Display: Shaders left to compile 76
[2019.06.17-15.18.13:548][804]LogShaderCompilers: Display: Shaders left to compile 66
[2019.06.17-15.18.15:135][969]LogShaderCompilers: Display: Shaders left to compile 56
[2019.06.17-15.18.15:837][ 45]LogShaderCompilers: Display: Shaders left to compile 46
[2019.06.17-15.18.16:064][ 70]LogShaderCompilers: Display: Shaders left to compile 36
[2019.06.17-15.18.18:349][310]LogShaderCompilers: Display: Shaders left to compile 26
[2019.06.17-15.18.18:368][312]LogShaderCompilers: Display: Shaders left to compile 16
[2019.06.17-15.18.20:187][517]LogShaderCompilers: Display: Shaders left to compile 6
[2019.06.17-15.18.25:164][ 98]LogSlate: FSceneViewport::OnFocusLost() reason 2
[2019.06.17-15.18.25:241][ 98]LogSavePackage: Moving 'C:/Users/Gebruiker/Documents/GitHub/InOutput/Keuzedeel-Special-Input-Output-2019/Project/InputOutput/Inputoutput/Saved/Advanced_Lighting57FA8B29493A32E4BBF76F9843438EB3.tmp' to 'C:/Users/Gebruiker/Documents/GitHub/InOutput/Keuzedeel-Special-Input-Output-2019/Project/InputOutput/Inputoutput/Content/StarterContent/Maps/Advanced_Lighting.umap'
[2019.06.17-15.18.25:648][ 98]LogSavePackage: Moving 'C:/Users/Gebruiker/Documents/GitHub/InOutput/Keuzedeel-Special-Input-Output-2019/Project/InputOutput/Inputoutput/Saved/Advanced_Lighting_BuiltData8FD262044999E1AD9B38E8B281BFFE88.tmp' to 'C:/Users/Gebruiker/Documents/GitHub/InOutput/Keuzedeel-Special-Input-Output-2019/Project/InputOutput/Inputoutput/Content/StarterContent/Maps/Advanced_Lighting_BuiltData.uasset'
[2019.06.17-15.18.26:620][199]LogSlate: FSceneViewport::OnFocusLost() reason 0
[2019.06.17-15.18.26:802][210]LogSlate: Window 'Inputoutput - Unreal Editor' being destroyed
[2019.06.17-15.18.26:802][210]LogWindowsTextInputMethodSystem: Display: IME system now deactivated.
[2019.06.17-15.18.27:008][211]Cmd: QUIT_EDITOR
[2019.06.17-15.18.27:129][211]LogExit: Preparing to exit.
[2019.06.17-15.18.27:962][211]LogExit: Editor shut down
[2019.06.17-15.18.27:963][211]LogExit: Transaction tracking system shut down
[2019.06.17-15.18.28:577][211]LogExit: Object subsystem successfully closed.
[2019.06.17-15.18.28:600][211]LogShaderCompilers: Display: Shaders left to compile 0
[2019.06.17-15.18.28:606][211]LogD3D11RHI: Shutdown
[2019.06.17-15.18.28:606][211]LogD3D11RHI: CleanupD3DDevice
[2019.06.17-15.18.28:608][211]LogD3D11RHI: ~FD3D11DynamicRHI
[2019.06.17-15.18.28:618][211]LogModuleManager: Shutting down and abandoning module MeshBuilder (614)
[2019.06.17-15.18.28:618][211]LogModuleManager: Shutting down and abandoning module HierarchicalLODOutliner (612)
[2019.06.17-15.18.28:618][211]LogModuleManager: Shutting down and abandoning module SceneOutliner (610)
[2019.06.17-15.18.28:618][211]LogModuleManager: Shutting down and abandoning module AddContentDialog (608)
[2019.06.17-15.18.28:618][211]LogModuleManager: Shutting down and abandoning module WidgetCarousel (607)
[2019.06.17-15.18.28:618][211]LogModuleManager: Shutting down and abandoning module EditorWidgets (604)
[2019.06.17-15.18.28:618][211]LogModuleManager: Shutting down and abandoning module CollectionManager (602)
[2019.06.17-15.18.28:618][211]LogModuleManager: Shutting down and abandoning module StatsViewer (600)
[2019.06.17-15.18.28:618][211]LogModuleManager: Shutting down and abandoning module FoliageEdit (598)
[2019.06.17-15.18.28:618][211]LogModuleManager: Shutting down and abandoning module LandscapeEditor (596)
[2019.06.17-15.18.28:619][211]LogModuleManager: Shutting down and abandoning module MeshPaintMode (594)
[2019.06.17-15.18.28:619][211]LogModuleManager: Shutting down and abandoning module SceneDepthPickerMode (592)
[2019.06.17-15.18.28:619][211]LogModuleManager: Shutting down and abandoning module ActorPickerMode (590)
[2019.06.17-15.18.28:619][211]LogModuleManager: Shutting down and abandoning module GeometryMode (588)
[2019.06.17-15.18.28:619][211]LogModuleManager: Shutting down and abandoning module TextureAlignMode (586)
[2019.06.17-15.18.28:619][211]LogModuleManager: Shutting down and abandoning module BspMode (584)
[2019.06.17-15.18.28:619][211]LogModuleManager: Shutting down and abandoning module PIEPreviewDeviceProfileSelector (582)
[2019.06.17-15.18.28:619][211]LogModuleManager: Shutting down and abandoning module SequenceRecorderSections (580)
[2019.06.17-15.18.28:619][211]LogModuleManager: Shutting down and abandoning module AutomationWorker (578)
[2019.06.17-15.18.28:619][211]LogModuleManager: Shutting down and abandoning module AudioCaptureEditor (576)
[2019.06.17-15.18.28:619][211]LogModuleManager: Shutting down and abandoning module SequenceRecorder (575)
[2019.06.17-15.18.28:619][211]LogModuleManager: Shutting down and abandoning module MatineeToLevelSequence (572)
[2019.06.17-15.18.28:619][211]LogModuleManager: Shutting down and abandoning module LevelSequenceEditor (570)
[2019.06.17-15.18.28:619][211]LogModuleManager: Shutting down and abandoning module PlacementMode (569)
[2019.06.17-15.18.28:619][211]LogModuleManager: Shutting down and abandoning module MaterialEditor (568)
[2019.06.17-15.18.28:619][211]LogModuleManager: Shutting down and abandoning module WmfMediaFactory (564)
[2019.06.17-15.18.28:619][211]LogModuleManager: Shutting down and abandoning module WmfMediaEditor (562)
[2019.06.17-15.18.28:619][211]LogModuleManager: Shutting down and abandoning module MediaPlayerEditor (560)
[2019.06.17-15.18.28:619][211]LogModuleManager: Shutting down and abandoning module OpenExrWrapper (558)
[2019.06.17-15.18.28:619][211]LogModuleManager: Shutting down and abandoning module ImgMediaFactory (556)
[2019.06.17-15.18.28:619][211]LogModuleManager: Shutting down and abandoning module ImgMediaEditor (554)
[2019.06.17-15.18.28:619][211]LogModuleManager: Shutting down and abandoning module AvfMediaFactory (552)
[2019.06.17-15.18.28:619][211]LogModuleManager: Shutting down and abandoning module AvfMediaEditor (550)
[2019.06.17-15.18.28:619][211]LogModuleManager: Shutting down and abandoning module AndroidMediaFactory (548)
[2019.06.17-15.18.28:619][211]LogModuleManager: Shutting down and abandoning module AndroidMediaEditor (546)
[2019.06.17-15.18.28:619][211]LogModuleManager: Shutting down and abandoning module MagicLeapCameraPreviewFactory (544)
[2019.06.17-15.18.28:619][211]LogModuleManager: Shutting down and abandoning module MagicLeapMediaFactory (542)
[2019.06.17-15.18.28:619][211]LogModuleManager: Shutting down and abandoning module MagicLeapMediaEditor (540)
[2019.06.17-15.18.28:619][211]LogModuleManager: Shutting down and abandoning module CharacterAI (538)
[2019.06.17-15.18.28:619][211]LogModuleManager: Shutting down and abandoning module SmartSnapping (536)
[2019.06.17-15.18.28:619][211]LogModuleManager: Shutting down and abandoning module SessionServices (534)
[2019.06.17-15.18.28:619][211]LogModuleManager: Shutting down and abandoning module ViewportSnapping (532)
[2019.06.17-15.18.28:619][211]LogModuleManager: Shutting down and abandoning module ViewportInteraction (530)
[2019.06.17-15.18.28:619][211]LogModuleManager: Shutting down and abandoning module ClothPainter (528)
[2019.06.17-15.18.28:619][211]LogModuleManager: Shutting down and abandoning module SkeletalMeshEditor (527)
[2019.06.17-15.18.28:619][211]LogModuleManager: Shutting down and abandoning module LogVisualizer (524)
[2019.06.17-15.18.28:619][211]LogModuleManager: Shutting down and abandoning module IntroTutorials (522)
[2019.06.17-15.18.28:620][211]LogModuleManager: Shutting down and abandoning module GameProjectGeneration (521)
[2019.06.17-15.18.28:620][211]LogModuleManager: Shutting down and abandoning module LuminPlatformEditor (518)
[2019.06.17-15.18.28:620][211]LogModuleManager: Shutting down and abandoning module IOSPlatformEditor (516)
[2019.06.17-15.18.28:620][211]LogModuleManager: Shutting down and abandoning module HTML5PlatformEditor (514)
[2019.06.17-15.18.28:620][211]LogModuleManager: Shutting down and abandoning module AndroidPlatformEditor (512)
[2019.06.17-15.18.28:620][211]LogModuleManager: Shutting down and abandoning module AndroidDeviceDetection (511)
