Log file open, 06/18/19 09:36:40
LogWindows: Failed to load 'aqProf.dll' (GetLastError=126)
LogWindows: File 'aqProf.dll' does not exist
LogWindows: Failed to load 'VSPerf140.dll' (GetLastError=126)
LogWindows: File 'VSPerf140.dll' does not exist
LogWindows: Failed to load 'VtuneApi.dll' (GetLastError=126)
LogWindows: File 'VtuneApi.dll' does not exist
LogWindows: Failed to load 'VtuneApi32e.dll' (GetLastError=126)
LogWindows: File 'VtuneApi32e.dll' does not exist
LogInit: Display: Running engine for game: Inputoutput
LogPlatformFile: Not using cached read wrapper
LogTaskGraph: Started task graph with 5 named threads and 23 total threads with 3 sets of task threads.
LogStats: Stats thread started at 0.412191
LogD3D11RHI: Loaded GFSDK_Aftermath_Lib.x64.dll
LogICUInternationalization: Display: ICU TimeZone Detection - Raw Offset: +1:00, Platform Override: ''
LogPluginManager: Mounting plugin Paper2D
LogPluginManager: Mounting plugin AISupport
LogPluginManager: Mounting plugin LightPropagationVolume
LogPluginManager: Mounting plugin CLionSourceCodeAccess
LogPluginManager: Mounting plugin CodeLiteSourceCodeAccess
LogPluginManager: Mounting plugin GitSourceControl
LogPluginManager: Mounting plugin KDevelopSourceCodeAccess
LogPluginManager: Mounting plugin NullSourceCodeAccess
LogPluginManager: Mounting plugin PerforceSourceControl
LogPluginManager: Mounting plugin SubversionSourceControl
LogPluginManager: Mounting plugin UObjectPlugin
LogPluginManager: Mounting plugin VisualStudioCodeSourceCodeAccess
LogPluginManager: Mounting plugin VisualStudioSourceCodeAccess
LogPluginManager: Mounting plugin XCodeSourceCodeAccess
LogPluginManager: Mounting plugin AssetManagerEditor
LogPluginManager: Mounting plugin CryptoKeys
LogPluginManager: Mounting plugin DataValidation
LogPluginManager: Mounting plugin FacialAnimation
LogPluginManager: Mounting plugin GameplayTagsEditor
LogPluginManager: Mounting plugin MacGraphicsSwitching
LogPluginManager: Mounting plugin MeshEditor
LogPluginManager: Mounting plugin MobileLauncherProfileWizard
LogPluginManager: Mounting plugin PluginBrowser
LogPluginManager: Mounting plugin SpeedTreeImporter
LogPluginManager: Mounting plugin DatasmithContent
LogPluginManager: Mounting plugin AlembicImporter
LogPluginManager: Mounting plugin AppleImageUtils
LogPluginManager: Mounting plugin AppleVision
LogPluginManager: Mounting plugin BackChannel
LogPluginManager: Mounting plugin CharacterAI
LogPluginManager: Mounting plugin GeometryCache
LogPluginManager: Mounting plugin HTML5Networking
LogPluginManager: Mounting plugin ProxyLODPlugin
LogPluginManager: Mounting plugin MagicLeap
LogPluginManager: Mounting plugin MagicLeapEmulator
LogPluginManager: Mounting plugin MagicLeapMedia
LogPluginManager: Mounting plugin AndroidMedia
LogPluginManager: Mounting plugin AvfMedia
LogPluginManager: Mounting plugin ImgMedia
LogPluginManager: Mounting plugin LinearTimecode
LogPluginManager: Mounting plugin MediaCompositing
LogPluginManager: Mounting plugin MediaPlayerEditor
LogPluginManager: Mounting plugin WmfMedia
LogPluginManager: Mounting plugin TcpMessaging
LogPluginManager: Mounting plugin UdpMessaging
LogPluginManager: Mounting plugin ActorSequence
LogPluginManager: Mounting plugin LevelSequenceEditor
LogPluginManager: Mounting plugin MatineeToLevelSequence
LogPluginManager: Mounting plugin NetcodeUnitTest
LogPluginManager: Mounting plugin NUTUnrealEngine4
LogPluginManager: Mounting plugin OnlineSubsystemGooglePlay
LogPluginManager: Mounting plugin OnlineSubsystemIOS
LogPluginManager: Mounting plugin OnlineSubsystem
LogPluginManager: Mounting plugin OnlineSubsystemNull
LogPluginManager: Mounting plugin OnlineSubsystemUtils
LogPluginManager: Mounting plugin LauncherChunkInstaller
LogPluginManager: Mounting plugin AndroidDeviceProfileSelector
LogPluginManager: Mounting plugin AndroidMoviePlayer
LogPluginManager: Mounting plugin AndroidPermission
LogPluginManager: Mounting plugin AppleMoviePlayer
LogPluginManager: Mounting plugin ArchVisCharacter
LogPluginManager: Mounting plugin AudioCapture
LogPluginManager: Mounting plugin CableComponent
LogPluginManager: Mounting plugin CustomMeshComponent
LogPluginManager: Mounting plugin EditableMesh
LogPluginManager: Mounting plugin ExampleDeviceProfileSelector
LogPluginManager: Mounting plugin GoogleCloudMessaging
LogPluginManager: Mounting plugin ImmediatePhysics
LogPluginManager: Mounting plugin IOSDeviceProfileSelector
LogPluginManager: Mounting plugin LinuxDeviceProfileSelector
LogPluginManager: Mounting plugin LocationServicesBPLibrary
LogPluginManager: Mounting plugin MobilePatchingUtils
LogPluginManager: Mounting plugin OculusVR
LogPluginManager: Plugin shader directory ../../../Engine/Plugins/Runtime/Oculus/OculusVR/Shaders found
LogPluginManager: Mapping shader source directory ../../../Engine/Plugins/Runtime/Oculus/OculusVR/Shaders to virtual directory /Plugin/OculusVR
LogPluginManager: Mounting plugin PhysXVehicles
LogPluginManager: Mounting plugin ProceduralMeshComponent
LogPluginManager: Mounting plugin RuntimePhysXCooking
LogPluginManager: Mounting plugin SteamVR
LogPluginManager: Mounting plugin WindowsMoviePlayer
LogPluginManager: Mounting plugin UE4Duino
LogStreaming: Display: Took  0.377s to configure plugins.
LogInit: Using libcurl 7.55.1-DEV
LogInit:  - built for x86_64-pc-win32
LogInit:  - supports SSL with OpenSSL/1.0.2h
LogInit:  - supports HTTP deflate (compression) using libz 1.2.8
LogInit:  - other features:
LogInit:      CURL_VERSION_SSL
LogInit:      CURL_VERSION_LIBZ
LogInit:      CURL_VERSION_IPV6
LogInit:      CURL_VERSION_ASYNCHDNS
LogInit:      CURL_VERSION_LARGEFILE
LogInit:      CURL_VERSION_IDN
LogInit:  CurlRequestOptions (configurable via config and command line):
LogInit:  - bVerifyPeer = false  - Libcurl will NOT verify peer certificate
LogInit:  - bUseHttpProxy = false  - Libcurl will NOT use HTTP proxy
LogInit:  - bDontReuseConnections = false  - Libcurl will reuse connections
LogInit:  - CertBundlePath = nullptr  - Libcurl will use whatever was configured at build time.
LogInit:  - MaxHostConnections = 16  - Libcurl will limit the number of connections to a host
LogInit:  - LocalHostAddr = Default
LogInit:  - BufferSize = 65536
LogInit: WinSock: version 1.1 (2.2), MaxSocks=32767, MaxUdp=65467
LogInit: Build: ++UE4+Release-4.20-CL-4369336
LogInit: Engine Version: 4.20.3-4369336+++UE4+Release-4.20
LogInit: Compatible Engine Version: 4.20.0-4212847+++UE4+Release-4.20
LogInit: Net CL: 4212847
LogInit: OS: Windows 10 (), CPU: Intel(R) Core(TM) i7-7700HQ CPU @ 2.80GHz, GPU: Intel(R) HD Graphics 630
LogInit: Compiled (64-bit): Sep 17 2018 12:26:19
LogInit: Compiled with Visual C++: 19.13.26129.00
LogInit: Build Configuration: Development
LogInit: Branch Name: ++UE4+Release-4.20
LogInit: Command Line: 
LogInit: Base Directory: E:/Unreal/UE_4.20/Engine/Binaries/Win64/
LogInit: Installed Engine Build: 1
LogDevObjectVersion: Number of dev versions registered: 20
LogDevObjectVersion:   Dev-Blueprints (B0D832E4-1F89-4F0D-ACCF-7EB736FD4AA2): 10
LogDevObjectVersion:   Dev-Build (E1C64328-A22C-4D53-A36C-8E866417BD8C): 0
LogDevObjectVersion:   Dev-Core (375EC13C-06E4-48FB-B500-84F0262A717E): 2
LogDevObjectVersion:   Dev-Editor (E4B068ED-F494-42E9-A231-DA0B2E46BB41): 24
LogDevObjectVersion:   Dev-Framework (CFFC743F-43B0-4480-9391-14DF171D2073): 34
LogDevObjectVersion:   Dev-Mobile (B02B49B5-BB20-44E9-A304-32B752E40360): 2
LogDevObjectVersion:   Dev-Networking (A4E4105C-59A1-49B5-A7C5-40C4547EDFEE): 0
LogDevObjectVersion:   Dev-Online (39C831C9-5AE6-47DC-9A44-9C173E1C8E7C): 0
LogDevObjectVersion:   Dev-Physics (78F01B33-EBEA-4F98-B9B4-84EACCB95AA2): 0
LogDevObjectVersion:   Dev-Platform (6631380F-2D4D-43E0-8009-CF276956A95A): 0
LogDevObjectVersion:   Dev-Rendering (12F88B9F-8875-4AFC-A67C-D90C383ABD29): 26
LogDevObjectVersion:   Dev-Sequencer (7B5AE74C-D270-4C10-A958-57980B212A5A): 9
LogDevObjectVersion:   Dev-VR (D7296918-1DD6-4BDD-9DE2-64A83CC13884): 2
LogDevObjectVersion:   Dev-LoadTimes (C2A15278-BFE7-4AFE-6C17-90FF531DF755): 1
LogDevObjectVersion:   Private-Geometry (6EACA3D4-40EC-4CC1-B786-8BED09428FC5): 3
LogDevObjectVersion:   Dev-AnimPhys (29E575DD-E0A3-4627-9D10-D276232CDCEA): 17
LogDevObjectVersion:   Dev-ReflectionCapture (6B266CEC-1EC7-4B8F-A30B-E4D90942FC07): 1
LogDevObjectVersion:   Dev-Automation (0DF73D61-A23F-47EA-B727-89E90C41499A): 1
LogDevObjectVersion:   FortniteMain (601D1886-AC64-4F84-AA16-D3DE0DEAC7D6): 12
LogDevObjectVersion:   Dev-Enterprise (9DFFBCD6-494F-0158-E221-12823C92A888): 1
LogStreaming: Display: Took  0.003s to delete old logs.
LogInit: Presizing for max 8388607 objects, including 0 objects not considered by GC, pre-allocating 0 bytes for permanent pool.
LogInit: Object subsystem initialized
[2019.06.18-07.36.41:102][  0]LogInit: Selected Device Profile: [Windows]
[2019.06.18-07.36.41:102][  0]LogInit: Applying CVar settings loaded from the selected device profile: [Windows]
[2019.06.18-07.36.41:151][  0]LogHAL: Display: Platform has ~ 16 GB [17063071744 / 17179869184 / 16], which maps to Larger [LargestMinGB=32, LargerMinGB=12, DefaultMinGB=8, SmallerMinGB=6, SmallestMinGB=0)
[2019.06.18-07.36.41:151][  0]LogInit: Setting Device Profile CVar: [[r.Vulkan.UseRealUBs:1]]
[2019.06.18-07.36.41:151][  0]LogInit: Going up to parent DeviceProfile []
[2019.06.18-07.36.41:152][  0]LogInit: Computer: DESKTOP-0BTH82I
[2019.06.18-07.36.41:152][  0]LogInit: User: Gebruiker
[2019.06.18-07.36.41:152][  0]LogInit: CPU Page size=4096, Cores=4
[2019.06.18-07.36.41:152][  0]LogInit: High frequency timer resolution =2.742190 MHz
[2019.06.18-07.36.41:152][  0]LogMemory: Memory total: Physical=15.9GB (16GB approx)
[2019.06.18-07.36.41:152][  0]LogMemory: Platform Memory Stats for Windows
[2019.06.18-07.36.41:153][  0]LogMemory: Process Physical Memory: 99.80 MB used, 99.80 MB peak
[2019.06.18-07.36.41:153][  0]LogMemory: Process Virtual Memory: 90.79 MB used, 90.79 MB peak
[2019.06.18-07.36.41:153][  0]LogMemory: Physical Memory: 5966.05 MB used,  10306.56 MB free, 16272.61 MB total
[2019.06.18-07.36.41:153][  0]LogMemory: Virtual Memory: 4645.22 MB used,  10306.56 MB free, 134217728.00 MB total
[2019.06.18-07.36.41:203][  0]LogInit: Using OS detected language (nl-NL).
[2019.06.18-07.36.41:203][  0]LogInit: Using OS detected locale (nl-NL).
[2019.06.18-07.36.41:205][  0]LogTextLocalizationManager: No localization for 'nl-NL' exists, so 'en' will be used for the language.
[2019.06.18-07.36.42:080][  0]LogStreaming: Display: Took  0.876s to InitEngineTextLocalization.
[2019.06.18-07.36.42:080][  0]LogInit: Setting process to per monitor DPI aware
[2019.06.18-07.36.42:163][  0]LogSlate: New Slate User Created.  User Index 0, Is Virtual User: 0
[2019.06.18-07.36.42:163][  0]LogSlate: Slate User Registered.  User Index 0, Is Virtual User: 0
[2019.06.18-07.36.42:745][  0]LogHMD: Failed to initialize OpenVR with code 110
[2019.06.18-07.36.42:745][  0]LogD3D11RHI: D3D11 adapters:
[2019.06.18-07.36.42:920][  0]LogD3D11RHI:    0. 'NVIDIA GeForce GTX 1050 Ti' (Feature Level 11_0)
[2019.06.18-07.36.42:920][  0]LogD3D11RHI:       4018/0/8136 MB DedicatedVideo/DedicatedSystem/SharedSystem, Outputs:1, VendorId:0x10de
[2019.06.18-07.36.42:943][  0]LogD3D11RHI:    1. 'Intel(R) HD Graphics 630' (Feature Level 11_0)
[2019.06.18-07.36.42:943][  0]LogD3D11RHI:       128/0/8136 MB DedicatedVideo/DedicatedSystem/SharedSystem, Outputs:0, VendorId:0x8086
[2019.06.18-07.36.42:948][  0]LogD3D11RHI:    2. 'Microsoft Basic Render Driver' (Feature Level 11_0)
[2019.06.18-07.36.42:948][  0]LogD3D11RHI:       0/0/8136 MB DedicatedVideo/DedicatedSystem/SharedSystem, Outputs:0, VendorId:0x1414
[2019.06.18-07.36.42:948][  0]LogD3D11RHI: Chosen D3D11 Adapter: 0
[2019.06.18-07.36.43:015][  0]LogD3D11RHI: Creating new Direct3DDevice
[2019.06.18-07.36.43:015][  0]LogD3D11RHI:     GPU DeviceId: 0x1c8c (for the marketing name, search the web for "GPU Device Id")
[2019.06.18-07.36.43:015][  0]LogWindows: EnumDisplayDevices:
[2019.06.18-07.36.43:015][  0]LogWindows:    0. 'Intel(R) HD Graphics 630' (P:1 D:1)
[2019.06.18-07.36.43:016][  0]LogWindows:    1. 'Intel(R) HD Graphics 630' (P:0 D:0)
[2019.06.18-07.36.43:017][  0]LogWindows:    2. 'Intel(R) HD Graphics 630' (P:0 D:0)
[2019.06.18-07.36.43:018][  0]LogWindows:    3. 'NVIDIA GeForce GTX 1050 Ti' (P:0 D:0)
[2019.06.18-07.36.43:018][  0]LogWindows:    4. 'NVIDIA GeForce GTX 1050 Ti' (P:0 D:0)
[2019.06.18-07.36.43:019][  0]LogWindows:    5. 'NVIDIA GeForce GTX 1050 Ti' (P:0 D:0)
[2019.06.18-07.36.43:020][  0]LogWindows:    6. 'NVIDIA GeForce GTX 1050 Ti' (P:0 D:0)
[2019.06.18-07.36.43:020][  0]LogWindows: DebugString: PrimaryIsNotTheChoosenAdapter PrimaryIsNotTheChoosenAdapter PrimaryIsNotTheChoosenAdapter FoundDriverCount:4 
[2019.06.18-07.36.43:020][  0]LogD3D11RHI:     Adapter Name: NVIDIA GeForce GTX 1050 Ti
[2019.06.18-07.36.43:020][  0]LogD3D11RHI:   Driver Version: 419.67 (internal:25.21.14.1967, unified:419.67)
[2019.06.18-07.36.43:020][  0]LogD3D11RHI:      Driver Date: 3-17-2019
[2019.06.18-07.36.43:020][  0]LogRHI: Texture pool is 2812 MB (70% of 4018 MB)
[2019.06.18-07.36.43:141][  0]LogD3D11RHI: Async texture creation enabled
[2019.06.18-07.36.43:163][  0]LogD3D11RHI: GPU Timing Frequency: 1000.000000 (Debug: 2 1)
[2019.06.18-07.36.43:167][  0]LogShaderCompilers: Guid format shader working directory is -62 characters bigger than the processId version (C:/Users/Gebruiker/Documents/GitHub/InOutput/Keuzedeel-Special-Input-Output-2019/Project/InputOutput/Inputoutput/Intermediate/Shaders/WorkingDirectory/2168/).
[2019.06.18-07.36.43:167][  0]LogShaderCompilers: Cleaned the shader compiler working directory 'C:/Users/Gebruiker/AppData/Local/Temp/UnrealShaderWorkingDir/D8FB45B14DFDAAE961CF19A602065384/'.
[2019.06.18-07.36.43:898][  0]LogTemp: Display: Loaded TP AllDesktopTargetPlatform
[2019.06.18-07.36.43:942][  0]LogTemp: Display: Loaded TP MacClientTargetPlatform
[2019.06.18-07.36.43:986][  0]LogTemp: Display: Loaded TP MacNoEditorTargetPlatform
[2019.06.18-07.36.44:033][  0]LogTemp: Display: Loaded TP MacServerTargetPlatform
[2019.06.18-07.36.44:080][  0]LogTemp: Display: Loaded TP MacTargetPlatform
[2019.06.18-07.36.44:122][  0]LogTemp: Display: Loaded TP WindowsClientTargetPlatform
[2019.06.18-07.36.44:165][  0]LogTemp: Display: Loaded TP WindowsNoEditorTargetPlatform
[2019.06.18-07.36.44:209][  0]LogTemp: Display: Loaded TP WindowsServerTargetPlatform
[2019.06.18-07.36.44:229][  0]LogTemp: Display: Loaded TP WindowsTargetPlatform
[2019.06.18-07.36.44:516][  0]LogTemp: Display: Loaded TP AndroidTargetPlatform
[2019.06.18-07.36.44:516][  0]LogTemp: Display: Loaded TP AndroidTargetPlatform
[2019.06.18-07.36.44:516][  0]LogTemp: Display: Loaded TP AndroidTargetPlatform
[2019.06.18-07.36.44:516][  0]LogTemp: Display: Loaded TP AndroidTargetPlatform
[2019.06.18-07.36.44:516][  0]LogTemp: Display: Loaded TP AndroidTargetPlatform
[2019.06.18-07.36.44:516][  0]LogTemp: Display: Loaded TP AndroidTargetPlatform
[2019.06.18-07.36.44:516][  0]LogTemp: Display: Loaded TP AndroidTargetPlatform
[2019.06.18-07.36.44:517][  0]LogTemp: Display: Loaded TP AndroidTargetPlatform
[2019.06.18-07.36.44:517][  0]LogTemp: Display: Loaded TP AndroidTargetPlatform
[2019.06.18-07.36.44:517][  0]LogTemp: Display: Loaded TP AndroidTargetPlatform
[2019.06.18-07.36.44:517][  0]LogTemp: Display: Loaded TP AndroidTargetPlatform
[2019.06.18-07.36.44:517][  0]LogTemp: Display: Loaded TP AndroidTargetPlatform
[2019.06.18-07.36.44:517][  0]LogTemp: Display: Loaded TP AndroidTargetPlatform
[2019.06.18-07.36.44:517][  0]LogTemp: Display: Loaded TP AndroidTargetPlatform
[2019.06.18-07.36.44:517][  0]LogTemp: Display: Loaded TP AndroidTargetPlatform
[2019.06.18-07.36.44:517][  0]LogTemp: Display: Loaded TP AndroidTargetPlatform
[2019.06.18-07.36.44:517][  0]LogTemp: Display: Loaded TP AndroidTargetPlatform
[2019.06.18-07.36.44:517][  0]LogTemp: Display: Loaded TP AndroidTargetPlatform
[2019.06.18-07.36.44:520][  0]LogTemp: Display: Loaded TP HTML5TargetPlatform
[2019.06.18-07.36.44:639][  0]LogTemp: Display: Loaded TP IOSTargetPlatform
[2019.06.18-07.36.44:639][  0]LogTemp: Display: Loaded TP IOSTargetPlatform
[2019.06.18-07.36.44:728][  0]LogTemp: Display: Loaded TP TVOSTargetPlatform
[2019.06.18-07.36.44:728][  0]LogTemp: Display: Loaded TP TVOSTargetPlatform
[2019.06.18-07.36.44:768][  0]LogTemp: Display: Loaded TP LinuxClientTargetPlatform
[2019.06.18-07.36.44:806][  0]LogTemp: Display: Loaded TP LinuxNoEditorTargetPlatform
[2019.06.18-07.36.44:845][  0]LogTemp: Display: Loaded TP LinuxServerTargetPlatform
[2019.06.18-07.36.44:884][  0]LogTemp: Display: Loaded TP LinuxTargetPlatform
[2019.06.18-07.36.44:914][  0]LogTemp: Display: Loaded TP LuminTargetPlatform
[2019.06.18-07.36.44:914][  0]LogTargetPlatformManager: Display: Building Assets For Windows
[2019.06.18-07.36.45:036][  0]LogXGEController: Cannot use XGE Controller as Incredibuild is not installed on this machine.
[2019.06.18-07.36.45:036][  0]LogShaderCompilers: Cannot use XGE Shader Compiler as Incredibuild is not installed on this machine.
[2019.06.18-07.36.45:036][  0]LogShaderCompilers: Display: Using Local Shader Compiler.
[2019.06.18-07.36.47:381][  0]LogDerivedDataCache: Display: Max Cache Size: 512 MB
[2019.06.18-07.36.47:527][  0]LogDerivedDataCache: Loaded boot cache 0.15s 71MB C:/Users/Gebruiker/AppData/Local/UnrealEngine/4.20/DerivedDataCache/Boot.ddc.
[2019.06.18-07.36.47:528][  0]LogDerivedDataCache: Display: Loaded Boot cache: C:/Users/Gebruiker/AppData/Local/UnrealEngine/4.20/DerivedDataCache/Boot.ddc
[2019.06.18-07.36.47:528][  0]LogDerivedDataCache: FDerivedDataBackendGraph:  Pak pak cache file C:/Users/Gebruiker/Documents/GitHub/InOutput/Keuzedeel-Special-Input-Output-2019/Project/InputOutput/Inputoutput/DerivedDataCache/DDC.ddp not found, will not use a pak cache.
[2019.06.18-07.36.47:529][  0]LogDerivedDataCache: Unable to find inner node Pak for hierarchical cache Hierarchy.
[2019.06.18-07.36.47:529][  0]LogDerivedDataCache: FDerivedDataBackendGraph:  CompressedPak pak cache file C:/Users/Gebruiker/Documents/GitHub/InOutput/Keuzedeel-Special-Input-Output-2019/Project/InputOutput/Inputoutput/DerivedDataCache/Compressed.ddp not found, will not use a pak cache.
[2019.06.18-07.36.47:529][  0]LogDerivedDataCache: Unable to find inner node CompressedPak for hierarchical cache Hierarchy.
[2019.06.18-07.36.47:573][  0]LogDerivedDataCache: Display: Pak cache opened for reading ../../../Engine/DerivedDataCache/Compressed.ddp.
[2019.06.18-07.36.47:587][  0]LogDerivedDataCache: Using Local data cache path C:/Users/Gebruiker/AppData/Local/UnrealEngine/Common/DerivedDataCache: Writable
[2019.06.18-07.36.47:587][  0]LogDerivedDataCache: Shared data cache path not found in *engine.ini, will not use an Shared cache.
[2019.06.18-07.36.47:587][  0]LogDerivedDataCache: Unable to find inner node Shared for hierarchical cache Hierarchy.
[2019.06.18-07.36.47:648][  0]LogMaterial: Verifying Global Shaders for PCD3D_SM5
[2019.06.18-07.36.47:652][  0]LogSlate: Using FreeType 2.6.0
[2019.06.18-07.36.47:653][  0]LogSlate: SlateFontServices - WITH_FREETYPE: 1, WITH_HARFBUZZ: 1
[2019.06.18-07.36.47:817][  0]LogAssetRegistry: FAssetRegistry took 0.0379 seconds to start up
[2019.06.18-07.36.48:881][  0]LogInit: Selected Device Profile: [Windows]
[2019.06.18-07.36.49:285][  0]LogSimplygon: Simplygon DLL not present - disabling.
[2019.06.18-07.36.49:294][  0]LogMeshReduction: Using SimplygonSwarm for distributed automatic mesh merging
[2019.06.18-07.36.49:294][  0]LogMeshReduction: Using ProxyLODMeshReduction for automatic mesh merging
[2019.06.18-07.36.49:294][  0]LogMeshReduction: Using QuadricMeshReduction for automatic static mesh reduction
[2019.06.18-07.36.49:294][  0]LogMeshReduction: No automatic skeletal mesh reduction module available
[2019.06.18-07.36.49:353][  0]LogNetVersion: Inputoutput 1.0.0, NetCL: 4212847, EngineNetVer: 5, GameNetVer: 0 (Checksum: 1927922815)
[2019.06.18-07.36.50:734][  0]LogPackageLocalizationCache: Processed 11 localized package path(s) for 1 prioritized culture(s) in 0.172314 seconds
[2019.06.18-07.36.50:752][  0]LogUObjectArray: 38425 objects as part of root set at end of initial load.
[2019.06.18-07.36.50:753][  0]LogUObjectAllocator: 6690872 out of 0 bytes used by permanent object pool.
[2019.06.18-07.36.50:753][  0]LogUObjectArray: CloseDisregardForGC: 0/0 objects in disregard for GC pool
[2019.06.18-07.36.53:006][  0]LogTcpMessaging: Initializing TcpMessaging bridge
[2019.06.18-07.36.53:022][  0]LogUdpMessaging: Initializing bridge on interface 0.0.0.0:0 to multicast group 230.0.0.1:6666.
[2019.06.18-07.36.53:253][  0]UE4DuinoLog: Warning: UE4Duino: Log Started
[2019.06.18-07.36.53:339][  0]SourceControl: Source control is disabled
[2019.06.18-07.36.53:339][  0]SourceControl: Source control is disabled
[2019.06.18-07.36.53:343][  0]SourceControl: Source control is disabled
[2019.06.18-07.36.53:345][  0]SourceControl: Source control is disabled
[2019.06.18-07.36.53:626][  0]LogAndroidPermission: UAndroidPermissionCallbackProxy::GetInstance
[2019.06.18-07.36.53:758][  0]LogOcInput: OculusInput pre-init called
[2019.06.18-07.36.53:908][  0]LogEngine: Initializing Engine...
[2019.06.18-07.36.53:910][  0]LogHMD: Failed to initialize OpenVR with code 110
[2019.06.18-07.36.53:913][  0]LogStats: UGameplayTagsManager::ConstructGameplayTagTree: ImportINI prefixes -  0.000 s
[2019.06.18-07.36.53:913][  0]LogStats: UGameplayTagsManager::ConstructGameplayTagTree: Construct from data asset -  0.000 s
[2019.06.18-07.36.53:914][  0]LogStats: UGameplayTagsManager::ConstructGameplayTagTree: ImportINI -  0.000 s
[2019.06.18-07.36.53:914][  0]LogStats: UGameplayTagsManager::ConstructGameplayTagTree: GameplayTagTreeChangedEvent.Broadcast -  0.000 s
[2019.06.18-07.36.54:507][  0]LogInit: Initializing FReadOnlyCVARCache
[2019.06.18-07.36.54:541][  0]LogAIModule: Creating AISystem for world Untitled
[2019.06.18-07.36.54:571][  0]LogInit: XAudio2 using 'Luidsprekers (Realtek High Definition Audio)' : 2 channels at 48 kHz using 32 bits per sample (channel mask 0x3)
[2019.06.18-07.36.54:713][  0]LogInit: FAudioDevice initialized.
[2019.06.18-07.36.54:714][  0]LogNetVersion: Set ProjectVersion to 1.0.0.0. Version Checksum will be recalculated on next use.
[2019.06.18-07.36.54:837][  0]LogDerivedDataCache: Saved boot cache 0.12s 71MB C:/Users/Gebruiker/AppData/Local/UnrealEngine/4.20/DerivedDataCache/Boot.ddc.
[2019.06.18-07.36.54:874][  0]LogInit: Texture streaming: Enabled
[2019.06.18-07.36.54:908][  0]LogEngineSessionManager: EngineSessionManager initialized
[2019.06.18-07.36.54:937][  0]LogInit: Transaction tracking system initialized
[2019.06.18-07.36.54:982][  0]BlueprintLog: New page: Editor Load
[2019.06.18-07.36.55:140][  0]LocalizationService: Localization service is disabled
[2019.06.18-07.36.55:839][  0]LogCook: Display: Max memory allowance for cook 16384mb min free memory 0mb
[2019.06.18-07.36.55:839][  0]LogCook: Display: Mobile HDR setting 1
[2019.06.18-07.36.55:839][  0]LogGameplayTags: Display: UGameplayTagsManager::DoneAddingNativeTags. DelegateIsBound: 0
[2019.06.18-07.36.55:840][  0]LogStats: UGameplayTagsManager::ConstructGameplayTagTree: ImportINI prefixes -  0.000 s
[2019.06.18-07.36.55:840][  0]LogStats: UGameplayTagsManager::ConstructGameplayTagTree: Construct from data asset -  0.000 s
[2019.06.18-07.36.55:840][  0]LogStats: UGameplayTagsManager::ConstructGameplayTagTree: ImportINI -  0.000 s
[2019.06.18-07.36.55:840][  0]LogStats: UGameplayTagsManager::ConstructGameplayTagTree: GameplayTagTreeChangedEvent.Broadcast -  0.000 s
[2019.06.18-07.36.56:103][  0]LogFileCache: Scanning file cache for directory 'C:/Users/Gebruiker/Documents/GitHub/InOutput/Keuzedeel-Special-Input-Output-2019/Project/InputOutput/Inputoutput/Content/' took 0.05s
[2019.06.18-07.36.56:103][  0]SourceControl: Source control is disabled
[2019.06.18-07.36.56:123][  0]LightingResults: New page: Lighting Build
[2019.06.18-07.36.56:129][  0]MapCheck: New page: Map Check
[2019.06.18-07.36.56:129][  0]LightingResults: New page: Lighting Build
[2019.06.18-07.36.59:210][  0]LogAIModule: Creating AISystem for world ThirdPersonExampleMap
[2019.06.18-07.36.59:363][  0]LogEditorServer: Finished looking for orphan Actors (0.000 secs)
[2019.06.18-07.36.59:417][  0]Cmd: MAP CHECKDEP NOCLEARLOG
[2019.06.18-07.36.59:567][  0]MapCheck: Map check complete: 0 Error(s), 0 Warning(s), took 149,677ms to complete.
[2019.06.18-07.36.59:568][  0]LogFileHelpers: Loading map 'ThirdPersonExampleMap' took 3.464
[2019.06.18-07.37.00:322][  0]LogSlate: Updating window title bar state: overlay mode, drag disabled, window buttons hidden, title bar hidden
[2019.06.18-07.37.00:348][  0]LogSlate: Updating window title bar state: overlay mode, drag disabled, window buttons hidden, title bar hidden
[2019.06.18-07.37.00:373][  0]LogSlate: Updating window title bar state: overlay mode, drag disabled, window buttons hidden, title bar hidden
[2019.06.18-07.37.00:397][  0]LogSlate: Updating window title bar state: overlay mode, drag disabled, window buttons hidden, title bar hidden
[2019.06.18-07.37.00:422][  0]LogCollectionManager: Loaded 0 collections in 0.003273 seconds
[2019.06.18-07.37.00:566][  0]LogFileCache: Scanning file cache for directory 'C:/Users/Gebruiker/Documents/GitHub/InOutput/Keuzedeel-Special-Input-Output-2019/Project/InputOutput/Inputoutput/Saved/Collections/' took 0.01s
[2019.06.18-07.37.00:566][  0]LogFileCache: Scanning file cache for directory 'C:/Users/Gebruiker/Documents/GitHub/InOutput/Keuzedeel-Special-Input-Output-2019/Project/InputOutput/Inputoutput/Content/Developers/Gebruiker/Collections/' took 0.01s
[2019.06.18-07.37.00:566][  0]LogFileCache: Scanning file cache for directory 'C:/Users/Gebruiker/Documents/GitHub/InOutput/Keuzedeel-Special-Input-Output-2019/Project/InputOutput/Inputoutput/Content/Collections/' took 0.01s
[2019.06.18-07.37.00:566][  0]LogCollectionManager: Rebuilt the GUID cache for 0 collections in 0.000001 seconds
[2019.06.18-07.37.00:594][  0]LogContentBrowser: Native class hierarchy populated in 0.0277 seconds. Added 2573 classes and 606 folders.
[2019.06.18-07.37.00:657][  0]LogContentBrowser: Native class hierarchy updated for 'WidgetCarousel' in 0.0004 seconds. Added 0 classes and 0 folders.
[2019.06.18-07.37.02:773][  0]LogContentBrowser: Native class hierarchy updated for 'AddContentDialog' in 0.0007 seconds. Added 0 classes and 0 folders.
[2019.06.18-07.37.02:840][  0]LogContentBrowser: Native class hierarchy updated for 'SceneOutliner' in 0.0007 seconds. Added 1 classes and 2 folders.
[2019.06.18-07.37.03:542][  0]LogSlate: Took 0.000391 seconds to synchronously load lazily loaded font '../../../Engine/Content/Slate/Fonts/Roboto-Regular.ttf' (155K)
[2019.06.18-07.37.03:548][  0]LogSlate: Took 0.000349 seconds to synchronously load lazily loaded font '../../../Engine/Content/Slate/Fonts/Roboto-Bold.ttf' (160K)
[2019.06.18-07.37.03:633][  0]LogSlate: Took 0.023430 seconds to synchronously load lazily loaded font '../../../Engine/Content/Editor/Slate/Fonts/FontAwesome.ttf' (139K)
[2019.06.18-07.37.04:240][  0]LogRenderer: Reallocating scene render targets to support 964x460 Format 10 NumSamples 1 (Frame:1).
[2019.06.18-07.37.04:719][  0]LogContentBrowser: Native class hierarchy updated for 'HierarchicalLODOutliner' in 0.0007 seconds. Added 0 classes and 0 folders.
[2019.06.18-07.37.04:719][  0]LogLoad: (Engine Initialization) Total time: 27.31 seconds
[2019.06.18-07.37.04:719][  0]LogLoad: (Engine Initialization) Total Blueprint compile time: 0.00 seconds
[2019.06.18-07.37.04:740][  0]LogWindowsTextInputMethodSystem: Display: IME system now deactivated.
[2019.06.18-07.37.04:806][  0]LogContentStreaming: Texture pool size now 1000 MB
[2019.06.18-07.37.05:231][  3]LogSlate: Took 0.022765 seconds to synchronously load lazily loaded font '../../../Engine/Content/Slate/Fonts/Roboto-Light.ttf' (167K)
[2019.06.18-07.37.05:316][  5]LogAssetRegistry: Asset discovery search completed in 17.5214 seconds
[2019.06.18-07.37.05:321][  5]LogCollectionManager: Rebuilt the object cache for 0 collections in 0.000000 seconds (found 0 objects)
[2019.06.18-07.37.05:321][  5]LogCollectionManager: Fixed up redirectors for 0 collections in 0.000117 seconds (updated 0 objects)
[2019.06.18-07.37.07:617][104]LogSlate: FSceneViewport::OnFocusLost() reason 0
[2019.06.18-07.37.51:077][359]LogSlate: Window 'New Level' being destroyed
[2019.06.18-07.37.51:155][359]Cmd: MAP LOAD FILE="../../../Engine/Content/Maps/Templates/Template_Default.umap" TEMPLATE=1 SHOWPROGRESS=1 FEATURELEVEL=3
[2019.06.18-07.37.51:161][359]LogSlate: Took 0.000265 seconds to synchronously load lazily loaded font '../../../Engine/Content/Slate/Fonts/Roboto-Light.ttf' (167K)
[2019.06.18-07.37.51:192][359]LightingResults: New page: Lighting Build
[2019.06.18-07.37.51:194][359]LoadErrors: New page: Loading map: Template_Default.umap
[2019.06.18-07.37.51:197][359]MapCheck: New page: Map Check
[2019.06.18-07.37.51:198][359]LightingResults: New page: Lighting Build
[2019.06.18-07.37.51:279][359]LogAIModule: Creating AISystem for world Untitled_1
[2019.06.18-07.37.51:336][359]LogEditorServer: Finished looking for orphan Actors (0.000 secs)
[2019.06.18-07.37.51:390][359]Cmd: MAP CHECKDEP NOCLEARLOG
[2019.06.18-07.37.51:512][359]MapCheck: Map check complete: 0 Error(s), 0 Warning(s), took 121,347ms to complete.
[2019.06.18-07.37.51:512][359]LogFileHelpers: Loading map 'Template_Default' took 0.359
[2019.06.18-07.37.53:806][479]LogEditorViewport: Clicking on Actor (LMB): StaticMeshActor (Floor)
[2019.06.18-07.38.02:036][884]Cmd: DELETE
[2019.06.18-07.38.02:036][884]Cmd: ACTOR DELETE
[2019.06.18-07.38.02:384][884]LogEditorActor: Deleted Actor: StaticMeshActor
[2019.06.18-07.38.02:462][884]LogEditorActor: Deleted 1 Actors (0.132 secs)
[2019.06.18-07.38.05:165][997]LogSlate: FSceneViewport::OnFocusLost() reason 0
[2019.06.18-07.38.05:832][  2]LogActorFactory: Actor Factory created Plane
[2019.06.18-07.38.06:840][ 55]LogActorFactory: Actor Factory created Plane
[2019.06.18-07.38.07:593][ 88]LogSlate: Took 0.126371 seconds to synchronously load lazily loaded font '../../../Engine/Content/Slate/Fonts/Roboto-Italic.ttf' (157K)
[2019.06.18-07.38.09:695][167]LogSlate: FSceneViewport::OnFocusLost() reason 0
[2019.06.18-07.38.46:197][942]LogD3D11RHI: Timed out while waiting for GPU to catch up. (0.5 s)
[2019.06.18-07.38.46:647][942]LogD3D11RHI: Error: Result failed 
 at D:\Build\++UE4\Sync\Engine\Source\Runtime\Windows\D3D11RHI\Private\D3D11Query.cpp:146 
 with error DXGI_ERROR_DEVICE_REMOVED DXGI_ERROR_DEVICE_HUNG
[2019.06.18-07.38.46:647][942]LogD3D11RHI: [Aftermath] GDynamicRHI=00000265F9410140, GDX11NVAfterMathEnabled=0, Result=0xFFFFFFFF, bDeviceActive=0
[2019.06.18-07.38.46:647][942]LogWindows: Windows GetLastError: De bewerking is voltooid. (0)
[2019.06.18-07.38.53:216][942]LogWindows: Windows GetLastError: De bewerking is voltooid. (0)
[2019.06.18-07.38.53:345][942]LogWindows: Error: === Critical error: ===
[2019.06.18-07.38.53:345][942]LogWindows: Error: 
[2019.06.18-07.38.53:345][942]LogWindows: Error: Fatal error: [File:D:\Build\++UE4\Sync\Engine\Source\Runtime\RenderCore\Private\RenderingThread.cpp] [Line: 826] 
[2019.06.18-07.38.53:345][942]LogWindows: Error: Rendering thread exception:
[2019.06.18-07.38.53:345][942]LogWindows: Error: Fatal error: [File:D:\Build\++UE4\Sync\Engine\Source\Runtime\Windows\D3D11RHI\Private\D3D11Util.cpp] [Line: 200] 
[2019.06.18-07.38.53:345][942]LogWindows: Error: Unreal Engine is exiting due to D3D device being lost. (Error: 0x887A0006 - 'HUNG')
[2019.06.18-07.38.53:345][942]LogWindows: Error: 
[2019.06.18-07.38.53:345][942]LogWindows: Error: 
[2019.06.18-07.38.53:345][942]LogWindows: Error: [Callstack] 0x00007ffbebd5a388 KERNELBASE.dll!UnknownFunction []
[2019.06.18-07.38.53:345][942]LogWindows: Error: [Callstack] 0x00007ffba48c6850 UE4Editor-ApplicationCore.dll!UnknownFunction []
[2019.06.18-07.38.53:345][942]LogWindows: Error: [Callstack] 0x00007ffb9ed762fc UE4Editor-Core.dll!UnknownFunction []
[2019.06.18-07.38.53:345][942]LogWindows: Error: [Callstack] 0x00007ffb9ed051db UE4Editor-Core.dll!UnknownFunction []
[2019.06.18-07.38.53:345][942]LogWindows: Error: [Callstack] 0x00007ffb9405adea UE4Editor-D3D11RHI.dll!UnknownFunction []
[2019.06.18-07.38.53:345][942]LogWindows: Error: [Callstack] 0x00007ffb9405e6e4 UE4Editor-D3D11RHI.dll!UnknownFunction []
[2019.06.18-07.38.53:345][942]LogWindows: Error: [Callstack] 0x00007ffb94035951 UE4Editor-D3D11RHI.dll!UnknownFunction []
[2019.06.18-07.38.53:345][942]LogWindows: Error: [Callstack] 0x00007ffb9404abf8 UE4Editor-D3D11RHI.dll!UnknownFunction []
[2019.06.18-07.38.53:345][942]LogWindows: Error: [Callstack] 0x00007ffba495b106 UE4Editor-RHI.dll!UnknownFunction []
[2019.06.18-07.38.53:345][942]LogWindows: Error: [Callstack] 0x00007ffb93df1b42 UE4Editor-SlateRHIRenderer.dll!UnknownFunction []
[2019.06.18-07.38.53:345][942]LogWindows: Error: [Callstack] 0x00007ffb93df7d0a UE4Editor-SlateRHIRenderer.dll!UnknownFunction []
[2019.06.18-07.38.53:345][942]LogWindows: Error: [Callstack] 0x00007ffb9eb91f92 UE4Editor-Core.dll!UnknownFunction []
[2019.06.18-07.38.53:345][942]LogWindows: Error: [Callstack] 0x00007ffb9eb92456 UE4Editor-Core.dll!UnknownFunction []
[2019.06.18-07.38.53:345][942]LogWindows: Error: [Callstack] 0x00007ffba4ae75f9 UE4Editor-RenderCore.dll!UnknownFunction []
[2019.06.18-07.38.53:345][942]LogWindows: Error: [Callstack] 0x00007ffba4ae8574 UE4Editor-RenderCore.dll!UnknownFunction []
[2019.06.18-07.38.53:345][942]LogWindows: Error: [Callstack] 0x00007ffb9efd6b7c UE4Editor-Core.dll!UnknownFunction []
[2019.06.18-07.38.53:345][942]LogWindows: Error: [Callstack] 0x00007ffb9efd17c7 UE4Editor-Core.dll!UnknownFunction []
[2019.06.18-07.38.53:345][942]LogWindows: Error: [Callstack] 0x00007ffbeeec4034 KERNEL32.DLL!UnknownFunction []
[2019.06.18-07.38.53:345][942]LogWindows: Error: [Callstack] 0x00007ffbef133691 ntdll.dll!UnknownFunction []
[2019.06.18-07.38.53:345][942]LogWindows: Error: 
[2019.06.18-07.38.53:345][942]LogWindows: Error: 
[2019.06.18-07.38.53:345][942]LogWindows: Error: 
[2019.06.18-07.38.53:345][942]LogWindows: Error: 
[2019.06.18-07.38.53:379][942]LogExit: Executing StaticShutdownAfterError
[2019.06.18-07.38.53:408][942]LogWindows: FPlatformMisc::RequestExit(1)
[2019.06.18-07.38.53:411][942]Log file closed, 06/18/19 09:38:53
