Log file open, 06/17/19 17:11:50
LogWindows: Failed to load 'aqProf.dll' (GetLastError=126)
LogWindows: File 'aqProf.dll' does not exist
LogWindows: Failed to load 'VSPerf140.dll' (GetLastError=126)
LogWindows: File 'VSPerf140.dll' does not exist
LogWindows: Failed to load 'VtuneApi.dll' (GetLastError=126)
LogWindows: File 'VtuneApi.dll' does not exist
LogWindows: Failed to load 'VtuneApi32e.dll' (GetLastError=126)
LogWindows: File 'VtuneApi32e.dll' does not exist
LogInit: Display: Running engine for game: Inputoutput
LogPlatformFile: Not using cached read wrapper
LogTaskGraph: Started task graph with 5 named threads and 23 total threads with 3 sets of task threads.
LogStats: Stats thread started at 0.278353
LogD3D11RHI: Loaded GFSDK_Aftermath_Lib.x64.dll
LogICUInternationalization: Display: ICU TimeZone Detection - Raw Offset: +1:00, Platform Override: ''
LogPluginManager: Mounting plugin Paper2D
LogPluginManager: Mounting plugin AISupport
LogPluginManager: Mounting plugin LightPropagationVolume
LogPluginManager: Mounting plugin CLionSourceCodeAccess
LogPluginManager: Mounting plugin CodeLiteSourceCodeAccess
LogPluginManager: Mounting plugin GitSourceControl
LogPluginManager: Mounting plugin KDevelopSourceCodeAccess
LogPluginManager: Mounting plugin NullSourceCodeAccess
LogPluginManager: Mounting plugin PerforceSourceControl
LogPluginManager: Mounting plugin SubversionSourceControl
LogPluginManager: Mounting plugin UObjectPlugin
LogPluginManager: Mounting plugin VisualStudioCodeSourceCodeAccess
LogPluginManager: Mounting plugin VisualStudioSourceCodeAccess
LogPluginManager: Mounting plugin XCodeSourceCodeAccess
LogPluginManager: Mounting plugin AssetManagerEditor
LogPluginManager: Mounting plugin CryptoKeys
LogPluginManager: Mounting plugin DataValidation
LogPluginManager: Mounting plugin FacialAnimation
LogPluginManager: Mounting plugin GameplayTagsEditor
LogPluginManager: Mounting plugin MacGraphicsSwitching
LogPluginManager: Mounting plugin MeshEditor
LogPluginManager: Mounting plugin MobileLauncherProfileWizard
LogPluginManager: Mounting plugin PluginBrowser
LogPluginManager: Mounting plugin SpeedTreeImporter
LogPluginManager: Mounting plugin DatasmithContent
LogPluginManager: Mounting plugin AlembicImporter
LogPluginManager: Mounting plugin AppleImageUtils
LogPluginManager: Mounting plugin AppleVision
LogPluginManager: Mounting plugin BackChannel
LogPluginManager: Mounting plugin CharacterAI
LogPluginManager: Mounting plugin GeometryCache
LogPluginManager: Mounting plugin HTML5Networking
LogPluginManager: Mounting plugin ProxyLODPlugin
LogPluginManager: Mounting plugin MagicLeap
LogPluginManager: Mounting plugin MagicLeapEmulator
LogPluginManager: Mounting plugin MagicLeapMedia
LogPluginManager: Mounting plugin AndroidMedia
LogPluginManager: Mounting plugin AvfMedia
LogPluginManager: Mounting plugin ImgMedia
LogPluginManager: Mounting plugin LinearTimecode
LogPluginManager: Mounting plugin MediaCompositing
LogPluginManager: Mounting plugin MediaPlayerEditor
LogPluginManager: Mounting plugin WmfMedia
LogPluginManager: Mounting plugin TcpMessaging
LogPluginManager: Mounting plugin UdpMessaging
LogPluginManager: Mounting plugin ActorSequence
LogPluginManager: Mounting plugin LevelSequenceEditor
LogPluginManager: Mounting plugin MatineeToLevelSequence
LogPluginManager: Mounting plugin NetcodeUnitTest
LogPluginManager: Mounting plugin NUTUnrealEngine4
LogPluginManager: Mounting plugin OnlineSubsystemGooglePlay
LogPluginManager: Mounting plugin OnlineSubsystemIOS
LogPluginManager: Mounting plugin OnlineSubsystem
LogPluginManager: Mounting plugin OnlineSubsystemNull
LogPluginManager: Mounting plugin OnlineSubsystemUtils
LogPluginManager: Mounting plugin LauncherChunkInstaller
LogPluginManager: Mounting plugin AndroidDeviceProfileSelector
LogPluginManager: Mounting plugin AndroidMoviePlayer
LogPluginManager: Mounting plugin AndroidPermission
LogPluginManager: Mounting plugin AppleMoviePlayer
LogPluginManager: Mounting plugin ArchVisCharacter
LogPluginManager: Mounting plugin AudioCapture
LogPluginManager: Mounting plugin CableComponent
LogPluginManager: Mounting plugin CustomMeshComponent
LogPluginManager: Mounting plugin EditableMesh
LogPluginManager: Mounting plugin ExampleDeviceProfileSelector
LogPluginManager: Mounting plugin GoogleCloudMessaging
LogPluginManager: Mounting plugin ImmediatePhysics
LogPluginManager: Mounting plugin IOSDeviceProfileSelector
LogPluginManager: Mounting plugin LinuxDeviceProfileSelector
LogPluginManager: Mounting plugin LocationServicesBPLibrary
LogPluginManager: Mounting plugin MobilePatchingUtils
LogPluginManager: Mounting plugin OculusVR
LogPluginManager: Plugin shader directory ../../../Engine/Plugins/Runtime/Oculus/OculusVR/Shaders found
LogPluginManager: Mapping shader source directory ../../../Engine/Plugins/Runtime/Oculus/OculusVR/Shaders to virtual directory /Plugin/OculusVR
LogPluginManager: Mounting plugin PhysXVehicles
LogPluginManager: Mounting plugin ProceduralMeshComponent
LogPluginManager: Mounting plugin RuntimePhysXCooking
LogPluginManager: Mounting plugin SteamVR
LogPluginManager: Mounting plugin WindowsMoviePlayer
LogPluginManager: Mounting plugin UE4Duino
LogStreaming: Display: Took  0.110s to configure plugins.
LogInit: Using libcurl 7.55.1-DEV
LogInit:  - built for x86_64-pc-win32
LogInit:  - supports SSL with OpenSSL/1.0.2h
LogInit:  - supports HTTP deflate (compression) using libz 1.2.8
LogInit:  - other features:
LogInit:      CURL_VERSION_SSL
LogInit:      CURL_VERSION_LIBZ
LogInit:      CURL_VERSION_IPV6
LogInit:      CURL_VERSION_ASYNCHDNS
LogInit:      CURL_VERSION_LARGEFILE
LogInit:      CURL_VERSION_IDN
LogInit:  CurlRequestOptions (configurable via config and command line):
LogInit:  - bVerifyPeer = false  - Libcurl will NOT verify peer certificate
LogInit:  - bUseHttpProxy = false  - Libcurl will NOT use HTTP proxy
LogInit:  - bDontReuseConnections = false  - Libcurl will reuse connections
LogInit:  - CertBundlePath = nullptr  - Libcurl will use whatever was configured at build time.
LogInit:  - MaxHostConnections = 16  - Libcurl will limit the number of connections to a host
LogInit:  - LocalHostAddr = Default
LogInit:  - BufferSize = 65536
LogInit: WinSock: version 1.1 (2.2), MaxSocks=32767, MaxUdp=65467
LogInit: Build: ++UE4+Release-4.20-CL-4369336
LogInit: Engine Version: 4.20.3-4369336+++UE4+Release-4.20
LogInit: Compatible Engine Version: 4.20.0-4212847+++UE4+Release-4.20
LogInit: Net CL: 4212847
LogInit: OS: Windows 10 (), CPU: Intel(R) Core(TM) i7-7700HQ CPU @ 2.80GHz, GPU: Intel(R) HD Graphics 630
LogInit: Compiled (64-bit): Sep 17 2018 12:26:19
LogInit: Compiled with Visual C++: 19.13.26129.00
LogInit: Build Configuration: Development
LogInit: Branch Name: ++UE4+Release-4.20
LogInit: Command Line:  
LogInit: Base Directory: E:/Unreal/UE_4.20/Engine/Binaries/Win64/
LogInit: Installed Engine Build: 1
LogDevObjectVersion: Number of dev versions registered: 20
LogDevObjectVersion:   Dev-Blueprints (B0D832E4-1F89-4F0D-ACCF-7EB736FD4AA2): 10
LogDevObjectVersion:   Dev-Build (E1C64328-A22C-4D53-A36C-8E866417BD8C): 0
LogDevObjectVersion:   Dev-Core (375EC13C-06E4-48FB-B500-84F0262A717E): 2
LogDevObjectVersion:   Dev-Editor (E4B068ED-F494-42E9-A231-DA0B2E46BB41): 24
LogDevObjectVersion:   Dev-Framework (CFFC743F-43B0-4480-9391-14DF171D2073): 34
LogDevObjectVersion:   Dev-Mobile (B02B49B5-BB20-44E9-A304-32B752E40360): 2
LogDevObjectVersion:   Dev-Networking (A4E4105C-59A1-49B5-A7C5-40C4547EDFEE): 0
LogDevObjectVersion:   Dev-Online (39C831C9-5AE6-47DC-9A44-9C173E1C8E7C): 0
LogDevObjectVersion:   Dev-Physics (78F01B33-EBEA-4F98-B9B4-84EACCB95AA2): 0
LogDevObjectVersion:   Dev-Platform (6631380F-2D4D-43E0-8009-CF276956A95A): 0
LogDevObjectVersion:   Dev-Rendering (12F88B9F-8875-4AFC-A67C-D90C383ABD29): 26
LogDevObjectVersion:   Dev-Sequencer (7B5AE74C-D270-4C10-A958-57980B212A5A): 9
LogDevObjectVersion:   Dev-VR (D7296918-1DD6-4BDD-9DE2-64A83CC13884): 2
LogDevObjectVersion:   Dev-LoadTimes (C2A15278-BFE7-4AFE-6C17-90FF531DF755): 1
LogDevObjectVersion:   Private-Geometry (6EACA3D4-40EC-4CC1-B786-8BED09428FC5): 3
LogDevObjectVersion:   Dev-AnimPhys (29E575DD-E0A3-4627-9D10-D276232CDCEA): 17
LogDevObjectVersion:   Dev-ReflectionCapture (6B266CEC-1EC7-4B8F-A30B-E4D90942FC07): 1
LogDevObjectVersion:   Dev-Automation (0DF73D61-A23F-47EA-B727-89E90C41499A): 1
LogDevObjectVersion:   FortniteMain (601D1886-AC64-4F84-AA16-D3DE0DEAC7D6): 12
LogDevObjectVersion:   Dev-Enterprise (9DFFBCD6-494F-0158-E221-12823C92A888): 1
LogStreaming: Display: Took  0.000s to delete old logs.
LogInit: Presizing for max 8388607 objects, including 0 objects not considered by GC, pre-allocating 0 bytes for permanent pool.
LogInit: Object subsystem initialized
[2019.06.17-15.11.50:439][  0]LogInit: Selected Device Profile: [Windows]
[2019.06.17-15.11.50:439][  0]LogInit: Applying CVar settings loaded from the selected device profile: [Windows]
[2019.06.17-15.11.50:451][  0]LogHAL: Display: Platform has ~ 16 GB [17063071744 / 17179869184 / 16], which maps to Larger [LargestMinGB=32, LargerMinGB=12, DefaultMinGB=8, SmallerMinGB=6, SmallestMinGB=0)
[2019.06.17-15.11.50:451][  0]LogInit: Setting Device Profile CVar: [[r.Vulkan.UseRealUBs:1]]
[2019.06.17-15.11.50:451][  0]LogInit: Going up to parent DeviceProfile []
[2019.06.17-15.11.50:452][  0]LogInit: Computer: DESKTOP-0BTH82I
[2019.06.17-15.11.50:452][  0]LogInit: User: Gebruiker
[2019.06.17-15.11.50:452][  0]LogInit: CPU Page size=4096, Cores=4
[2019.06.17-15.11.50:452][  0]LogInit: High frequency timer resolution =2.742190 MHz
[2019.06.17-15.11.50:452][  0]LogMemory: Memory total: Physical=15.9GB (16GB approx)
[2019.06.17-15.11.50:452][  0]LogMemory: Platform Memory Stats for Windows
[2019.06.17-15.11.50:452][  0]LogMemory: Process Physical Memory: 99.51 MB used, 99.51 MB peak
[2019.06.17-15.11.50:452][  0]LogMemory: Process Virtual Memory: 91.03 MB used, 91.03 MB peak
[2019.06.17-15.11.50:452][  0]LogMemory: Physical Memory: 4838.09 MB used,  11434.53 MB free, 16272.61 MB total
[2019.06.17-15.11.50:452][  0]LogMemory: Virtual Memory: 4645.22 MB used,  11434.53 MB free, 134217728.00 MB total
[2019.06.17-15.11.50:473][  0]LogInit: Using OS detected language (nl-NL).
[2019.06.17-15.11.50:473][  0]LogInit: Using OS detected locale (nl-NL).
[2019.06.17-15.11.50:474][  0]LogTextLocalizationManager: No localization for 'nl-NL' exists, so 'en' will be used for the language.
[2019.06.17-15.11.50:839][  0]LogStreaming: Display: Took  0.366s to InitEngineTextLocalization.
[2019.06.17-15.11.50:840][  0]LogInit: Setting process to per monitor DPI aware
[2019.06.17-15.11.50:869][  0]LogSlate: New Slate User Created.  User Index 0, Is Virtual User: 0
[2019.06.17-15.11.50:869][  0]LogSlate: Slate User Registered.  User Index 0, Is Virtual User: 0
[2019.06.17-15.11.51:095][  0]LogHMD: Failed to initialize OpenVR with code 110
[2019.06.17-15.11.51:095][  0]LogD3D11RHI: D3D11 adapters:
[2019.06.17-15.11.52:046][  0]LogD3D11RHI:    0. 'NVIDIA GeForce GTX 1050 Ti' (Feature Level 11_0)
[2019.06.17-15.11.52:046][  0]LogD3D11RHI:       4018/0/8136 MB DedicatedVideo/DedicatedSystem/SharedSystem, Outputs:1, VendorId:0x10de
[2019.06.17-15.11.52:059][  0]LogD3D11RHI:    1. 'Intel(R) HD Graphics 630' (Feature Level 11_0)
[2019.06.17-15.11.52:059][  0]LogD3D11RHI:       128/0/8136 MB DedicatedVideo/DedicatedSystem/SharedSystem, Outputs:0, VendorId:0x8086
[2019.06.17-15.11.52:061][  0]LogD3D11RHI:    2. 'Microsoft Basic Render Driver' (Feature Level 11_0)
[2019.06.17-15.11.52:061][  0]LogD3D11RHI:       0/0/8136 MB DedicatedVideo/DedicatedSystem/SharedSystem, Outputs:0, VendorId:0x1414
[2019.06.17-15.11.52:061][  0]LogD3D11RHI: Chosen D3D11 Adapter: 0
[2019.06.17-15.11.52:087][  0]LogD3D11RHI: Creating new Direct3DDevice
[2019.06.17-15.11.52:088][  0]LogD3D11RHI:     GPU DeviceId: 0x1c8c (for the marketing name, search the web for "GPU Device Id")
[2019.06.17-15.11.52:088][  0]LogWindows: EnumDisplayDevices:
[2019.06.17-15.11.52:088][  0]LogWindows:    0. 'Intel(R) HD Graphics 630' (P:1 D:1)
[2019.06.17-15.11.52:088][  0]LogWindows:    1. 'Intel(R) HD Graphics 630' (P:0 D:0)
[2019.06.17-15.11.52:089][  0]LogWindows:    2. 'Intel(R) HD Graphics 630' (P:0 D:0)
[2019.06.17-15.11.52:089][  0]LogWindows:    3. 'NVIDIA GeForce GTX 1050 Ti' (P:0 D:0)
[2019.06.17-15.11.52:089][  0]LogWindows:    4. 'NVIDIA GeForce GTX 1050 Ti' (P:0 D:0)
[2019.06.17-15.11.52:089][  0]LogWindows:    5. 'NVIDIA GeForce GTX 1050 Ti' (P:0 D:0)
[2019.06.17-15.11.52:090][  0]LogWindows:    6. 'NVIDIA GeForce GTX 1050 Ti' (P:0 D:0)
[2019.06.17-15.11.52:090][  0]LogWindows: DebugString: PrimaryIsNotTheChoosenAdapter PrimaryIsNotTheChoosenAdapter PrimaryIsNotTheChoosenAdapter FoundDriverCount:4 
[2019.06.17-15.11.52:090][  0]LogD3D11RHI:     Adapter Name: NVIDIA GeForce GTX 1050 Ti
[2019.06.17-15.11.52:090][  0]LogD3D11RHI:   Driver Version: 419.67 (internal:25.21.14.1967, unified:419.67)
[2019.06.17-15.11.52:090][  0]LogD3D11RHI:      Driver Date: 3-17-2019
[2019.06.17-15.11.52:090][  0]LogRHI: Texture pool is 2812 MB (70% of 4018 MB)
[2019.06.17-15.11.52:138][  0]LogD3D11RHI: Async texture creation enabled
[2019.06.17-15.11.52:149][  0]LogD3D11RHI: GPU Timing Frequency: 1000.000000 (Debug: 2 1)
[2019.06.17-15.11.52:150][  0]LogShaderCompilers: Guid format shader working directory is -63 characters bigger than the processId version (C:/Users/Gebruiker/Documents/GitHub/InOutput/Keuzedeel-Special-Input-Output-2019/Project/InputOutput/Inputoutput/Intermediate/Shaders/WorkingDirectory/13584/).
[2019.06.17-15.11.52:150][  0]LogShaderCompilers: Cleaned the shader compiler working directory 'C:/Users/Gebruiker/AppData/Local/Temp/UnrealShaderWorkingDir/6CF719A74DAC9D74807D45A708F0B2B7/'.
[2019.06.17-15.11.52:433][  0]LogTemp: Display: Loaded TP AllDesktopTargetPlatform
[2019.06.17-15.11.52:445][  0]LogTemp: Display: Loaded TP MacClientTargetPlatform
[2019.06.17-15.11.52:457][  0]LogTemp: Display: Loaded TP MacNoEditorTargetPlatform
[2019.06.17-15.11.52:469][  0]LogTemp: Display: Loaded TP MacServerTargetPlatform
[2019.06.17-15.11.52:481][  0]LogTemp: Display: Loaded TP MacTargetPlatform
[2019.06.17-15.11.52:493][  0]LogTemp: Display: Loaded TP WindowsClientTargetPlatform
[2019.06.17-15.11.52:506][  0]LogTemp: Display: Loaded TP WindowsNoEditorTargetPlatform
[2019.06.17-15.11.52:519][  0]LogTemp: Display: Loaded TP WindowsServerTargetPlatform
[2019.06.17-15.11.52:525][  0]LogTemp: Display: Loaded TP WindowsTargetPlatform
[2019.06.17-15.11.52:608][  0]LogTemp: Display: Loaded TP AndroidTargetPlatform
[2019.06.17-15.11.52:608][  0]LogTemp: Display: Loaded TP AndroidTargetPlatform
[2019.06.17-15.11.52:608][  0]LogTemp: Display: Loaded TP AndroidTargetPlatform
[2019.06.17-15.11.52:608][  0]LogTemp: Display: Loaded TP AndroidTargetPlatform
[2019.06.17-15.11.52:608][  0]LogTemp: Display: Loaded TP AndroidTargetPlatform
[2019.06.17-15.11.52:608][  0]LogTemp: Display: Loaded TP AndroidTargetPlatform
[2019.06.17-15.11.52:608][  0]LogTemp: Display: Loaded TP AndroidTargetPlatform
[2019.06.17-15.11.52:608][  0]LogTemp: Display: Loaded TP AndroidTargetPlatform
[2019.06.17-15.11.52:608][  0]LogTemp: Display: Loaded TP AndroidTargetPlatform
[2019.06.17-15.11.52:608][  0]LogTemp: Display: Loaded TP AndroidTargetPlatform
[2019.06.17-15.11.52:608][  0]LogTemp: Display: Loaded TP AndroidTargetPlatform
[2019.06.17-15.11.52:608][  0]LogTemp: Display: Loaded TP AndroidTargetPlatform
[2019.06.17-15.11.52:608][  0]LogTemp: Display: Loaded TP AndroidTargetPlatform
[2019.06.17-15.11.52:608][  0]LogTemp: Display: Loaded TP AndroidTargetPlatform
[2019.06.17-15.11.52:608][  0]LogTemp: Display: Loaded TP AndroidTargetPlatform
[2019.06.17-15.11.52:608][  0]LogTemp: Display: Loaded TP AndroidTargetPlatform
[2019.06.17-15.11.52:608][  0]LogTemp: Display: Loaded TP AndroidTargetPlatform
[2019.06.17-15.11.52:608][  0]LogTemp: Display: Loaded TP AndroidTargetPlatform
[2019.06.17-15.11.52:609][  0]LogTemp: Display: Loaded TP HTML5TargetPlatform
[2019.06.17-15.11.52:669][  0]LogTemp: Display: Loaded TP IOSTargetPlatform
[2019.06.17-15.11.52:669][  0]LogTemp: Display: Loaded TP IOSTargetPlatform
[2019.06.17-15.11.52:696][  0]LogTemp: Display: Loaded TP TVOSTargetPlatform
[2019.06.17-15.11.52:696][  0]LogTemp: Display: Loaded TP TVOSTargetPlatform
[2019.06.17-15.11.52:711][  0]LogTemp: Display: Loaded TP LinuxClientTargetPlatform
[2019.06.17-15.11.52:728][  0]LogTemp: Display: Loaded TP LinuxNoEditorTargetPlatform
[2019.06.17-15.11.52:741][  0]LogTemp: Display: Loaded TP LinuxServerTargetPlatform
[2019.06.17-15.11.52:754][  0]LogTemp: Display: Loaded TP LinuxTargetPlatform
[2019.06.17-15.11.52:762][  0]LogTemp: Display: Loaded TP LuminTargetPlatform
[2019.06.17-15.11.52:762][  0]LogTargetPlatformManager: Display: Building Assets For Windows
[2019.06.17-15.11.52:809][  0]LogXGEController: Cleaning working directory: C:/Users/Gebruiker/AppData/Local/Temp/UnrealXGEWorkingDir/
[2019.06.17-15.11.52:810][  0]LogXGEController: Cannot use XGE Controller as Incredibuild is not installed on this machine.
[2019.06.17-15.11.52:810][  0]LogShaderCompilers: Cannot use XGE Shader Compiler as Incredibuild is not installed on this machine.
[2019.06.17-15.11.52:810][  0]LogShaderCompilers: Display: Using Local Shader Compiler.
[2019.06.17-15.11.53:518][  0]LogDerivedDataCache: Display: Max Cache Size: 512 MB
[2019.06.17-15.11.53:572][  0]LogDerivedDataCache: Loaded boot cache 0.05s 71MB C:/Users/Gebruiker/AppData/Local/UnrealEngine/4.20/DerivedDataCache/Boot.ddc.
[2019.06.17-15.11.53:573][  0]LogDerivedDataCache: Display: Loaded Boot cache: C:/Users/Gebruiker/AppData/Local/UnrealEngine/4.20/DerivedDataCache/Boot.ddc
[2019.06.17-15.11.53:573][  0]LogDerivedDataCache: FDerivedDataBackendGraph:  Pak pak cache file C:/Users/Gebruiker/Documents/GitHub/InOutput/Keuzedeel-Special-Input-Output-2019/Project/InputOutput/Inputoutput/DerivedDataCache/DDC.ddp not found, will not use a pak cache.
[2019.06.17-15.11.53:573][  0]LogDerivedDataCache: Unable to find inner node Pak for hierarchical cache Hierarchy.
[2019.06.17-15.11.53:573][  0]LogDerivedDataCache: FDerivedDataBackendGraph:  CompressedPak pak cache file C:/Users/Gebruiker/Documents/GitHub/InOutput/Keuzedeel-Special-Input-Output-2019/Project/InputOutput/Inputoutput/DerivedDataCache/Compressed.ddp not found, will not use a pak cache.
[2019.06.17-15.11.53:573][  0]LogDerivedDataCache: Unable to find inner node CompressedPak for hierarchical cache Hierarchy.
[2019.06.17-15.11.53:588][  0]LogDerivedDataCache: Display: Pak cache opened for reading ../../../Engine/DerivedDataCache/Compressed.ddp.
[2019.06.17-15.11.53:600][  0]LogDerivedDataCache: Using Local data cache path C:/Users/Gebruiker/AppData/Local/UnrealEngine/Common/DerivedDataCache: Writable
[2019.06.17-15.11.53:600][  0]LogDerivedDataCache: Shared data cache path not found in *engine.ini, will not use an Shared cache.
[2019.06.17-15.11.53:600][  0]LogDerivedDataCache: Unable to find inner node Shared for hierarchical cache Hierarchy.
[2019.06.17-15.11.53:617][  0]LogMaterial: Verifying Global Shaders for PCD3D_SM5
[2019.06.17-15.11.53:619][  0]LogSlate: Using FreeType 2.6.0
[2019.06.17-15.11.53:619][  0]LogSlate: SlateFontServices - WITH_FREETYPE: 1, WITH_HARFBUZZ: 1
[2019.06.17-15.11.53:690][  0]LogAssetRegistry: FAssetRegistry took 0.0267 seconds to start up
[2019.06.17-15.11.53:992][  0]LogInit: Selected Device Profile: [Windows]
[2019.06.17-15.11.54:121][  0]LogSimplygon: Simplygon DLL not present - disabling.
[2019.06.17-15.11.54:124][  0]LogMeshReduction: Using SimplygonSwarm for distributed automatic mesh merging
[2019.06.17-15.11.54:124][  0]LogMeshReduction: Using ProxyLODMeshReduction for automatic mesh merging
[2019.06.17-15.11.54:124][  0]LogMeshReduction: Using QuadricMeshReduction for automatic static mesh reduction
[2019.06.17-15.11.54:124][  0]LogMeshReduction: No automatic skeletal mesh reduction module available
[2019.06.17-15.11.54:137][  0]LogNetVersion: Inputoutput 1.0.0, NetCL: 4212847, EngineNetVer: 5, GameNetVer: 0 (Checksum: 1927922815)
[2019.06.17-15.11.54:592][  0]LogPackageLocalizationCache: Processed 11 localized package path(s) for 1 prioritized culture(s) in 0.058782 seconds
[2019.06.17-15.11.54:598][  0]LogUObjectArray: 38425 objects as part of root set at end of initial load.
[2019.06.17-15.11.54:598][  0]LogUObjectAllocator: 6690872 out of 0 bytes used by permanent object pool.
[2019.06.17-15.11.54:598][  0]LogUObjectArray: CloseDisregardForGC: 0/0 objects in disregard for GC pool
[2019.06.17-15.11.55:382][  0]LogTcpMessaging: Initializing TcpMessaging bridge
[2019.06.17-15.11.55:395][  0]LogUdpMessaging: Initializing bridge on interface 0.0.0.0:0 to multicast group 230.0.0.1:6666.
[2019.06.17-15.11.55:505][  0]UE4DuinoLog: Warning: UE4Duino: Log Started
[2019.06.17-15.11.55:533][  0]SourceControl: Source control is disabled
[2019.06.17-15.11.55:534][  0]SourceControl: Source control is disabled
[2019.06.17-15.11.55:535][  0]SourceControl: Source control is disabled
[2019.06.17-15.11.55:536][  0]SourceControl: Source control is disabled
[2019.06.17-15.11.55:689][  0]LogAndroidPermission: UAndroidPermissionCallbackProxy::GetInstance
[2019.06.17-15.11.55:741][  0]LogOcInput: OculusInput pre-init called
[2019.06.17-15.11.55:797][  0]LogEngine: Initializing Engine...
[2019.06.17-15.11.55:798][  0]LogHMD: Failed to initialize OpenVR with code 110
[2019.06.17-15.11.55:799][  0]LogStats: UGameplayTagsManager::ConstructGameplayTagTree: ImportINI prefixes -  0.000 s
[2019.06.17-15.11.55:799][  0]LogStats: UGameplayTagsManager::ConstructGameplayTagTree: Construct from data asset -  0.000 s
[2019.06.17-15.11.55:799][  0]LogStats: UGameplayTagsManager::ConstructGameplayTagTree: ImportINI -  0.000 s
[2019.06.17-15.11.55:799][  0]LogStats: UGameplayTagsManager::ConstructGameplayTagTree: GameplayTagTreeChangedEvent.Broadcast -  0.000 s
[2019.06.17-15.11.56:009][  0]LogInit: Initializing FReadOnlyCVARCache
[2019.06.17-15.11.56:020][  0]LogAIModule: Creating AISystem for world Untitled
[2019.06.17-15.11.56:034][  0]LogInit: XAudio2 using 'Luidsprekers (Realtek High Definition Audio)' : 2 channels at 48 kHz using 32 bits per sample (channel mask 0x3)
[2019.06.17-15.11.56:091][  0]LogInit: FAudioDevice initialized.
[2019.06.17-15.11.56:092][  0]LogNetVersion: Set ProjectVersion to 1.0.0.0. Version Checksum will be recalculated on next use.
[2019.06.17-15.11.56:171][  0]LogDerivedDataCache: Saved boot cache 0.08s 71MB C:/Users/Gebruiker/AppData/Local/UnrealEngine/4.20/DerivedDataCache/Boot.ddc.
[2019.06.17-15.11.56:175][  0]LogInit: Texture streaming: Enabled
[2019.06.17-15.11.56:187][  0]LogEngineSessionManager: EngineSessionManager initialized
[2019.06.17-15.11.56:197][  0]LogInit: Transaction tracking system initialized
[2019.06.17-15.11.56:215][  0]BlueprintLog: New page: Editor Load
[2019.06.17-15.11.56:274][  0]LocalizationService: Localization service is disabled
[2019.06.17-15.11.56:531][  0]LogCook: Display: Max memory allowance for cook 16384mb min free memory 0mb
[2019.06.17-15.11.56:531][  0]LogCook: Display: Mobile HDR setting 1
[2019.06.17-15.11.56:531][  0]LogGameplayTags: Display: UGameplayTagsManager::DoneAddingNativeTags. DelegateIsBound: 0
[2019.06.17-15.11.56:531][  0]LogStats: UGameplayTagsManager::ConstructGameplayTagTree: ImportINI prefixes -  0.000 s
[2019.06.17-15.11.56:531][  0]LogStats: UGameplayTagsManager::ConstructGameplayTagTree: Construct from data asset -  0.000 s
[2019.06.17-15.11.56:531][  0]LogStats: UGameplayTagsManager::ConstructGameplayTagTree: ImportINI -  0.000 s
[2019.06.17-15.11.56:531][  0]LogStats: UGameplayTagsManager::ConstructGameplayTagTree: GameplayTagTreeChangedEvent.Broadcast -  0.000 s
[2019.06.17-15.11.56:630][  0]LogFileCache: Scanning file cache for directory 'C:/Users/Gebruiker/Documents/GitHub/InOutput/Keuzedeel-Special-Input-Output-2019/Project/InputOutput/Inputoutput/Content/' took 0.02s
[2019.06.17-15.11.56:630][  0]SourceControl: Source control is disabled
[2019.06.17-15.11.56:630][  0]LightingResults: New page: Lighting Build
[2019.06.17-15.11.56:632][  0]MapCheck: New page: Map Check
[2019.06.17-15.11.56:632][  0]LightingResults: New page: Lighting Build
[2019.06.17-15.11.58:440][  0]LogAIModule: Creating AISystem for world ThirdPersonExampleMap
[2019.06.17-15.11.58:451][  0]LogEditorServer: Finished looking for orphan Actors (0.000 secs)
[2019.06.17-15.11.58:478][  0]Cmd: MAP CHECKDEP NOCLEARLOG
[2019.06.17-15.11.58:530][  0]MapCheck: Map check complete: 0 Error(s), 0 Warning(s), took 53,163ms to complete.
[2019.06.17-15.11.58:531][  0]LogFileHelpers: Loading map 'ThirdPersonExampleMap' took 1.901
[2019.06.17-15.11.58:632][  0]LogSlate: Updating window title bar state: overlay mode, drag disabled, window buttons hidden, title bar hidden
[2019.06.17-15.11.58:638][  0]LogSlate: Updating window title bar state: overlay mode, drag disabled, window buttons hidden, title bar hidden
[2019.06.17-15.11.58:646][  0]LogSlate: Updating window title bar state: overlay mode, drag disabled, window buttons hidden, title bar hidden
[2019.06.17-15.11.58:653][  0]LogSlate: Updating window title bar state: overlay mode, drag disabled, window buttons hidden, title bar hidden
[2019.06.17-15.11.58:657][  0]LogCollectionManager: Loaded 0 collections in 0.001002 seconds
[2019.06.17-15.11.58:697][  0]LogFileCache: Scanning file cache for directory 'C:/Users/Gebruiker/Documents/GitHub/InOutput/Keuzedeel-Special-Input-Output-2019/Project/InputOutput/Inputoutput/Saved/Collections/' took 0.01s
[2019.06.17-15.11.58:697][  0]LogFileCache: Scanning file cache for directory 'C:/Users/Gebruiker/Documents/GitHub/InOutput/Keuzedeel-Special-Input-Output-2019/Project/InputOutput/Inputoutput/Content/Developers/Gebruiker/Collections/' took 0.01s
[2019.06.17-15.11.58:697][  0]LogFileCache: Scanning file cache for directory 'C:/Users/Gebruiker/Documents/GitHub/InOutput/Keuzedeel-Special-Input-Output-2019/Project/InputOutput/Inputoutput/Content/Collections/' took 0.01s
[2019.06.17-15.11.58:697][  0]LogCollectionManager: Rebuilt the GUID cache for 0 collections in 0.000000 seconds
[2019.06.17-15.11.58:707][  0]LogContentBrowser: Native class hierarchy populated in 0.0096 seconds. Added 2573 classes and 606 folders.
[2019.06.17-15.11.58:712][  0]LogContentBrowser: Native class hierarchy updated for 'WidgetCarousel' in 0.0003 seconds. Added 0 classes and 0 folders.
[2019.06.17-15.11.58:751][  0]LogContentBrowser: Native class hierarchy updated for 'AddContentDialog' in 0.0002 seconds. Added 0 classes and 0 folders.
[2019.06.17-15.11.58:754][  0]LogContentBrowser: Native class hierarchy updated for 'SceneOutliner' in 0.0002 seconds. Added 1 classes and 2 folders.
[2019.06.17-15.11.58:768][  0]LogSlate: Took 0.000201 seconds to synchronously load lazily loaded font '../../../Engine/Content/Slate/Fonts/Roboto-Regular.ttf' (155K)
[2019.06.17-15.11.58:771][  0]LogSlate: Took 0.000209 seconds to synchronously load lazily loaded font '../../../Engine/Content/Slate/Fonts/Roboto-Bold.ttf' (160K)
[2019.06.17-15.11.58:779][  0]LogSlate: Took 0.000291 seconds to synchronously load lazily loaded font '../../../Engine/Content/Editor/Slate/Fonts/FontAwesome.ttf' (139K)
[2019.06.17-15.11.58:867][  0]LogRenderer: Reallocating scene render targets to support 964x460 Format 10 NumSamples 1 (Frame:1).
[2019.06.17-15.11.58:995][  0]LogContentBrowser: Native class hierarchy updated for 'HierarchicalLODOutliner' in 0.0002 seconds. Added 0 classes and 0 folders.
[2019.06.17-15.11.58:995][  0]LogLoad: (Engine Initialization) Total time: 10.00 seconds
[2019.06.17-15.11.58:995][  0]LogLoad: (Engine Initialization) Total Blueprint compile time: 0.00 seconds
[2019.06.17-15.11.59:032][  0]LogContentStreaming: Texture pool size now 1000 MB
[2019.06.17-15.11.59:052][  0]LogSlate: Took 0.000160 seconds to synchronously load lazily loaded font '../../../Engine/Content/Slate/Fonts/Roboto-Light.ttf' (167K)
[2019.06.17-15.11.59:071][  1]LogAssetRegistry: Asset discovery search completed in 5.4047 seconds
[2019.06.17-15.11.59:074][  1]LogCollectionManager: Rebuilt the object cache for 0 collections in 0.000000 seconds (found 0 objects)
[2019.06.17-15.11.59:074][  1]LogCollectionManager: Fixed up redirectors for 0 collections in 0.000064 seconds (updated 0 objects)
[2019.06.17-15.12.00:396][  5]LogSlate: Took 0.000197 seconds to synchronously load lazily loaded font '../../../Engine/Content/Slate/Fonts/Roboto-Light.ttf' (167K)
[2019.06.17-15.12.04:956][ 24]LogEditorViewport: Clicking on Actor (context menu): StaticMeshActor (LeftArm_StaticMesh)
[2019.06.17-15.12.05:753][ 24]LogSlate: FSceneViewport::OnFocusLost() reason 2
[2019.06.17-15.12.11:339][633]LogSlate: FSceneViewport::OnFocusLost() reason 0
[2019.06.17-15.12.14:275][966]LogAssetEditorManager: Opening Asset editor for Blueprint /Game/ThirdPersonBP/Blueprints/ThirdPersonGameMode.ThirdPersonGameMode
[2019.06.17-15.12.15:202][966]LogContentBrowser: Native class hierarchy updated for 'BlueprintGraph' in 0.0005 seconds. Added 116 classes and 0 folders.
[2019.06.17-15.12.23:012][639]LogSlate: Window 'ThirdPersonGameMode' being destroyed
[2019.06.17-15.12.23:016][639]LogSlate: Window 'ThirdPersonGameMode' being destroyed
[2019.06.17-15.12.25:704][921]LogSlate: FSceneViewport::OnFocusLost() reason 0
[2019.06.17-15.12.31:117][536]LogSavePackage: Moving 'C:/Users/Gebruiker/Documents/GitHub/InOutput/Keuzedeel-Special-Input-Output-2019/Project/InputOutput/Inputoutput/Saved/ThirdPersonCharacterDAF39ACA4B91D4FD87C146AE44EB2E0E.tmp' to 'C:/Users/Gebruiker/Documents/GitHub/InOutput/Keuzedeel-Special-Input-Output-2019/Project/InputOutput/Inputoutput/Content/ThirdPersonBP/Blueprints/ThirdPersonCharacter.uasset'
[2019.06.17-15.12.32:328][668]LogSlate: FSceneViewport::OnFocusLost() reason 0
[2019.06.17-15.12.32:665][697]LogSlate: Window 'Inputoutput - Unreal Editor' being destroyed
[2019.06.17-15.12.32:665][697]LogWindowsTextInputMethodSystem: Display: IME system now deactivated.
[2019.06.17-15.12.32:923][698]Cmd: QUIT_EDITOR
[2019.06.17-15.12.32:955][698]LogExit: Preparing to exit.
[2019.06.17-15.12.33:516][698]LogExit: Editor shut down
[2019.06.17-15.12.33:516][698]LogExit: Transaction tracking system shut down
[2019.06.17-15.12.34:137][698]LogExit: Object subsystem successfully closed.
[2019.06.17-15.12.34:150][698]LogShaderCompilers: Display: Shaders left to compile 0
[2019.06.17-15.12.34:153][698]LogD3D11RHI: Shutdown
[2019.06.17-15.12.34:153][698]LogD3D11RHI: CleanupD3DDevice
[2019.06.17-15.12.34:154][698]LogD3D11RHI: ~FD3D11DynamicRHI
[2019.06.17-15.12.34:166][698]LogModuleManager: Shutting down and abandoning module BlueprintGraph (614)
[2019.06.17-15.12.34:166][698]LogModuleManager: Shutting down and abandoning module HierarchicalLODOutliner (612)
[2019.06.17-15.12.34:166][698]LogModuleManager: Shutting down and abandoning module SceneOutliner (610)
[2019.06.17-15.12.34:166][698]LogModuleManager: Shutting down and abandoning module AddContentDialog (608)
[2019.06.17-15.12.34:167][698]LogModuleManager: Shutting down and abandoning module WidgetCarousel (607)
[2019.06.17-15.12.34:167][698]LogModuleManager: Shutting down and abandoning module EditorWidgets (604)
[2019.06.17-15.12.34:167][698]LogModuleManager: Shutting down and abandoning module CollectionManager (602)
[2019.06.17-15.12.34:168][698]LogModuleManager: Shutting down and abandoning module StatsViewer (600)
[2019.06.17-15.12.34:168][698]LogModuleManager: Shutting down and abandoning module FoliageEdit (598)
[2019.06.17-15.12.34:168][698]LogModuleManager: Shutting down and abandoning module LandscapeEditor (596)
[2019.06.17-15.12.34:168][698]LogModuleManager: Shutting down and abandoning module MeshPaintMode (594)
[2019.06.17-15.12.34:168][698]LogModuleManager: Shutting down and abandoning module SceneDepthPickerMode (592)
[2019.06.17-15.12.34:168][698]LogModuleManager: Shutting down and abandoning module ActorPickerMode (590)
[2019.06.17-15.12.34:168][698]LogModuleManager: Shutting down and abandoning module GeometryMode (588)
[2019.06.17-15.12.34:168][698]LogModuleManager: Shutting down and abandoning module TextureAlignMode (586)
[2019.06.17-15.12.34:168][698]LogModuleManager: Shutting down and abandoning module BspMode (584)
[2019.06.17-15.12.34:168][698]LogModuleManager: Shutting down and abandoning module PIEPreviewDeviceProfileSelector (582)
[2019.06.17-15.12.34:168][698]LogModuleManager: Shutting down and abandoning module SequenceRecorderSections (580)
[2019.06.17-15.12.34:168][698]LogModuleManager: Shutting down and abandoning module AutomationWorker (578)
[2019.06.17-15.12.34:168][698]LogModuleManager: Shutting down and abandoning module AudioCaptureEditor (576)
[2019.06.17-15.12.34:168][698]LogModuleManager: Shutting down and abandoning module SequenceRecorder (575)
[2019.06.17-15.12.34:168][698]LogModuleManager: Shutting down and abandoning module MatineeToLevelSequence (572)
[2019.06.17-15.12.34:168][698]LogModuleManager: Shutting down and abandoning module LevelSequenceEditor (570)
[2019.06.17-15.12.34:168][698]LogModuleManager: Shutting down and abandoning module PlacementMode (569)
[2019.06.17-15.12.34:168][698]LogModuleManager: Shutting down and abandoning module MaterialEditor (568)
[2019.06.17-15.12.34:168][698]LogModuleManager: Shutting down and abandoning module WmfMediaFactory (564)
[2019.06.17-15.12.34:168][698]LogModuleManager: Shutting down and abandoning module WmfMediaEditor (562)
[2019.06.17-15.12.34:168][698]LogModuleManager: Shutting down and abandoning module MediaPlayerEditor (560)
[2019.06.17-15.12.34:168][698]LogModuleManager: Shutting down and abandoning module OpenExrWrapper (558)
[2019.06.17-15.12.34:168][698]LogModuleManager: Shutting down and abandoning module ImgMediaFactory (556)
[2019.06.17-15.12.34:168][698]LogModuleManager: Shutting down and abandoning module ImgMediaEditor (554)
[2019.06.17-15.12.34:168][698]LogModuleManager: Shutting down and abandoning module AvfMediaFactory (552)
[2019.06.17-15.12.34:168][698]LogModuleManager: Shutting down and abandoning module AvfMediaEditor (550)
[2019.06.17-15.12.34:168][698]LogModuleManager: Shutting down and abandoning module AndroidMediaFactory (548)
[2019.06.17-15.12.34:168][698]LogModuleManager: Shutting down and abandoning module AndroidMediaEditor (546)
[2019.06.17-15.12.34:168][698]LogModuleManager: Shutting down and abandoning module MagicLeapCameraPreviewFactory (544)
[2019.06.17-15.12.34:168][698]LogModuleManager: Shutting down and abandoning module MagicLeapMediaFactory (542)
[2019.06.17-15.12.34:168][698]LogModuleManager: Shutting down and abandoning module MagicLeapMediaEditor (540)
[2019.06.17-15.12.34:168][698]LogModuleManager: Shutting down and abandoning module CharacterAI (538)
[2019.06.17-15.12.34:168][698]LogModuleManager: Shutting down and abandoning module SmartSnapping (536)
[2019.06.17-15.12.34:168][698]LogModuleManager: Shutting down and abandoning module SessionServices (534)
[2019.06.17-15.12.34:168][698]LogModuleManager: Shutting down and abandoning module ViewportSnapping (532)
[2019.06.17-15.12.34:168][698]LogModuleManager: Shutting down and abandoning module ViewportInteraction (530)
[2019.06.17-15.12.34:168][698]LogModuleManager: Shutting down and abandoning module ClothPainter (528)
[2019.06.17-15.12.34:168][698]LogModuleManager: Shutting down and abandoning module SkeletalMeshEditor (527)
[2019.06.17-15.12.34:168][698]LogModuleManager: Shutting down and abandoning module LogVisualizer (524)
[2019.06.17-15.12.34:169][698]LogModuleManager: Shutting down and abandoning module IntroTutorials (522)
[2019.06.17-15.12.34:169][698]LogModuleManager: Shutting down and abandoning module GameProjectGeneration (521)
[2019.06.17-15.12.34:169][698]LogModuleManager: Shutting down and abandoning module LuminPlatformEditor (518)
[2019.06.17-15.12.34:169][698]LogModuleManager: Shutting down and abandoning module IOSPlatformEditor (516)
[2019.06.17-15.12.34:169][698]LogModuleManager: Shutting down and abandoning module HTML5PlatformEditor (514)
[2019.06.17-15.12.34:169][698]LogModuleManager: Shutting down and abandoning module AndroidPlatformEditor (512)
[2019.06.17-15.12.34:169][698]LogModuleManager: Shutting down and abandoning module AndroidDeviceDetection (511)
[2019.06.17-15.12.34:329][698]LogModuleManager: Shutting down and abandoning module WindowsPlatformEditor (508)
[2019.06.17-15.12.34:329][698]LogModuleManager: Shutting down and abandoning module LuminRuntimeSettings (506)
[2019.06.17-15.12.34:329][698]LogModuleManager: Shutting down and abandoning module IOSRuntimeSettings (504)
[2019.06.17-15.12.34:329][698]LogModuleManager: Shutting down and abandoning module AndroidRuntimeSettings (502)
[2019.06.17-15.12.34:329][698]LogModuleManager: Shutting down and abandoning module InputBindingEditor (500)
[2019.06.17-15.12.34:329][698]LogModuleManager: Shutting down and abandoning module MergeActors (498)
[2019.06.17-15.12.34:329][698]LogModuleManager: Shutting down and abandoning module LocalizationDashboard (496)
[2019.06.17-15.12.34:329][698]LogModuleManager: Shutting down and abandoning module LocalizationService (495)
[2019.06.17-15.12.34:329][698]LogModuleManager: Shutting down and abandoning module HardwareTargeting (492)
[2019.06.17-15.12.34:329][698]LogModuleManager: Shutting down and abandoning module DeviceProfileEditor (490)
[2019.06.17-15.12.34:329][698]LogModuleManager: Shutting down and abandoning module UndoHistory (488)
[2019.06.17-15.12.34:329][698]LogModuleManager: Shutting down and abandoning module XmlParser (486)
[2019.06.17-15.12.34:329][698]LogModuleManager: Shutting down and abandoning module Blutility (484)
[2019.06.17-15.12.34:329][698]LogModuleManager: Shutting down and abandoning module ProjectSettingsViewer (482)
[2019.06.17-15.12.34:330][698]LogModuleManager: Shutting down and abandoning module ProjectTargetPlatformEditor (481)
[2019.06.17-15.12.34:330][698]LogModuleManager: Shutting down and abandoning module EditorSettingsViewer (478)
[2019.06.17-15.12.34:330][698]LogModuleManager: Shutting down and abandoning module SettingsEditor (476)
[2019.06.17-15.12.34:330][698]LogModuleManager: Shutting down and abandoning module ProjectLauncher (474)
[2019.06.17-15.12.34:330][698]LogModuleManager: Shutting down and abandoning module SessionFrontend (472)
[2019.06.17-15.12.34:330][698]LogModuleManager: Shutting down and abandoning module ProfilerClient (470)
[2019.06.17-15.12.34:330][698]LogModuleManager: Shutting down and abandoning module DeviceManager (468)
[2019.06.17-15.12.34:330][698]LogModuleManager: Shutting down and abandoning module TargetDeviceServices (467)
[2019.06.17-15.12.34:385][698]LogModuleManager: Shutting down and abandoning module AutomationController (464)
[2019.06.17-15.12.34:385][698]LogModuleManager: Shutting down and abandoning module AutomationWindow (462)
[2019.06.17-15.12.34:385][698]LogModuleManager: Shutting down and abandoning module Layers (460)
[2019.06.17-15.12.34:385][698]LogModuleManager: Shutting down and abandoning module ComponentVisualizers (458)
[2019.06.17-15.12.34:385][698]LogModuleManager: Shutting down and abandoning module DetailCustomizations (456)
[2019.06.17-15.12.34:385][698]LogModuleManager: Shutting down and abandoning module PackagesDialog (454)
[2019.06.17-15.12.34:385][698]LogModuleManager: Shutting down and abandoning module Persona (452)
[2019.06.17-15.12.34:385][698]LogModuleManager: Shutting down and abandoning module AdvancedPreviewScene (451)
[2019.06.17-15.12.34:385][698]LogModuleManager: Shutting down and abandoning module AnimGraph (449)
[2019.06.17-15.12.34:385][698]LogModuleManager: Shutting down and abandoning module Kismet (446)
[2019.06.17-15.12.34:389][698]LogModuleManager: Shutting down and abandoning module GraphEditor (444)
[2019.06.17-15.12.34:389][698]LogModuleManager: Shutting down and abandoning module ClassViewer (442)
[2019.06.17-15.12.34:389][698]LogModuleManager: Shutting down and abandoning module Toolbox (440)
[2019.06.17-15.12.34:389][698]LogModuleManager: Shutting down and abandoning module ModuleUI (438)
[2019.06.17-15.12.34:389][698]LogModuleManager: Shutting down and abandoning module MovieSceneTools (436)
[2019.06.17-15.12.34:389][698]LogModuleManager: Shutting down and abandoning module OutputLog (434)
[2019.06.17-15.12.34:389][698]LogModuleManager: Shutting down and abandoning module GammaUI (432)
[2019.06.17-15.12.34:389][698]LogModuleManager: Shutting down and abandoning module Documentation (430)
[2019.06.17-15.12.34:389][698]LogModuleManager: Shutting down and abandoning module MovieSceneTracks (428)
[2019.06.17-15.12.34:389][698]LogModuleManager: Shutting down and abandoning module MovieScene (426)
[2019.06.17-15.12.34:389][698]LogModuleManager: Shutting down and abandoning module StreamingPauseRendering (424)
[2019.06.17-15.12.34:389][698]LogModuleManager: Shutting down and abandoning module LauncherPlatform (422)
[2019.06.17-15.12.34:389][698]LogModuleManager: Shutting down and abandoning module AnalyticsET (420)
[2019.06.17-15.12.34:389][698]LogModuleManager: Shutting down and abandoning module PortalServices (418)
[2019.06.17-15.12.34:389][698]LogModuleManager: Shutting down and abandoning module PortalRpc (416)
[2019.06.17-15.12.34:390][698]LogModuleManager: Shutting down and abandoning module MessagingRpc (414)
[2019.06.17-15.12.34:390][698]LogModuleManager: Shutting down and abandoning module AIModule (412)
[2019.06.17-15.12.34:390][698]LogModuleManager: Shutting down and abandoning module GameplayDebugger (411)
[2019.06.17-15.12.34:390][698]LogModuleManager: Shutting down and abandoning module AITestSuite (409)
[2019.06.17-15.12.34:390][698]LogModuleManager: Shutting down and abandoning module NavigationSystem (407)
[2019.06.17-15.12.34:390][698]LogModuleManager: Shutting down and abandoning module DesktopPlatform (404)
[2019.06.17-15.12.34:390][698]LogModuleManager: Shutting down and abandoning module ProfilerService (402)
[2019.06.17-15.12.34:566][698]LogModuleManager: Shutting down and abandoning module TaskGraph (400)
[2019.06.17-15.12.34:566][698]LogModuleManager: Shutting down and abandoning module SteamVRController (398)
[2019.06.17-15.12.34:566][698]LogModuleManager: Shutting down and abandoning module ProceduralMeshComponentEditor (396)
[2019.06.17-15.12.34:566][698]LogModuleManager: Shutting down and abandoning module ProceduralMeshComponent (394)
[2019.06.17-15.12.34:566][698]LogModuleManager: Shutting down and abandoning module OculusInput (392)
[2019.06.17-15.12.34:566][698]LogModuleManager: Shutting down and abandoning module MobilePatchingUtils (390)
[2019.06.17-15.12.34:566][698]LogModuleManager: Shutting down and abandoning module EditableMesh (388)
[2019.06.17-15.12.34:566][698]LogModuleManager: Shutting down and abandoning module CustomMeshComponent (386)
[2019.06.17-15.12.34:566][698]LogModuleManager: Shutting down and abandoning module CableComponent (384)
[2019.06.17-15.12.34:566][698]LogModuleManager: Shutting down and abandoning module AudioCapture (382)
[2019.06.17-15.12.34:566][698]LogModuleManager: Shutting down and abandoning module ArchVisCharacter (380)
[2019.06.17-15.12.34:566][698]LogModuleManager: Shutting down and abandoning module AndroidPermission (378)
[2019.06.17-15.12.34:566][698]LogModuleManager: Shutting down and abandoning module NUTUnrealEngine4 (376)
[2019.06.17-15.12.34:566][698]LogModuleManager: Shutting down and abandoning module NetcodeUnitTest (374)
[2019.06.17-15.12.34:566][698]LogModuleManager: Shutting down and abandoning module MediaCompositingEditor (372)
[2019.06.17-15.12.34:567][698]LogModuleManager: Shutting down and abandoning module MediaCompositing (370)
[2019.06.17-15.12.34:567][698]LogModuleManager: Shutting down and abandoning module LinearTimecode (368)
[2019.06.17-15.12.34:567][698]LogModuleManager: Shutting down and abandoning module ImgMedia (366)
[2019.06.17-15.12.34:569][698]LogModuleManager: Shutting down and abandoning module HTML5Networking (364)
[2019.06.17-15.12.34:569][698]LogModuleManager: Shutting down and abandoning module GeometryCacheTracks (362)
[2019.06.17-15.12.34:569][698]LogModuleManager: Shutting down and abandoning module GeometryCacheSequencer (360)
[2019.06.17-15.12.34:569][698]LogModuleManager: Shutting down and abandoning module BackChannel (358)
[2019.06.17-15.12.34:570][698]LogModuleManager: Shutting down and abandoning module AppleVision (356)
[2019.06.17-15.12.34:570][698]LogModuleManager: Shutting down and abandoning module AppleImageUtils (354)
[2019.06.17-15.12.34:570][698]LogModuleManager: Shutting down and abandoning module AlembicImporter (352)
[2019.06.17-15.12.34:570][698]LogModuleManager: Shutting down and abandoning module AlembicLibrary (351)
[2019.06.17-15.12.34:570][698]LogModuleManager: Shutting down and abandoning module GeometryCache (350)
[2019.06.17-15.12.34:570][698]LogModuleManager: Shutting down and abandoning module GeometryCacheEd (349)
[2019.06.17-15.12.34:570][698]LogModuleManager: Shutting down and abandoning module DatasmithContentEditor (344)
[2019.06.17-15.12.34:570][698]LogModuleManager: Shutting down and abandoning module DatasmithContent (342)
[2019.06.17-15.12.34:570][698]LogModuleManager: Shutting down and abandoning module SpeedTreeImporter (340)
[2019.06.17-15.12.34:570][698]LogModuleManager: Shutting down and abandoning module PluginBrowser (338)
[2019.06.17-15.12.34:570][698]LogModuleManager: Shutting down and abandoning module MobileLauncherProfileWizard (336)
[2019.06.17-15.12.34:570][698]LogModuleManager: Shutting down and abandoning module PolygonModeling (334)
[2019.06.17-15.12.34:570][698]LogModuleManager: Shutting down and abandoning module MeshEditor (332)
[2019.06.17-15.12.34:570][698]LogModuleManager: Shutting down and abandoning module CryptoKeysOpenSSL (330)
[2019.06.17-15.12.34:570][698]LogModuleManager: Shutting down and abandoning module CryptoKeys (328)
[2019.06.17-15.12.34:570][698]LogModuleManager: Shutting down and abandoning module VisualStudioSourceCodeAccess (326)
[2019.06.17-15.12.34:570][698]LogModuleManager: Shutting down and abandoning module VisualStudioCodeSourceCodeAccess (324)
[2019.06.17-15.12.34:570][698]LogModuleManager: Shutting down and abandoning module UObjectPlugin (322)
[2019.06.17-15.12.34:570][698]LogModuleManager: Shutting down and abandoning module SubversionSourceControl (320)
[2019.06.17-15.12.34:570][698]LogModuleManager: Shutting down and abandoning module PerforceSourceControl (318)
[2019.06.17-15.12.34:570][698]LogModuleManager: Shutting down and abandoning module GitSourceControl (316)
[2019.06.17-15.12.34:570][698]LogModuleManager: Shutting down and abandoning module SourceControl (315)
[2019.06.17-15.12.34:570][698]LogModuleManager: Shutting down and abandoning module CLionSourceCodeAccess (312)
[2019.06.17-15.12.34:570][698]LogModuleManager: Shutting down and abandoning module LightPropagationVolumeEditor (310)
[2019.06.17-15.12.34:570][698]LogModuleManager: Shutting down and abandoning module PaperTiledImporter (308)
[2019.06.17-15.12.34:570][698]LogModuleManager: Shutting down and abandoning module PaperSpriteSheetImporter (306)
[2019.06.17-15.12.34:570][698]LogModuleManager: Shutting down and abandoning module Paper2DEditor (304)
[2019.06.17-15.12.34:571][698]LogModuleManager: Shutting down and abandoning module MeshPaint (303)
[2019.06.17-15.12.34:571][698]LogModuleManager: Shutting down and abandoning module UE4Duino (300)
[2019.06.17-15.12.34:571][698]UE4DuinoLog: Warning: UE4Duino: Log Ended
[2019.06.17-15.12.34:571][698]LogModuleManager: Shutting down and abandoning module RuntimePhysXCooking (298)
[2019.06.17-15.12.34:571][698]LogModuleManager: Shutting down and abandoning module PhysXVehiclesEditor (296)
[2019.06.17-15.12.34:571][698]LogModuleManager: Shutting down and abandoning module PhysXVehicles (294)
[2019.06.17-15.12.34:571][698]LogModuleManager: Shutting down and abandoning module OculusEditor (292)
[2019.06.17-15.12.34:571][698]LogModuleManager: Shutting down and abandoning module LocationServicesBPLibrary (290)
[2019.06.17-15.12.34:571][698]LogModuleManager: Shutting down and abandoning module ImmediatePhysicsEditor (288)
[2019.06.17-15.12.34:571][698]LogModuleManager: Shutting down and abandoning module ImmediatePhysics (286)
[2019.06.17-15.12.34:571][698]LogModuleManager: Shutting down and abandoning module ActorSequence (284)
[2019.06.17-15.12.34:571][698]LogModuleManager: Shutting down and abandoning module UdpMessaging (282)
[2019.06.17-15.12.34:672][698]LogModuleManager: Shutting down and abandoning module TcpMessaging (280)
[2019.06.17-15.12.34:772][698]LogModuleManager: Shutting down and abandoning module MagicLeapAudio (278)
[2019.06.17-15.12.34:772][698]LogModuleManager: Shutting down and abandoning module GameplayTagsEditor (276)
[2019.06.17-15.12.34:772][698]LogModuleManager: Shutting down and abandoning module FacialAnimationEditor (274)
[2019.06.17-15.12.34:772][698]LogModuleManager: Shutting down and abandoning module FacialAnimation (272)
[2019.06.17-15.12.34:772][698]LogModuleManager: Shutting down and abandoning module DataValidation (270)
[2019.06.17-15.12.34:772][698]LogModuleManager: Shutting down and abandoning module AssetManagerEditor (268)
[2019.06.17-15.12.34:772][698]LogModuleManager: Shutting down and abandoning module LevelEditor (267)
[2019.06.17-15.12.34:772][698]LogModuleManager: Shutting down and abandoning module PixelInspectorModule (266)
[2019.06.17-15.12.34:772][698]LogModuleManager: Shutting down and abandoning module CommonMenuExtensions (264)
[2019.06.17-15.12.34:772][698]LogModuleManager: Shutting down and abandoning module MainFrame (262)
[2019.06.17-15.12.34:773][698]LogModuleManager: Shutting down and abandoning module HotReload (261)
[2019.06.17-15.12.34:773][698]LogModuleManager: Shutting down and abandoning module ContentBrowser (257)
[2019.06.17-15.12.34:774][698]LogModuleManager: Shutting down and abandoning module TreeMap (255)
[2019.06.17-15.12.34:774][698]LogModuleManager: Shutting down and abandoning module LightPropagationVolumeRuntime (252)
[2019.06.17-15.12.34:774][698]LogModuleManager: Shutting down and abandoning module AISupportModule (250)
[2019.06.17-15.12.34:774][698]LogModuleManager: Shutting down and abandoning module Paper2D (248)
[2019.06.17-15.12.34:774][698]LogModuleManager: Shutting down and abandoning module WindowsMoviePlayer (246)
[2019.06.17-15.12.34:774][698]LogModuleManager: Shutting down and abandoning module WmfMedia (244)
[2019.06.17-15.12.34:776][698]LogModuleManager: Shutting down and abandoning module Media (243)
[2019.06.17-15.12.34:782][698]LogModuleManager: Shutting down and abandoning module PacketHandler (240)
[2019.06.17-15.12.34:782][698]LogModuleManager: Shutting down and abandoning module ClothingSystemEditor (238)
[2019.06.17-15.12.34:782][698]LogModuleManager: Shutting down and abandoning module ClothingSystemRuntime (236)
[2019.06.17-15.12.34:782][698]LogModuleManager: Shutting down and abandoning module MediaAssets (234)
[2019.06.17-15.12.34:782][698]LogModuleManager: Shutting down and abandoning module Overlay (232)
[2019.06.17-15.12.34:782][698]LogModuleManager: Shutting down and abandoning module OverlayEditor (231)
[2019.06.17-15.12.34:782][698]LogModuleManager: Shutting down and abandoning module VREditor (228)
[2019.06.17-15.12.34:782][698]LogModuleManager: Shutting down and abandoning module StringTableEditor (226)
[2019.06.17-15.12.34:782][698]LogModuleManager: Shutting down and abandoning module GameplayTasksEditor (224)
[2019.06.17-15.12.34:782][698]LogModuleManager: Shutting down and abandoning module BehaviorTreeEditor (222)
[2019.06.17-15.12.34:782][698]LogModuleManager: Shutting down and abandoning module FunctionalTesting (220)
[2019.06.17-15.12.34:782][698]LogModuleManager: Shutting down and abandoning module CollisionAnalyzer (218)
[2019.06.17-15.12.34:783][698]LogModuleManager: Shutting down and abandoning module WorkspaceMenuStructure (217)
[2019.06.17-15.12.34:783][698]LogModuleManager: Shutting down and abandoning module UMG (214)
[2019.06.17-15.12.34:783][698]LogModuleManager: Shutting down and abandoning module UMGEditor (213)
[2019.06.17-15.12.34:783][698]LogModuleManager: Shutting down and abandoning module Sequencer (212)
[2019.06.17-15.12.34:783][698]LogModuleManager: Shutting down and abandoning module MessageLog (209)
[2019.06.17-15.12.34:783][698]LogModuleManager: Shutting down and abandoning module SlateReflector (204)
[2019.06.17-15.12.34:783][698]LogModuleManager: Shutting down and abandoning module Slate (202)
[2019.06.17-15.12.34:783][698]LogModuleManager: Shutting down and abandoning module EditorStyle (200)
[2019.06.17-15.12.34:785][698]LogModuleManager: Shutting down and abandoning module MRMesh (198)
[2019.06.17-15.12.34:785][698]LogModuleManager: Shutting down and abandoning module SourceCodeAccess (196)
[2019.06.17-15.12.34:785][698]LogModuleManager: Shutting down and abandoning module HeadMountedDisplay (194)
[2019.06.17-15.12.34:785][698]LogModuleManager: Shutting down and abandoning module XAudio2 (192)
[2019.06.17-15.12.34:785][698]LogModuleManager: Shutting down and abandoning module Networking (190)
[2019.06.17-15.12.34:785][698]LogModuleManager: Shutting down and abandoning module Core (188)
[2019.06.17-15.12.34:785][698]LogModuleManager: Shutting down and abandoning module LevelSequence (186)
[2019.06.17-15.12.34:785][698]LogModuleManager: Shutting down and abandoning module KismetCompiler (184)
[2019.06.17-15.12.34:785][698]LogModuleManager: Shutting down and abandoning module MeshUtilities (182)
[2019.06.17-15.12.34:785][698]LogModuleManager: Shutting down and abandoning module MeshMergeUtilities (181)
[2019.06.17-15.12.34:785][698]LogModuleManager: Shutting down and abandoning module MeshReductionInterface (180)
[2019.06.17-15.12.34:785][698]LogModuleManager: Shutting down and abandoning module SimplygonSwarm (179)
[2019.06.17-15.12.34:785][698]LogModuleManager: Shutting down and abandoning module ProxyLODMeshReduction (177)
[2019.06.17-15.12.34:785][698]LogModuleManager: Shutting down and abandoning module SimplygonMeshReduction (175)
[2019.06.17-15.12.34:785][698]LogModuleManager: Shutting down and abandoning module QuadricMeshReduction (173)
[2019.06.17-15.12.34:785][698]LogModuleManager: Shutting down and abandoning module MaterialBaking (169)
[2019.06.17-15.12.34:785][698]LogModuleManager: Shutting down and abandoning module DirectoryWatcher (165)
[2019.06.17-15.12.34:785][698]LogModuleManager: Shutting down and abandoning module DerivedDataCache (162)
[2019.06.17-15.12.35:138][698]LogDerivedDataCache: Shutdown
[2019.06.17-15.12.35:139][698]LogModuleManager: Shutting down and abandoning module XGEController (160)
[2019.06.17-15.12.35:139][698]LogXGEController: Cleaning working directory: C:/Users/Gebruiker/AppData/Local/Temp/UnrealXGEWorkingDir/
[2019.06.17-15.12.35:139][698]LogModuleManager: Shutting down and abandoning module TargetPlatform (158)
[2019.06.17-15.12.35:139][698]LogModuleManager: Shutting down and abandoning module VulkanShaderFormat (157)
[2019.06.17-15.12.35:139][698]LogModuleManager: Shutting down and abandoning module ShaderFormatVectorVM (155)
[2019.06.17-15.12.35:139][698]LogModuleManager: Shutting down and abandoning module ShaderFormatOpenGL (153)
[2019.06.17-15.12.35:139][698]LogModuleManager: Shutting down and abandoning module ShaderFormatD3D (151)
[2019.06.17-15.12.35:139][698]LogModuleManager: Shutting down and abandoning module MetalShaderFormat (149)
[2019.06.17-15.12.35:139][698]LogModuleManager: Shutting down and abandoning module TextureFormatUncompressed (147)
[2019.06.17-15.12.35:139][698]LogModuleManager: Shutting down and abandoning module TextureFormatPVR (145)
[2019.06.17-15.12.35:139][698]LogModuleManager: Shutting down and abandoning module TextureFormatDXT (143)
[2019.06.17-15.12.35:139][698]LogModuleManager: Shutting down and abandoning module TextureFormatIntelISPCTexComp (141)
[2019.06.17-15.12.35:139][698]LogModuleManager: Shutting down and abandoning module TextureFormatASTC (139)
[2019.06.17-15.12.35:139][698]LogModuleManager: Shutting down and abandoning module ImageWrapper (138)
[2019.06.17-15.12.35:139][698]LogModuleManager: Shutting down and abandoning module TextureFormatAndroid (135)
[2019.06.17-15.12.35:139][698]LogModuleManager: Shutting down and abandoning module AudioFormatOpus (133)
[2019.06.17-15.12.35:139][698]LogModuleManager: Shutting down and abandoning module AudioFormatOgg (131)
[2019.06.17-15.12.35:139][698]LogModuleManager: Shutting down and abandoning module AudioFormatADPCM (129)
[2019.06.17-15.12.35:139][698]LogModuleManager: Shutting down and abandoning module LuminTargetPlatform (127)
[2019.06.17-15.12.35:139][698]LogModuleManager: Shutting down and abandoning module LinuxTargetPlatform (125)
[2019.06.17-15.12.35:139][698]LogModuleManager: Shutting down and abandoning module LinuxServerTargetPlatform (123)
[2019.06.17-15.12.35:139][698]LogModuleManager: Shutting down and abandoning module LinuxNoEditorTargetPlatform (121)
[2019.06.17-15.12.35:139][698]LogModuleManager: Shutting down and abandoning module LinuxClientTargetPlatform (119)
[2019.06.17-15.12.35:139][698]LogModuleManager: Shutting down and abandoning module TVOSTargetPlatform (117)
[2019.06.17-15.12.35:140][698]LogModuleManager: Shutting down and abandoning module Messaging (115)
[2019.06.17-15.12.35:140][698]LogModuleManager: Shutting down and abandoning module IOSTargetPlatform (113)
[2019.06.17-15.12.35:141][698]LogModuleManager: Shutting down and abandoning module HTML5TargetPlatform (111)
[2019.06.17-15.12.35:141][698]LogModuleManager: Shutting down and abandoning module AndroidTargetPlatform (109)
[2019.06.17-15.12.35:146][698]LogModuleManager: Shutting down and abandoning module WindowsTargetPlatform (107)
[2019.06.17-15.12.35:146][698]LogModuleManager: Shutting down and abandoning module WindowsServerTargetPlatform (105)
[2019.06.17-15.12.35:146][698]LogModuleManager: Shutting down and abandoning module WindowsNoEditorTargetPlatform (103)
[2019.06.17-15.12.35:146][698]LogModuleManager: Shutting down and abandoning module WindowsClientTargetPlatform (101)
[2019.06.17-15.12.35:146][698]LogModuleManager: Shutting down and abandoning module MacTargetPlatform (99)
[2019.06.17-15.12.35:146][698]LogModuleManager: Shutting down and abandoning module MacServerTargetPlatform (97)
[2019.06.17-15.12.35:146][698]LogModuleManager: Shutting down and abandoning module MacNoEditorTargetPlatform (95)
[2019.06.17-15.12.35:146][698]LogModuleManager: Shutting down and abandoning module MacClientTargetPlatform (93)
[2019.06.17-15.12.35:146][698]LogModuleManager: Shutting down and abandoning module AllDesktopTargetPlatform (91)
[2019.06.17-15.12.35:146][698]LogModuleManager: Shutting down and abandoning module InputCore (88)
[2019.06.17-15.12.35:146][698]LogModuleManager: Shutting down and abandoning module Settings (86)
[2019.06.17-15.12.35:146][698]LogModuleManager: Shutting down and abandoning module PhysXCooking (84)
[2019.06.17-15.12.35:146][698]LogModuleManager: Shutting down and abandoning module SteamVR (82)
[2019.06.17-15.12.35:146][698]LogModuleManager: Shutting down and abandoning module OculusHMD (80)
[2019.06.17-15.12.35:146][698]LogModuleManager: Shutting down and abandoning module ExampleDeviceProfileSelector (78)
[2019.06.17-15.12.35:146][698]LogModuleManager: Shutting down and abandoning module LauncherChunkInstaller (76)
[2019.06.17-15.12.35:146][698]LogModuleManager: Shutting down and abandoning module OnlineBlueprintSupport (74)
[2019.06.17-15.12.35:146][698]LogModuleManager: Shutting down and abandoning module OnlineSubsystem (70)
[2019.06.17-15.12.35:147][698]LogModuleManager: Shutting down and abandoning module XMPP (65)
[2019.06.17-15.12.35:147][698]LogModuleManager: Shutting down and abandoning module WebSockets (64)
[2019.06.17-15.12.35:173][698]LogModuleManager: Shutting down and abandoning module HTTP (61)
[2019.06.17-15.12.35:173][698]LogHttp: Display: Http module shutting down, but needs to wait on 1 outstanding Http requests:
[2019.06.17-15.12.35:173][698]LogHttp: Display: 	verb=[POST] url=[https://datarouter.ol.epicgames.com/datarouter/api/v1/public/data?SessionID=%7B3612E195-4790-2393-0E71-CDBB8087D446%7D&AppID=UEEditor.Rocket.Release&AppVersion=4.20.3-4369336%2B%2B%2BUE4%2BRelease-4.20&UserID=bd785568421011ef84c4a7a36dd42c99%7C279704fdbdad48a49cb35b14ba89c577%7C410a1208-8211-4152-b7b0-5ed412cd5049&AppEnvironment=datacollector-binary&UploadType=eteventstream] status=Processing
[2019.06.17-15.12.35:198][698]LogModuleManager: Shutting down and abandoning module SSL (60)
[2019.06.17-15.12.35:199][698]LogModuleManager: Shutting down and abandoning module MagicLeapEmulator (56)
[2019.06.17-15.12.35:199][698]LogModuleManager: Shutting down and abandoning module MagicLeapPrivileges (54)
[2019.06.17-15.12.35:199][698]LogModuleManager: Shutting down and abandoning module MagicLeapIdentity (52)
[2019.06.17-15.12.35:199][698]LogModuleManager: Shutting down and abandoning module MagicLeapHelperVulkan (50)
[2019.06.17-15.12.35:199][698]LogModuleManager: Shutting down and abandoning module MagicLeapHelperOpenGL (48)
[2019.06.17-15.12.35:199][698]LogModuleManager: Shutting down and abandoning module MagicLeapSecureStorage (46)
[2019.06.17-15.12.35:199][698]LogModuleManager: Shutting down and abandoning module MagicLeapGestures (44)
[2019.06.17-15.12.35:199][698]LogModuleManager: Shutting down and abandoning module MagicLeapEyeTracker (42)
[2019.06.17-15.12.35:199][698]LogModuleManager: Shutting down and abandoning module MagicLeapController (40)
[2019.06.17-15.12.35:199][698]LogSlate: Slate User Destroyed.  User Index 0, Is Virtual User: 0
[2019.06.17-15.12.35:199][698]LogModuleManager: Shutting down and abandoning module MagicLeap (38)
[2019.06.17-15.12.35:199][698]LogModuleManager: Shutting down and abandoning module AnimationModifiers (36)
[2019.06.17-15.12.35:199][698]LogModuleManager: Shutting down and abandoning module PropertyEditor (35)
[2019.06.17-15.12.35:199][698]LogModuleManager: Shutting down and abandoning module AudioEditor (32)
[2019.06.17-15.12.35:199][698]LogModuleManager: Shutting down and abandoning module TextureCompressor (30)
[2019.06.17-15.12.35:200][698]LogModuleManager: Shutting down and abandoning module ShaderCore (28)
[2019.06.17-15.12.35:200][698]LogModuleManager: Shutting down and abandoning module Landscape (26)
[2019.06.17-15.12.35:200][698]LogModuleManager: Shutting down and abandoning module SlateRHIRenderer (24)
[2019.06.17-15.12.35:200][698]LogModuleManager: Shutting down and abandoning module OpenGLDrv (22)
[2019.06.17-15.12.35:200][698]LogModuleManager: Shutting down and abandoning module D3D11RHI (20)
[2019.06.17-15.12.35:200][698]LogModuleManager: Shutting down and abandoning module AnimGraphRuntime (18)
[2019.06.17-15.12.35:200][698]LogModuleManager: Shutting down and abandoning module Renderer (16)
[2019.06.17-15.12.35:200][698]LogModuleManager: Shutting down and abandoning module Engine (14)
[2019.06.17-15.12.35:200][698]LogModuleManager: Shutting down and abandoning module CoreUObject (12)
[2019.06.17-15.12.35:200][698]LogModuleManager: Shutting down and abandoning module NetworkFile (10)
[2019.06.17-15.12.35:200][698]LogModuleManager: Shutting down and abandoning module CookedIterativeFile (8)
[2019.06.17-15.12.35:200][698]LogModuleManager: Shutting down and abandoning module StreamingFile (6)
[2019.06.17-15.12.35:200][698]LogModuleManager: Shutting down and abandoning module SandboxFile (4)
[2019.06.17-15.12.35:200][698]LogModuleManager: Shutting down and abandoning module PakFile (2)
[2019.06.17-15.12.35:207][698]LogExit: Exiting.
[2019.06.17-15.12.35:229][698]Log file closed, 06/17/19 17:12:35
